2020-12-05 11:37:35,855 %number of tasks running=% 0 %tasks completed=%0
2020-12-05 11:37:36,867 %number of tasks running=% 0 %tasks completed=%0
2020-12-05 11:37:37,873 %number of tasks running=% 0 %tasks completed=%0
2020-12-05 11:37:38,886 %number of tasks running=% 0 %tasks completed=%0
2020-12-05 11:37:39,901 %number of tasks running=% 0 %tasks completed=%0
2020-12-05 11:37:40,916 %number of tasks running=% 0 %tasks completed=%0
2020-12-05 11:37:41,933 %number of tasks running=% 0 %tasks completed=%0
2020-12-05 11:37:42,947 %number of tasks running=% 0 %tasks completed=%0
2020-12-05 11:37:43,963 %number of tasks running=% 0 %tasks completed=%0
2020-12-05 11:37:44,980 %number of tasks running=% 0 %tasks completed=%0
2020-12-05 11:37:45,646 %TASK RECEIVED%{"task_id": "1_M0", "duration": 3, "status": 1}
2020-12-05 11:37:45,994 %number of tasks running=% 1 %tasks completed=%0
2020-12-05 11:37:46,996 %TASK RECEIVED%{"task_id": "2_M1", "duration": 2, "status": 1}
2020-12-05 11:37:47,008 %number of tasks running=% 2 %tasks completed=%0
2020-12-05 11:37:47,206 %TASK RECEIVED%{"task_id": "3_M0", "duration": 1, "status": 1}
2020-12-05 11:37:48,019 %TASK COMPLETED%{'task_id': '1_M0', 'duration': 0, 'status': 2}
2020-12-05 11:37:48,031 %TASK COMPLETED%{'task_id': '2_M1', 'duration': 0, 'status': 2}
2020-12-05 11:37:48,032 %TASK COMPLETED%{'task_id': '3_M0', 'duration': 0, 'status': 2}
2020-12-05 11:37:48,032 %number of tasks running=% 0 %tasks completed=%3
2020-12-05 11:37:48,032 %MESSAGE TO MASTER b'{"task_id": "1_M0", "duration": 0, "status": 2, "worker_id": 1}'
2020-12-05 11:37:48,033 %MESSAGE TO MASTER b'{"task_id": "2_M1", "duration": 0, "status": 2, "worker_id": 1}'
2020-12-05 11:37:48,033 %MESSAGE TO MASTER b'{"task_id": "3_M0", "duration": 0, "status": 2, "worker_id": 1}'
2020-12-05 11:37:48,133 %TASK RECEIVED%{"task_id": "0_R0", "duration": 1, "status": 0}
2020-12-05 11:37:48,151 %TASK RECEIVED%{"task_id": "1_R0", "duration": 2, "status": 0}
2020-12-05 11:37:48,169 %TASK RECEIVED%{"task_id": "1_R1", "duration": 2, "status": 0}
2020-12-05 11:37:49,041 %TASK COMPLETED%{'task_id': '0_R0', 'duration': 0, 'status': 2}
2020-12-05 11:37:49,047 %number of tasks running=% 2 %tasks completed=%4
2020-12-05 11:37:49,048 %MESSAGE TO MASTER b'{"task_id": "0_R0", "duration": 0, "status": 2, "worker_id": 1}'
2020-12-05 11:37:50,055 %TASK COMPLETED%{'task_id': '1_R0', 'duration': 0, 'status': 2}
2020-12-05 11:37:50,091 %TASK COMPLETED%{'task_id': '1_R1', 'duration': 0, 'status': 2}
2020-12-05 11:37:50,092 %MESSAGE TO MASTER b'{"task_id": "1_R0", "duration": 0, "status": 2, "worker_id": 1}'
2020-12-05 11:37:50,098 %number of tasks running=% 0 %tasks completed=%6
2020-12-05 11:37:50,098 %MESSAGE TO MASTER b'{"task_id": "1_R1", "duration": 0, "status": 2, "worker_id": 1}'
2020-12-05 11:37:50,172 %TASK RECEIVED%{"task_id": "5_M0", "duration": 2, "status": 1}
2020-12-05 11:37:50,184 %TASK RECEIVED%{"task_id": "2_R1", "duration": 1, "status": 0}
2020-12-05 11:37:50,207 %TASK RECEIVED%{"task_id": "5_M2", "duration": 1, "status": 1}
2020-12-05 11:37:51,103 %TASK COMPLETED%{'task_id': '2_R1', 'duration': 0, 'status': 2}
2020-12-05 11:37:51,109 %TASK COMPLETED%{'task_id': '5_M2', 'duration': 0, 'status': 2}
2020-12-05 11:37:51,110 %MESSAGE TO MASTER b'{"task_id": "2_R1", "duration": 0, "status": 2, "worker_id": 1}'
2020-12-05 11:37:51,121 %number of tasks running=% 1 %tasks completed=%8
2020-12-05 11:37:51,122 %MESSAGE TO MASTER b'{"task_id": "5_M2", "duration": 0, "status": 2, "worker_id": 1}'
2020-12-05 11:37:51,193 %TASK RECEIVED%{"task_id": "4_R1", "duration": 4, "status": 0}
2020-12-05 11:37:52,129 %TASK COMPLETED%{'task_id': '5_M0', 'duration': 0, 'status': 2}
2020-12-05 11:37:52,141 %number of tasks running=% 1 %tasks completed=%9
2020-12-05 11:37:52,142 %MESSAGE TO MASTER b'{"task_id": "5_M0", "duration": 0, "status": 2, "worker_id": 1}'
2020-12-05 11:37:52,419 %TASK RECEIVED%{"task_id": "6_M0", "duration": 4, "status": 1}
2020-12-05 11:37:52,629 %TASK RECEIVED%{"task_id": "7_M0", "duration": 2, "status": 1}
2020-12-05 11:37:52,829 %TASK RECEIVED%{"task_id": "8_M0", "duration": 2, "status": 1}
2020-12-05 11:37:52,847 %TASK RECEIVED%{"task_id": "8_M2", "duration": 3, "status": 1}
2020-12-05 11:37:53,147 %number of tasks running=% 5 %tasks completed=%9
2020-12-05 11:37:54,156 %TASK COMPLETED%{'task_id': '7_M0', 'duration': 0, 'status': 2}
2020-12-05 11:37:54,189 %TASK COMPLETED%{'task_id': '8_M0', 'duration': 0, 'status': 2}
2020-12-05 11:37:54,191 %MESSAGE TO MASTER b'{"task_id": "7_M0", "duration": 0, "status": 2, "worker_id": 1}'
2020-12-05 11:37:54,201 %number of tasks running=% 3 %tasks completed=%11
2020-12-05 11:37:54,202 %MESSAGE TO MASTER b'{"task_id": "8_M0", "duration": 0, "status": 2, "worker_id": 1}'
2020-12-05 11:37:54,452 %TASK RECEIVED%{"task_id": "11_M1", "duration": 1, "status": 1}
2020-12-05 11:37:54,477 %TASK RECEIVED%{"task_id": "11_M2", "duration": 1, "status": 1}
2020-12-05 11:37:55,211 %TASK COMPLETED%{'task_id': '4_R1', 'duration': 0, 'status': 2}
2020-12-05 11:37:55,228 %TASK COMPLETED%{'task_id': '8_M2', 'duration': 0, 'status': 2}
2020-12-05 11:37:55,229 %MESSAGE TO MASTER b'{"task_id": "4_R1", "duration": 0, "status": 2, "worker_id": 1}'
2020-12-05 11:37:55,235 %TASK COMPLETED%{'task_id': '11_M1', 'duration': 0, 'status': 2}
2020-12-05 11:37:55,236 %MESSAGE TO MASTER b'{"task_id": "8_M2", "duration": 0, "status": 2, "worker_id": 1}'
2020-12-05 11:37:55,236 %TASK COMPLETED%{'task_id': '11_M2', 'duration': 0, 'status': 2}
2020-12-05 11:37:55,239 %MESSAGE TO MASTER b'{"task_id": "11_M1", "duration": 0, "status": 2, "worker_id": 1}'
2020-12-05 11:37:55,239 %number of tasks running=% 1 %tasks completed=%15
2020-12-05 11:37:55,241 %MESSAGE TO MASTER b'{"task_id": "11_M2", "duration": 0, "status": 2, "worker_id": 1}'
2020-12-05 11:37:55,454 %TASK RECEIVED%{"task_id": "13_M0", "duration": 2, "status": 1}
2020-12-05 11:37:55,478 %TASK RECEIVED%{"task_id": "7_R0", "duration": 3, "status": 0}
2020-12-05 11:37:55,495 %TASK RECEIVED%{"task_id": "8_R0", "duration": 1, "status": 0}
2020-12-05 11:37:55,515 %TASK RECEIVED%{"task_id": "10_R1", "duration": 3, "status": 0}
2020-12-05 11:37:56,246 %TASK COMPLETED%{'task_id': '6_M0', 'duration': 0, 'status': 2}
2020-12-05 11:37:56,246 %TASK COMPLETED%{'task_id': '8_R0', 'duration': 0, 'status': 2}
2020-12-05 11:37:56,247 %MESSAGE TO MASTER b'{"task_id": "6_M0", "duration": 0, "status": 2, "worker_id": 1}'
2020-12-05 11:37:56,259 %number of tasks running=% 3 %tasks completed=%17
2020-12-05 11:37:56,260 %MESSAGE TO MASTER b'{"task_id": "8_R0", "duration": 0, "status": 2, "worker_id": 1}'
2020-12-05 11:37:56,671 %TASK RECEIVED%{"task_id": "6_R1", "duration": 4, "status": 0}
2020-12-05 11:37:56,684 %TASK RECEIVED%{"task_id": "9_R1", "duration": 3, "status": 0}
2020-12-05 11:37:57,267 %TASK COMPLETED%{'task_id': '13_M0', 'duration': 0, 'status': 2}
2020-12-05 11:37:57,279 %number of tasks running=% 4 %tasks completed=%18
2020-12-05 11:37:57,280 %MESSAGE TO MASTER b'{"task_id": "13_M0", "duration": 0, "status": 2, "worker_id": 1}'
2020-12-05 11:37:57,891 %TASK RECEIVED%{"task_id": "13_R0", "duration": 4, "status": 0}
2020-12-05 11:37:58,290 %TASK COMPLETED%{'task_id': '7_R0', 'duration': 0, 'status': 2}
2020-12-05 11:37:58,290 %TASK COMPLETED%{'task_id': '10_R1', 'duration': 0, 'status': 2}
2020-12-05 11:37:58,290 %MESSAGE TO MASTER b'{"task_id": "7_R0", "duration": 0, "status": 2, "worker_id": 1}'
2020-12-05 11:37:58,296 %number of tasks running=% 3 %tasks completed=%20
2020-12-05 11:37:58,296 %MESSAGE TO MASTER b'{"task_id": "10_R1", "duration": 0, "status": 2, "worker_id": 1}'
2020-12-05 11:37:58,894 %TASK RECEIVED%{"task_id": "16_M2", "duration": 4, "status": 1}
2020-12-05 11:37:58,912 %TASK RECEIVED%{"task_id": "18_M0", "duration": 3, "status": 1}
2020-12-05 11:37:59,302 %TASK COMPLETED%{'task_id': '9_R1', 'duration': 0, 'status': 2}
2020-12-05 11:37:59,315 %number of tasks running=% 4 %tasks completed=%21
2020-12-05 11:37:59,316 %MESSAGE TO MASTER b'{"task_id": "9_R1", "duration": 0, "status": 2, "worker_id": 1}'
2020-12-05 11:37:59,900 %TASK RECEIVED%{"task_id": "11_R1", "duration": 3, "status": 0}
2020-12-05 11:38:00,321 %TASK COMPLETED%{'task_id': '6_R1', 'duration': 0, 'status': 2}
2020-12-05 11:38:00,334 %number of tasks running=% 4 %tasks completed=%22
2020-12-05 11:38:00,335 %MESSAGE TO MASTER b'{"task_id": "6_R1", "duration": 0, "status": 2, "worker_id": 1}'
2020-12-05 11:38:00,910 %TASK RECEIVED%{"task_id": "15_R0", "duration": 4, "status": 0}
2020-12-05 11:38:01,345 %TASK COMPLETED%{'task_id': '13_R0', 'duration': 0, 'status': 2}
2020-12-05 11:38:01,357 %TASK COMPLETED%{'task_id': '18_M0', 'duration': 0, 'status': 2}
2020-12-05 11:38:01,358 %MESSAGE TO MASTER b'{"task_id": "13_R0", "duration": 0, "status": 2, "worker_id": 1}'
2020-12-05 11:38:01,364 %number of tasks running=% 3 %tasks completed=%24
2020-12-05 11:38:01,365 %MESSAGE TO MASTER b'{"task_id": "18_M0", "duration": 0, "status": 2, "worker_id": 1}'
2020-12-05 11:38:02,375 %TASK COMPLETED%{'task_id': '16_M2', 'duration': 0, 'status': 2}
2020-12-05 11:38:02,376 %TASK COMPLETED%{'task_id': '11_R1', 'duration': 0, 'status': 2}
2020-12-05 11:38:02,376 %MESSAGE TO MASTER b'{"task_id": "16_M2", "duration": 0, "status": 2, "worker_id": 1}'
2020-12-05 11:38:02,388 %number of tasks running=% 1 %tasks completed=%26
2020-12-05 11:38:02,388 %MESSAGE TO MASTER b'{"task_id": "11_R1", "duration": 0, "status": 2, "worker_id": 1}'
2020-12-05 11:38:02,449 %TASK RECEIVED%{"task_id": "16_R1", "duration": 3, "status": 0}
2020-12-05 11:38:02,471 %TASK RECEIVED%{"task_id": "19_R1", "duration": 3, "status": 0}
2020-12-05 11:38:03,398 %number of tasks running=% 3 %tasks completed=%26
2020-12-05 11:38:04,405 %TASK COMPLETED%{'task_id': '15_R0', 'duration': 0, 'status': 2}
2020-12-05 11:38:04,406 %number of tasks running=% 2 %tasks completed=%27
2020-12-05 11:38:04,406 %MESSAGE TO MASTER b'{"task_id": "15_R0", "duration": 0, "status": 2, "worker_id": 1}'
2020-12-05 11:38:05,416 %TASK COMPLETED%{'task_id': '16_R1', 'duration': 0, 'status': 2}
2020-12-05 11:38:05,416 %TASK COMPLETED%{'task_id': '19_R1', 'duration': 0, 'status': 2}
2020-12-05 11:38:05,417 %MESSAGE TO MASTER b'{"task_id": "16_R1", "duration": 0, "status": 2, "worker_id": 1}'
2020-12-05 11:38:05,429 %number of tasks running=% 0 %tasks completed=%29
2020-12-05 11:38:05,430 %MESSAGE TO MASTER b'{"task_id": "19_R1", "duration": 0, "status": 2, "worker_id": 1}'
2020-12-05 11:38:06,438 %number of tasks running=% 0 %tasks completed=%29
2020-12-05 11:38:07,445 %number of tasks running=% 0 %tasks completed=%29
2020-12-05 11:38:08,458 %number of tasks running=% 0 %tasks completed=%29
2020-12-05 11:38:09,475 %number of tasks running=% 0 %tasks completed=%29
