2020-12-05 11:11:56,407 %number of tasks running=% 0 %tasks completed=%0
2020-12-05 11:11:57,425 %number of tasks running=% 0 %tasks completed=%0
2020-12-05 11:11:58,437 %number of tasks running=% 0 %tasks completed=%0
2020-12-05 11:11:59,450 %number of tasks running=% 0 %tasks completed=%0
2020-12-05 11:12:00,468 %number of tasks running=% 0 %tasks completed=%0
2020-12-05 11:12:01,481 %number of tasks running=% 0 %tasks completed=%0
2020-12-05 11:12:02,494 %number of tasks running=% 0 %tasks completed=%0
2020-12-05 11:12:03,511 %number of tasks running=% 0 %tasks completed=%0
2020-12-05 11:12:04,129 %TASK RECEIVED%{"task_id": "0_M0", "duration": 3, "status": 1}
2020-12-05 11:12:04,236 %TASK RECEIVED%{"task_id": "0_M1", "duration": 4, "status": 1}
2020-12-05 11:12:04,526 %number of tasks running=% 0 %tasks completed=%0
2020-12-05 11:12:04,949 %TASK RECEIVED%{"task_id": "1_M0", "duration": 3, "status": 1}
2020-12-05 11:12:05,541 %number of tasks running=% 2 %tasks completed=%0
2020-12-05 11:12:06,177 %TASK RECEIVED%{"task_id": "2_M0", "duration": 4, "status": 1}
2020-12-05 11:12:06,281 %TASK RECEIVED%{"task_id": "2_M1", "duration": 2, "status": 1}
2020-12-05 11:12:06,557 %number of tasks running=% 3 %tasks completed=%0
2020-12-05 11:12:07,569 %TASK COMPLETED%{'task_id': '0_M0', 'duration': 0, 'status': 2}
2020-12-05 11:12:07,576 %number of tasks running=% 4 %tasks completed=%1
2020-12-05 11:12:07,576 %MESSAGE TO MASTER b'{"task_id": "0_M0", "duration": 0, "status": 2, "worker_id": 1}'
2020-12-05 11:12:08,439 %TASK RECEIVED%{"task_id": "3_R0", "duration": 3, "status": 0}
2020-12-05 11:12:08,587 %TASK COMPLETED%{'task_id': '0_M1', 'duration': 0, 'status': 2}
2020-12-05 11:12:08,603 %TASK COMPLETED%{'task_id': '1_M0', 'duration': 0, 'status': 2}
2020-12-05 11:12:08,603 %TASK COMPLETED%{'task_id': '2_M1', 'duration': 0, 'status': 2}
2020-12-05 11:12:08,603 %number of tasks running=% 1 %tasks completed=%4
2020-12-05 11:12:08,604 %MESSAGE TO MASTER b'{"task_id": "0_M1", "duration": 0, "status": 2, "worker_id": 1}'
2020-12-05 11:12:08,605 %MESSAGE TO MASTER b'{"task_id": "1_M0", "duration": 0, "status": 2, "worker_id": 1}'
2020-12-05 11:12:08,605 %MESSAGE TO MASTER b'{"task_id": "2_M1", "duration": 0, "status": 2, "worker_id": 1}'
2020-12-05 11:12:08,643 %TASK RECEIVED%{"task_id": "0_R0", "duration": 1, "status": 0}
2020-12-05 11:12:09,462 %TASK RECEIVED%{"task_id": "5_M0", "duration": 2, "status": 1}
2020-12-05 11:12:09,563 %TASK RECEIVED%{"task_id": "5_M1", "duration": 3, "status": 1}
2020-12-05 11:12:09,614 %number of tasks running=% 2 %tasks completed=%4
2020-12-05 11:12:10,624 %TASK COMPLETED%{'task_id': '2_M0', 'duration': 0, 'status': 2}
2020-12-05 11:12:10,643 %TASK COMPLETED%{'task_id': '0_R0', 'duration': 0, 'status': 2}
2020-12-05 11:12:10,643 %MESSAGE TO MASTER b'{"task_id": "2_M0", "duration": 0, "status": 2, "worker_id": 1}'
2020-12-05 11:12:10,650 %number of tasks running=% 3 %tasks completed=%6
2020-12-05 11:12:10,650 %MESSAGE TO MASTER b'{"task_id": "0_R0", "duration": 0, "status": 2, "worker_id": 1}'
2020-12-05 11:12:10,690 %TASK RECEIVED%{"task_id": "2_R0", "duration": 4, "status": 0}
2020-12-05 11:12:11,660 %TASK COMPLETED%{'task_id': '3_R0', 'duration': 0, 'status': 2}
2020-12-05 11:12:11,660 %TASK COMPLETED%{'task_id': '5_M0', 'duration': 0, 'status': 2}
2020-12-05 11:12:11,661 %MESSAGE TO MASTER b'{"task_id": "3_R0", "duration": 0, "status": 2, "worker_id": 1}'
2020-12-05 11:12:11,680 %number of tasks running=% 1 %tasks completed=%8
2020-12-05 11:12:11,680 %MESSAGE TO MASTER b'{"task_id": "5_M0", "duration": 0, "status": 2, "worker_id": 1}'
2020-12-05 11:12:11,812 %TASK RECEIVED%{"task_id": "6_M0", "duration": 4, "status": 1}
2020-12-05 11:12:11,923 %TASK RECEIVED%{"task_id": "6_M1", "duration": 3, "status": 1}
2020-12-05 11:12:12,020 %TASK RECEIVED%{"task_id": "7_M1", "duration": 3, "status": 1}
2020-12-05 11:12:12,691 %TASK COMPLETED%{'task_id': '5_M1', 'duration': 0, 'status': 2}
2020-12-05 11:12:12,709 %number of tasks running=% 1 %tasks completed=%9
2020-12-05 11:12:12,710 %MESSAGE TO MASTER b'{"task_id": "5_M1", "duration": 0, "status": 2, "worker_id": 1}'
2020-12-05 11:12:12,749 %TASK RECEIVED%{"task_id": "5_R0", "duration": 2, "status": 0}
2020-12-05 11:12:13,719 %number of tasks running=% 4 %tasks completed=%9
2020-12-05 11:12:14,732 %number of tasks running=% 5 %tasks completed=%9
2020-12-05 11:12:15,749 %TASK COMPLETED%{'task_id': '2_R0', 'duration': 0, 'status': 2}
2020-12-05 11:12:15,773 %TASK COMPLETED%{'task_id': '6_M1', 'duration': 0, 'status': 2}
2020-12-05 11:12:15,773 %TASK COMPLETED%{'task_id': '7_M1', 'duration': 0, 'status': 2}
2020-12-05 11:12:15,773 %TASK COMPLETED%{'task_id': '5_R0', 'duration': 0, 'status': 2}
2020-12-05 11:12:15,774 %MESSAGE TO MASTER b'{"task_id": "2_R0", "duration": 0, "status": 2, "worker_id": 1}'
2020-12-05 11:12:15,775 %MESSAGE TO MASTER b'{"task_id": "6_M1", "duration": 0, "status": 2, "worker_id": 1}'
2020-12-05 11:12:15,775 %MESSAGE TO MASTER b'{"task_id": "7_M1", "duration": 0, "status": 2, "worker_id": 1}'
2020-12-05 11:12:15,781 %number of tasks running=% 1 %tasks completed=%13
2020-12-05 11:12:15,781 %MESSAGE TO MASTER b'{"task_id": "5_R0", "duration": 0, "status": 2, "worker_id": 1}'
2020-12-05 11:12:15,876 %TASK RECEIVED%{"task_id": "12_M0", "duration": 3, "status": 1}
2020-12-05 11:12:15,894 %TASK RECEIVED%{"task_id": "12_M1", "duration": 1, "status": 1}
2020-12-05 11:12:15,913 %TASK RECEIVED%{"task_id": "14_M0", "duration": 2, "status": 1}
2020-12-05 11:12:15,937 %TASK RECEIVED%{"task_id": "14_M2", "duration": 3, "status": 1}
2020-12-05 11:12:16,790 %TASK COMPLETED%{'task_id': '6_M0', 'duration': 0, 'status': 2}
2020-12-05 11:12:16,803 %number of tasks running=% 0 %tasks completed=%14
2020-12-05 11:12:16,804 %MESSAGE TO MASTER b'{"task_id": "6_M0", "duration": 0, "status": 2, "worker_id": 1}'
2020-12-05 11:12:16,876 %TASK RECEIVED%{"task_id": "7_R1", "duration": 2, "status": 0}
2020-12-05 11:12:17,811 %TASK COMPLETED%{'task_id': '12_M1', 'duration': 0, 'status': 2}
2020-12-05 11:12:17,824 %number of tasks running=% 3 %tasks completed=%15
2020-12-05 11:12:17,824 %MESSAGE TO MASTER b'{"task_id": "12_M1", "duration": 0, "status": 2, "worker_id": 1}'
2020-12-05 11:12:17,886 %TASK RECEIVED%{"task_id": "15_M0", "duration": 4, "status": 1}
2020-12-05 11:12:18,835 %TASK COMPLETED%{'task_id': '14_M0', 'duration': 0, 'status': 2}
2020-12-05 11:12:18,842 %number of tasks running=% 3 %tasks completed=%16
2020-12-05 11:12:18,842 %MESSAGE TO MASTER b'{"task_id": "14_M0", "duration": 0, "status": 2, "worker_id": 1}'
2020-12-05 11:12:18,880 %TASK RECEIVED%{"task_id": "9_R0", "duration": 1, "status": 0}
2020-12-05 11:12:19,849 %TASK COMPLETED%{'task_id': '12_M0', 'duration': 0, 'status': 2}
2020-12-05 11:12:19,856 %TASK COMPLETED%{'task_id': '14_M2', 'duration': 0, 'status': 2}
2020-12-05 11:12:19,856 %TASK COMPLETED%{'task_id': '7_R1', 'duration': 0, 'status': 2}
2020-12-05 11:12:19,856 %number of tasks running=% 1 %tasks completed=%19
2020-12-05 11:12:19,857 %MESSAGE TO MASTER b'{"task_id": "12_M0", "duration": 0, "status": 2, "worker_id": 1}'
2020-12-05 11:12:19,857 %MESSAGE TO MASTER b'{"task_id": "14_M2", "duration": 0, "status": 2, "worker_id": 1}'
2020-12-05 11:12:19,858 %MESSAGE TO MASTER b'{"task_id": "7_R1", "duration": 0, "status": 2, "worker_id": 1}'
2020-12-05 11:12:19,895 %TASK RECEIVED%{"task_id": "17_M1", "duration": 3, "status": 1}
2020-12-05 11:12:19,914 %TASK RECEIVED%{"task_id": "17_M2", "duration": 1, "status": 1}
2020-12-05 11:12:19,933 %TASK RECEIVED%{"task_id": "18_M0", "duration": 3, "status": 1}
2020-12-05 11:12:20,863 %TASK COMPLETED%{'task_id': '9_R0', 'duration': 0, 'status': 2}
2020-12-05 11:12:20,870 %number of tasks running=% 1 %tasks completed=%20
2020-12-05 11:12:20,870 %MESSAGE TO MASTER b'{"task_id": "9_R0", "duration": 0, "status": 2, "worker_id": 1}'
2020-12-05 11:12:20,897 %TASK RECEIVED%{"task_id": "18_M1", "duration": 4, "status": 1}
2020-12-05 11:12:21,881 %TASK COMPLETED%{'task_id': '17_M2', 'duration': 0, 'status': 2}
2020-12-05 11:12:21,887 %number of tasks running=% 3 %tasks completed=%21
2020-12-05 11:12:21,888 %MESSAGE TO MASTER b'{"task_id": "17_M2", "duration": 0, "status": 2, "worker_id": 1}'
2020-12-05 11:12:22,892 %TASK COMPLETED%{'task_id': '15_M0', 'duration': 0, 'status': 2}
2020-12-05 11:12:22,892 %number of tasks running=% 3 %tasks completed=%22
2020-12-05 11:12:22,892 %TASK RECEIVED%{"task_id": "13_R0", "duration": 4, "status": 0}
2020-12-05 11:12:22,893 %MESSAGE TO MASTER b'{"task_id": "15_M0", "duration": 0, "status": 2, "worker_id": 1}'
2020-12-05 11:12:23,902 %TASK COMPLETED%{'task_id': '17_M1', 'duration': 0, 'status': 2}
2020-12-05 11:12:23,909 %TASK RECEIVED%{"task_id": "21_M2", "duration": 4, "status": 1}
2020-12-05 11:12:23,920 %TASK COMPLETED%{'task_id': '18_M0', 'duration': 0, 'status': 2}
2020-12-05 11:12:23,921 %MESSAGE TO MASTER b'{"task_id": "17_M1", "duration": 0, "status": 2, "worker_id": 1}'
2020-12-05 11:12:23,927 %number of tasks running=% 2 %tasks completed=%24
2020-12-05 11:12:23,928 %MESSAGE TO MASTER b'{"task_id": "18_M0", "duration": 0, "status": 2, "worker_id": 1}'
2020-12-05 11:12:24,905 %TASK RECEIVED%{"task_id": "14_R0", "duration": 3, "status": 0}
2020-12-05 11:12:24,929 %number of tasks running=% 3 %tasks completed=%24
2020-12-05 11:12:24,941 %TASK RECEIVED%{"task_id": "23_M0", "duration": 1, "status": 1}
2020-12-05 11:12:25,939 %TASK COMPLETED%{'task_id': '18_M1', 'duration': 0, 'status': 2}
2020-12-05 11:12:25,940 %number of tasks running=% 3 %tasks completed=%25
2020-12-05 11:12:25,940 %MESSAGE TO MASTER b'{"task_id": "18_M1", "duration": 0, "status": 2, "worker_id": 1}'
2020-12-05 11:12:26,918 %TASK RECEIVED%{"task_id": "25_M0", "duration": 2, "status": 1}
2020-12-05 11:12:26,947 %TASK COMPLETED%{'task_id': '13_R0', 'duration': 0, 'status': 2}
2020-12-05 11:12:26,947 %TASK COMPLETED%{'task_id': '23_M0', 'duration': 0, 'status': 2}
2020-12-05 11:12:26,948 %MESSAGE TO MASTER b'{"task_id": "13_R0", "duration": 0, "status": 2, "worker_id": 1}'
2020-12-05 11:12:26,961 %number of tasks running=% 2 %tasks completed=%27
2020-12-05 11:12:26,961 %MESSAGE TO MASTER b'{"task_id": "23_M0", "duration": 0, "status": 2, "worker_id": 1}'
2020-12-05 11:12:27,936 %TASK RECEIVED%{"task_id": "25_M3", "duration": 2, "status": 1}
2020-12-05 11:12:27,961 %TASK RECEIVED%{"task_id": "28_M0", "duration": 2, "status": 1}
2020-12-05 11:12:27,972 %TASK COMPLETED%{'task_id': '21_M2', 'duration': 0, 'status': 2}
2020-12-05 11:12:27,984 %TASK COMPLETED%{'task_id': '14_R0', 'duration': 0, 'status': 2}
2020-12-05 11:12:27,984 %MESSAGE TO MASTER b'{"task_id": "21_M2", "duration": 0, "status": 2, "worker_id": 1}'
2020-12-05 11:12:27,991 %number of tasks running=% 1 %tasks completed=%29
2020-12-05 11:12:27,991 %MESSAGE TO MASTER b'{"task_id": "14_R0", "duration": 0, "status": 2, "worker_id": 1}'
2020-12-05 11:12:28,938 %TASK RECEIVED%{"task_id": "26_M1", "duration": 3, "status": 1}
2020-12-05 11:12:28,956 %TASK RECEIVED%{"task_id": "27_M2", "duration": 3, "status": 1}
2020-12-05 11:12:29,000 %TASK COMPLETED%{'task_id': '25_M0', 'duration': 0, 'status': 2}
2020-12-05 11:12:29,005 %number of tasks running=% 2 %tasks completed=%30
2020-12-05 11:12:29,006 %MESSAGE TO MASTER b'{"task_id": "25_M0", "duration": 0, "status": 2, "worker_id": 1}'
2020-12-05 11:12:29,944 %TASK RECEIVED%{"task_id": "17_R0", "duration": 4, "status": 0}
2020-12-05 11:12:30,015 %TASK COMPLETED%{'task_id': '25_M3', 'duration': 0, 'status': 2}
2020-12-05 11:12:30,021 %TASK COMPLETED%{'task_id': '28_M0', 'duration': 0, 'status': 2}
2020-12-05 11:12:30,022 %MESSAGE TO MASTER b'{"task_id": "25_M3", "duration": 0, "status": 2, "worker_id": 1}'
2020-12-05 11:12:30,034 %number of tasks running=% 2 %tasks completed=%32
2020-12-05 11:12:30,034 %MESSAGE TO MASTER b'{"task_id": "28_M0", "duration": 0, "status": 2, "worker_id": 1}'
2020-12-05 11:12:30,948 %TASK RECEIVED%{"task_id": "19_R0", "duration": 1, "status": 0}
2020-12-05 11:12:30,954 %TASK RECEIVED%{"task_id": "19_R1", "duration": 3, "status": 0}
2020-12-05 11:12:31,043 %number of tasks running=% 3 %tasks completed=%32
2020-12-05 11:12:32,055 %TASK COMPLETED%{'task_id': '26_M1', 'duration': 0, 'status': 2}
2020-12-05 11:12:32,062 %TASK COMPLETED%{'task_id': '27_M2', 'duration': 0, 'status': 2}
2020-12-05 11:12:32,063 %MESSAGE TO MASTER b'{"task_id": "26_M1", "duration": 0, "status": 2, "worker_id": 1}'
2020-12-05 11:12:32,074 %TASK COMPLETED%{'task_id': '19_R0', 'duration': 0, 'status': 2}
2020-12-05 11:12:32,075 %MESSAGE TO MASTER b'{"task_id": "27_M2", "duration": 0, "status": 2, "worker_id": 1}'
2020-12-05 11:12:32,086 %number of tasks running=% 2 %tasks completed=%35
2020-12-05 11:12:32,087 %MESSAGE TO MASTER b'{"task_id": "19_R0", "duration": 0, "status": 2, "worker_id": 1}'
2020-12-05 11:12:32,954 %TASK RECEIVED%{"task_id": "23_R0", "duration": 3, "status": 0}
2020-12-05 11:12:32,977 %TASK RECEIVED%{"task_id": "24_R0", "duration": 3, "status": 0}
2020-12-05 11:12:33,002 %TASK RECEIVED%{"task_id": "21_R0", "duration": 1, "status": 0}
2020-12-05 11:12:33,096 %number of tasks running=% 2 %tasks completed=%35
2020-12-05 11:12:34,110 %TASK COMPLETED%{'task_id': '17_R0', 'duration': 0, 'status': 2}
2020-12-05 11:12:34,122 %TASK COMPLETED%{'task_id': '19_R1', 'duration': 0, 'status': 2}
2020-12-05 11:12:34,122 %TASK COMPLETED%{'task_id': '21_R0', 'duration': 0, 'status': 2}
2020-12-05 11:12:34,122 %number of tasks running=% 2 %tasks completed=%38
2020-12-05 11:12:34,123 %MESSAGE TO MASTER b'{"task_id": "17_R0", "duration": 0, "status": 2, "worker_id": 1}'
2020-12-05 11:12:34,124 %MESSAGE TO MASTER b'{"task_id": "19_R1", "duration": 0, "status": 2, "worker_id": 1}'
2020-12-05 11:12:34,124 %MESSAGE TO MASTER b'{"task_id": "21_R0", "duration": 0, "status": 2, "worker_id": 1}'
2020-12-05 11:12:34,968 %TASK RECEIVED%{"task_id": "25_R0", "duration": 3, "status": 0}
2020-12-05 11:12:34,991 %TASK RECEIVED%{"task_id": "28_R1", "duration": 1, "status": 0}
2020-12-05 11:12:35,016 %TASK RECEIVED%{"task_id": "26_R0", "duration": 4, "status": 0}
2020-12-05 11:12:35,131 %number of tasks running=% 2 %tasks completed=%38
2020-12-05 11:12:36,147 %TASK COMPLETED%{'task_id': '23_R0', 'duration': 0, 'status': 2}
2020-12-05 11:12:36,153 %TASK COMPLETED%{'task_id': '24_R0', 'duration': 0, 'status': 2}
2020-12-05 11:12:36,154 %MESSAGE TO MASTER b'{"task_id": "23_R0", "duration": 0, "status": 2, "worker_id": 1}'
2020-12-05 11:12:36,160 %TASK COMPLETED%{'task_id': '28_R1', 'duration': 0, 'status': 2}
2020-12-05 11:12:36,161 %MESSAGE TO MASTER b'{"task_id": "24_R0", "duration": 0, "status": 2, "worker_id": 1}'
2020-12-05 11:12:36,167 %number of tasks running=% 2 %tasks completed=%41
2020-12-05 11:12:36,167 %MESSAGE TO MASTER b'{"task_id": "28_R1", "duration": 0, "status": 2, "worker_id": 1}'
2020-12-05 11:12:36,978 %TASK RECEIVED%{"task_id": "30_R0", "duration": 2, "status": 0}
2020-12-05 11:12:36,996 %TASK RECEIVED%{"task_id": "33_M0", "duration": 4, "status": 1}
2020-12-05 11:12:37,019 %TASK RECEIVED%{"task_id": "29_R1", "duration": 2, "status": 0}
2020-12-05 11:12:37,177 %number of tasks running=% 2 %tasks completed=%41
2020-12-05 11:12:38,191 %TASK COMPLETED%{'task_id': '25_R0', 'duration': 0, 'status': 2}
2020-12-05 11:12:38,204 %number of tasks running=% 4 %tasks completed=%42
2020-12-05 11:12:38,204 %MESSAGE TO MASTER b'{"task_id": "25_R0", "duration": 0, "status": 2, "worker_id": 1}'
2020-12-05 11:12:38,990 %TASK RECEIVED%{"task_id": "32_R0", "duration": 2, "status": 0}
2020-12-05 11:12:39,211 %TASK COMPLETED%{'task_id': '26_R0', 'duration': 0, 'status': 2}
2020-12-05 11:12:39,217 %TASK COMPLETED%{'task_id': '30_R0', 'duration': 0, 'status': 2}
2020-12-05 11:12:39,217 %TASK COMPLETED%{'task_id': '29_R1', 'duration': 0, 'status': 2}
2020-12-05 11:12:39,218 %number of tasks running=% 1 %tasks completed=%45
2020-12-05 11:12:39,218 %MESSAGE TO MASTER b'{"task_id": "26_R0", "duration": 0, "status": 2, "worker_id": 1}'
2020-12-05 11:12:39,219 %MESSAGE TO MASTER b'{"task_id": "30_R0", "duration": 0, "status": 2, "worker_id": 1}'
2020-12-05 11:12:39,219 %MESSAGE TO MASTER b'{"task_id": "29_R1", "duration": 0, "status": 2, "worker_id": 1}'
2020-12-05 11:12:39,987 %TASK RECEIVED%{"task_id": "35_M1", "duration": 1, "status": 1}
2020-12-05 11:12:40,006 %TASK RECEIVED%{"task_id": "37_M0", "duration": 2, "status": 1}
2020-12-05 11:12:40,012 %TASK RECEIVED%{"task_id": "38_M0", "duration": 3, "status": 1}
2020-12-05 11:12:40,228 %number of tasks running=% 2 %tasks completed=%45
2020-12-05 11:12:41,242 %TASK COMPLETED%{'task_id': '33_M0', 'duration': 0, 'status': 2}
2020-12-05 11:12:41,249 %TASK COMPLETED%{'task_id': '32_R0', 'duration': 0, 'status': 2}
2020-12-05 11:12:41,249 %MESSAGE TO MASTER b'{"task_id": "33_M0", "duration": 0, "status": 2, "worker_id": 1}'
2020-12-05 11:12:41,256 %TASK COMPLETED%{'task_id': '35_M1', 'duration': 0, 'status': 2}
2020-12-05 11:12:41,256 %number of tasks running=% 2 %tasks completed=%48
2020-12-05 11:12:41,257 %MESSAGE TO MASTER b'{"task_id": "32_R0", "duration": 0, "status": 2, "worker_id": 1}'
2020-12-05 11:12:41,257 %MESSAGE TO MASTER b'{"task_id": "35_M1", "duration": 0, "status": 2, "worker_id": 1}'
2020-12-05 11:12:41,306 %TASK RECEIVED%{"task_id": "33_R0", "duration": 1, "status": 0}
2020-12-05 11:12:42,263 %TASK COMPLETED%{'task_id': '37_M0', 'duration': 0, 'status': 2}
2020-12-05 11:12:42,271 %number of tasks running=% 1 %tasks completed=%49
2020-12-05 11:12:42,272 %MESSAGE TO MASTER b'{"task_id": "37_M0", "duration": 0, "status": 2, "worker_id": 1}'
2020-12-05 11:12:42,328 %TASK RECEIVED%{"task_id": "37_R0", "duration": 3, "status": 0}
2020-12-05 11:12:43,037 %TASK RECEIVED%{"task_id": "39_R0", "duration": 1, "status": 0}
2020-12-05 11:12:43,279 %TASK COMPLETED%{'task_id': '38_M0', 'duration': 0, 'status': 2}
2020-12-05 11:12:43,323 %TASK COMPLETED%{'task_id': '33_R0', 'duration': 0, 'status': 2}
2020-12-05 11:12:43,324 %MESSAGE TO MASTER b'{"task_id": "38_M0", "duration": 0, "status": 2, "worker_id": 1}'
2020-12-05 11:12:43,324 %number of tasks running=% 0 %tasks completed=%51
2020-12-05 11:12:43,325 %MESSAGE TO MASTER b'{"task_id": "33_R0", "duration": 0, "status": 2, "worker_id": 1}'
2020-12-05 11:12:43,344 %TASK RECEIVED%{"task_id": "38_R0", "duration": 1, "status": 0}
2020-12-05 11:12:44,330 %TASK COMPLETED%{'task_id': '39_R0', 'duration': 0, 'status': 2}
2020-12-05 11:12:44,347 %number of tasks running=% 1 %tasks completed=%52
