2020-12-05 11:34:37,872 %number of tasks running=% 0 %tasks completed=%0
2020-12-05 11:34:38,882 %number of tasks running=% 0 %tasks completed=%0
2020-12-05 11:34:39,896 %number of tasks running=% 0 %tasks completed=%0
2020-12-05 11:34:40,914 %number of tasks running=% 0 %tasks completed=%0
2020-12-05 11:34:41,921 %number of tasks running=% 0 %tasks completed=%0
2020-12-05 11:34:42,933 %number of tasks running=% 0 %tasks completed=%0
2020-12-05 11:34:43,944 %number of tasks running=% 0 %tasks completed=%0
2020-12-05 11:34:44,960 %number of tasks running=% 0 %tasks completed=%0
2020-12-05 11:34:45,973 %number of tasks running=% 0 %tasks completed=%0
2020-12-05 11:34:46,800 %TASK RECEIVED%{"task_id": "2_M3", "duration": 2, "status": 1}
2020-12-05 11:34:46,913 %TASK RECEIVED%{"task_id": "3_M0", "duration": 1, "status": 1}
2020-12-05 11:34:46,990 %TASK COMPLETED%{'task_id': '3_M0', 'duration': 0, 'status': 2}
2020-12-05 11:34:46,996 %number of tasks running=% 1 %tasks completed=%1
2020-12-05 11:34:46,996 %MESSAGE TO MASTER b'{"task_id": "3_M0", "duration": 0, "status": 2, "worker_id": 2}'
2020-12-05 11:34:47,018 %TASK RECEIVED%{"task_id": "3_R0", "duration": 3, "status": 0}
2020-12-05 11:34:47,631 %TASK RECEIVED%{"task_id": "1_R0", "duration": 2, "status": 0}
2020-12-05 11:34:48,003 %TASK COMPLETED%{'task_id': '2_M3', 'duration': 0, 'status': 2}
2020-12-05 11:34:48,016 %number of tasks running=% 2 %tasks completed=%2
2020-12-05 11:34:48,017 %MESSAGE TO MASTER b'{"task_id": "2_M3", "duration": 0, "status": 2, "worker_id": 2}'
2020-12-05 11:34:49,025 %TASK COMPLETED%{'task_id': '1_R0', 'duration': 0, 'status': 2}
2020-12-05 11:34:49,032 %number of tasks running=% 1 %tasks completed=%3
2020-12-05 11:34:49,032 %MESSAGE TO MASTER b'{"task_id": "1_R0", "duration": 0, "status": 2, "worker_id": 2}'
2020-12-05 11:34:49,665 %TASK RECEIVED%{"task_id": "2_R1", "duration": 1, "status": 0}
2020-12-05 11:34:50,042 %TASK COMPLETED%{'task_id': '3_R0', 'duration': 0, 'status': 2}
2020-12-05 11:34:50,042 %TASK COMPLETED%{'task_id': '2_R1', 'duration': 0, 'status': 2}
2020-12-05 11:34:50,042 %MESSAGE TO MASTER b'{"task_id": "3_R0", "duration": 0, "status": 2, "worker_id": 2}'
2020-12-05 11:34:50,043 %number of tasks running=% 0 %tasks completed=%5
2020-12-05 11:34:50,043 %MESSAGE TO MASTER b'{"task_id": "2_R1", "duration": 0, "status": 2, "worker_id": 2}'
2020-12-05 11:34:50,183 %TASK RECEIVED%{"task_id": "5_M3", "duration": 1, "status": 1}
2020-12-05 11:34:51,049 %TASK COMPLETED%{'task_id': '5_M3', 'duration': 0, 'status': 2}
2020-12-05 11:34:51,062 %number of tasks running=% 0 %tasks completed=%6
2020-12-05 11:34:51,063 %MESSAGE TO MASTER b'{"task_id": "5_M3", "duration": 0, "status": 2, "worker_id": 2}'
2020-12-05 11:34:51,721 %TASK RECEIVED%{"task_id": "4_R1", "duration": 4, "status": 0}
2020-12-05 11:34:52,072 %number of tasks running=% 1 %tasks completed=%6
2020-12-05 11:34:52,239 %TASK RECEIVED%{"task_id": "7_M0", "duration": 2, "status": 1}
2020-12-05 11:34:52,338 %TASK RECEIVED%{"task_id": "7_M1", "duration": 3, "status": 1}
2020-12-05 11:34:52,447 %TASK RECEIVED%{"task_id": "7_M2", "duration": 1, "status": 1}
2020-12-05 11:34:52,552 %TASK RECEIVED%{"task_id": "8_M1", "duration": 3, "status": 1}
2020-12-05 11:34:52,657 %TASK RECEIVED%{"task_id": "8_M2", "duration": 3, "status": 1}
2020-12-05 11:34:52,752 %TASK RECEIVED%{"task_id": "5_R1", "duration": 4, "status": 0}
2020-12-05 11:34:53,089 %TASK COMPLETED%{'task_id': '7_M2', 'duration': 0, 'status': 2}
2020-12-05 11:34:53,095 %number of tasks running=% 6 %tasks completed=%7
2020-12-05 11:34:53,096 %MESSAGE TO MASTER b'{"task_id": "7_M2", "duration": 0, "status": 2, "worker_id": 2}'
2020-12-05 11:34:53,169 %TASK RECEIVED%{"task_id": "10_M0", "duration": 2, "status": 1}
2020-12-05 11:34:54,106 %TASK COMPLETED%{'task_id': '7_M0', 'duration': 0, 'status': 2}
2020-12-05 11:34:54,124 %number of tasks running=% 6 %tasks completed=%8
2020-12-05 11:34:54,125 %MESSAGE TO MASTER b'{"task_id": "7_M0", "duration": 0, "status": 2, "worker_id": 2}'
2020-12-05 11:34:54,280 %TASK RECEIVED%{"task_id": "11_M2", "duration": 1, "status": 1}
2020-12-05 11:34:55,131 %TASK COMPLETED%{'task_id': '4_R1', 'duration': 0, 'status': 2}
2020-12-05 11:34:55,143 %TASK COMPLETED%{'task_id': '7_M1', 'duration': 0, 'status': 2}
2020-12-05 11:34:55,144 %MESSAGE TO MASTER b'{"task_id": "4_R1", "duration": 0, "status": 2, "worker_id": 2}'
2020-12-05 11:34:55,169 %TASK COMPLETED%{'task_id': '8_M1', 'duration': 0, 'status': 2}
2020-12-05 11:34:55,170 %MESSAGE TO MASTER b'{"task_id": "7_M1", "duration": 0, "status": 2, "worker_id": 2}'
2020-12-05 11:34:55,170 %TASK COMPLETED%{'task_id': '8_M2', 'duration': 0, 'status': 2}
2020-12-05 11:34:55,171 %MESSAGE TO MASTER b'{"task_id": "8_M1", "duration": 0, "status": 2, "worker_id": 2}'
2020-12-05 11:34:55,177 %TASK COMPLETED%{'task_id': '10_M0', 'duration': 0, 'status': 2}
2020-12-05 11:34:55,178 %MESSAGE TO MASTER b'{"task_id": "8_M2", "duration": 0, "status": 2, "worker_id": 2}'
2020-12-05 11:34:55,183 %TASK COMPLETED%{'task_id': '11_M2', 'duration': 0, 'status': 2}
2020-12-05 11:34:55,184 %MESSAGE TO MASTER b'{"task_id": "10_M0", "duration": 0, "status": 2, "worker_id": 2}'
2020-12-05 11:34:55,190 %number of tasks running=% 1 %tasks completed=%14
2020-12-05 11:34:55,190 %MESSAGE TO MASTER b'{"task_id": "11_M2", "duration": 0, "status": 2, "worker_id": 2}'
2020-12-05 11:34:55,382 %TASK RECEIVED%{"task_id": "13_M0", "duration": 2, "status": 1}
2020-12-05 11:34:55,407 %TASK RECEIVED%{"task_id": "7_R0", "duration": 3, "status": 0}
2020-12-05 11:34:55,431 %TASK RECEIVED%{"task_id": "8_R0", "duration": 1, "status": 0}
2020-12-05 11:34:55,455 %TASK RECEIVED%{"task_id": "10_R0", "duration": 1, "status": 0}
2020-12-05 11:34:55,474 %TASK RECEIVED%{"task_id": "10_R1", "duration": 3, "status": 0}
2020-12-05 11:34:55,498 %TASK RECEIVED%{"task_id": "14_M1", "duration": 1, "status": 1}
2020-12-05 11:34:56,196 %TASK COMPLETED%{'task_id': '5_R1', 'duration': 0, 'status': 2}
2020-12-05 11:34:56,196 %TASK COMPLETED%{'task_id': '8_R0', 'duration': 0, 'status': 2}
2020-12-05 11:34:56,197 %MESSAGE TO MASTER b'{"task_id": "5_R1", "duration": 0, "status": 2, "worker_id": 2}'
2020-12-05 11:34:56,197 %TASK COMPLETED%{'task_id': '10_R0', 'duration': 0, 'status': 2}
2020-12-05 11:34:56,198 %MESSAGE TO MASTER b'{"task_id": "8_R0", "duration": 0, "status": 2, "worker_id": 2}'
2020-12-05 11:34:56,198 %TASK COMPLETED%{'task_id': '14_M1', 'duration': 0, 'status': 2}
2020-12-05 11:34:56,198 %MESSAGE TO MASTER b'{"task_id": "10_R0", "duration": 0, "status": 2, "worker_id": 2}'
2020-12-05 11:34:56,205 %number of tasks running=% 3 %tasks completed=%18
2020-12-05 11:34:56,205 %MESSAGE TO MASTER b'{"task_id": "14_M1", "duration": 0, "status": 2, "worker_id": 2}'
2020-12-05 11:34:56,381 %TASK RECEIVED%{"task_id": "15_M0", "duration": 4, "status": 1}
2020-12-05 11:34:56,406 %TASK RECEIVED%{"task_id": "9_R0", "duration": 1, "status": 0}
2020-12-05 11:34:56,431 %TASK RECEIVED%{"task_id": "15_M1", "duration": 4, "status": 1}
2020-12-05 11:34:57,207 %TASK COMPLETED%{'task_id': '13_M0', 'duration': 0, 'status': 2}
2020-12-05 11:34:57,225 %TASK COMPLETED%{'task_id': '9_R0', 'duration': 0, 'status': 2}
2020-12-05 11:34:57,226 %MESSAGE TO MASTER b'{"task_id": "13_M0", "duration": 0, "status": 2, "worker_id": 2}'
2020-12-05 11:34:57,239 %number of tasks running=% 4 %tasks completed=%20
2020-12-05 11:34:57,239 %TASK RECEIVED%{"task_id": "17_M0", "duration": 4, "status": 1}
2020-12-05 11:34:57,240 %MESSAGE TO MASTER b'{"task_id": "9_R0", "duration": 0, "status": 2, "worker_id": 2}'
2020-12-05 11:34:57,320 %TASK RECEIVED%{"task_id": "17_M1", "duration": 3, "status": 1}
2020-12-05 11:34:57,332 %TASK RECEIVED%{"task_id": "13_R0", "duration": 4, "status": 0}
2020-12-05 11:34:58,246 %TASK COMPLETED%{'task_id': '7_R0', 'duration': 0, 'status': 2}
2020-12-05 11:34:58,253 %TASK COMPLETED%{'task_id': '10_R1', 'duration': 0, 'status': 2}
2020-12-05 11:34:58,253 %MESSAGE TO MASTER b'{"task_id": "7_R0", "duration": 0, "status": 2, "worker_id": 2}'
2020-12-05 11:34:58,259 %number of tasks running=% 5 %tasks completed=%22
2020-12-05 11:34:58,260 %MESSAGE TO MASTER b'{"task_id": "10_R1", "duration": 0, "status": 2, "worker_id": 2}'
2020-12-05 11:34:58,324 %TASK RECEIVED%{"task_id": "16_M2", "duration": 4, "status": 1}
2020-12-05 11:34:58,350 %TASK RECEIVED%{"task_id": "18_M0", "duration": 3, "status": 1}
2020-12-05 11:34:59,271 %number of tasks running=% 7 %tasks completed=%22
2020-12-05 11:35:00,285 %TASK COMPLETED%{'task_id': '15_M0', 'duration': 0, 'status': 2}
2020-12-05 11:35:00,291 %TASK COMPLETED%{'task_id': '15_M1', 'duration': 0, 'status': 2}
2020-12-05 11:35:00,292 %MESSAGE TO MASTER b'{"task_id": "15_M0", "duration": 0, "status": 2, "worker_id": 2}'
2020-12-05 11:35:00,298 %TASK COMPLETED%{'task_id': '17_M1', 'duration': 0, 'status': 2}
2020-12-05 11:35:00,299 %MESSAGE TO MASTER b'{"task_id": "15_M1", "duration": 0, "status": 2, "worker_id": 2}'
2020-12-05 11:35:00,311 %number of tasks running=% 4 %tasks completed=%25
2020-12-05 11:35:00,311 %MESSAGE TO MASTER b'{"task_id": "17_M1", "duration": 0, "status": 2, "worker_id": 2}'
2020-12-05 11:35:00,334 %TASK RECEIVED%{"task_id": "14_R0", "duration": 3, "status": 0}
2020-12-05 11:35:00,353 %TASK RECEIVED%{"task_id": "15_R1", "duration": 1, "status": 0}
2020-12-05 11:35:01,319 %TASK COMPLETED%{'task_id': '17_M0', 'duration': 0, 'status': 2}
2020-12-05 11:35:01,344 %TASK COMPLETED%{'task_id': '13_R0', 'duration': 0, 'status': 2}
2020-12-05 11:35:01,345 %MESSAGE TO MASTER b'{"task_id": "17_M0", "duration": 0, "status": 2, "worker_id": 2}'
2020-12-05 11:35:01,351 %TASK COMPLETED%{'task_id': '18_M0', 'duration': 0, 'status': 2}
2020-12-05 11:35:01,352 %MESSAGE TO MASTER b'{"task_id": "13_R0", "duration": 0, "status": 2, "worker_id": 2}'
2020-12-05 11:35:01,358 %TASK COMPLETED%{'task_id': '15_R1', 'duration': 0, 'status': 2}
2020-12-05 11:35:01,359 %MESSAGE TO MASTER b'{"task_id": "18_M0", "duration": 0, "status": 2, "worker_id": 2}'
2020-12-05 11:35:01,365 %number of tasks running=% 2 %tasks completed=%29
2020-12-05 11:35:01,365 %MESSAGE TO MASTER b'{"task_id": "15_R1", "duration": 0, "status": 2, "worker_id": 2}'
2020-12-05 11:35:02,287 %TASK RECEIVED%{"task_id": "19_R1", "duration": 3, "status": 0}
2020-12-05 11:35:02,374 %TASK COMPLETED%{'task_id': '16_M2', 'duration': 0, 'status': 2}
2020-12-05 11:35:02,380 %number of tasks running=% 2 %tasks completed=%30
2020-12-05 11:35:02,381 %MESSAGE TO MASTER b'{"task_id": "16_M2", "duration": 0, "status": 2, "worker_id": 2}'
2020-12-05 11:35:02,490 %TASK RECEIVED%{"task_id": "16_R1", "duration": 3, "status": 0}
2020-12-05 11:35:03,391 %TASK COMPLETED%{'task_id': '14_R0', 'duration': 0, 'status': 2}
2020-12-05 11:35:03,391 %number of tasks running=% 2 %tasks completed=%31
2020-12-05 11:35:03,392 %MESSAGE TO MASTER b'{"task_id": "14_R0", "duration": 0, "status": 2, "worker_id": 2}'
2020-12-05 11:35:04,398 %TASK COMPLETED%{'task_id': '19_R1', 'duration': 0, 'status': 2}
2020-12-05 11:35:04,398 %number of tasks running=% 1 %tasks completed=%32
2020-12-05 11:35:04,399 %MESSAGE TO MASTER b'{"task_id": "19_R1", "duration": 0, "status": 2, "worker_id": 2}'
2020-12-05 11:35:05,409 %TASK COMPLETED%{'task_id': '16_R1', 'duration': 0, 'status': 2}
2020-12-05 11:35:05,416 %number of tasks running=% 0 %tasks completed=%33
2020-12-05 11:35:05,417 %MESSAGE TO MASTER b'{"task_id": "16_R1", "duration": 0, "status": 2, "worker_id": 2}'
2020-12-05 11:35:06,427 %number of tasks running=% 0 %tasks completed=%33
2020-12-05 11:35:07,441 %number of tasks running=% 0 %tasks completed=%33
2020-12-05 11:35:08,459 %number of tasks running=% 0 %tasks completed=%33
2020-12-05 11:35:09,472 %number of tasks running=% 0 %tasks completed=%33
2020-12-05 11:35:10,484 %number of tasks running=% 0 %tasks completed=%33
