2020-12-06 22:35:49,399 %number of tasks running=% 0 %tasks completed=%0
2020-12-06 22:35:50,414 %number of tasks running=% 0 %tasks completed=%0
2020-12-06 22:35:51,428 %number of tasks running=% 0 %tasks completed=%0
2020-12-06 22:35:51,557 %TASK RECEIVED%{"task_id": "0_M0", "duration": 3, "status": 1}
2020-12-06 22:35:51,665 %TASK RECEIVED%{"task_id": "0_M1", "duration": 4, "status": 1}
2020-12-06 22:35:52,379 %TASK RECEIVED%{"task_id": "1_M0", "duration": 3, "status": 1}
2020-12-06 22:35:52,445 %number of tasks running=% 0 %tasks completed=%0
2020-12-06 22:35:53,461 %number of tasks running=% 3 %tasks completed=%0
2020-12-06 22:35:53,705 %TASK RECEIVED%{"task_id": "2_M1", "duration": 2, "status": 1}
2020-12-06 22:35:54,478 %number of tasks running=% 3 %tasks completed=%0
2020-12-06 22:35:54,729 %TASK RECEIVED%{"task_id": "4_M0", "duration": 4, "status": 1}
2020-12-06 22:35:55,495 %TASK COMPLETED%{'task_id': '0_M0', 'duration': 0, 'status': 2}
2020-12-06 22:35:55,525 %TASK COMPLETED%{'task_id': '1_M0', 'duration': 0, 'status': 2}
2020-12-06 22:35:55,526 %MESSAGE TO MASTER b'{"task_id": "0_M0", "duration": 0, "status": 2, "worker_id": 2}'
2020-12-06 22:35:55,532 %number of tasks running=% 2 %tasks completed=%2
2020-12-06 22:35:55,533 %MESSAGE TO MASTER b'{"task_id": "1_M0", "duration": 0, "status": 2, "worker_id": 2}'
2020-12-06 22:35:56,076 %TASK RECEIVED%{"task_id": "3_R0", "duration": 3, "status": 0}
2020-12-06 22:35:56,542 %TASK COMPLETED%{'task_id': '0_M1', 'duration': 0, 'status': 2}
2020-12-06 22:35:56,549 %TASK COMPLETED%{'task_id': '2_M1', 'duration': 0, 'status': 2}
2020-12-06 22:35:56,549 %MESSAGE TO MASTER b'{"task_id": "0_M1", "duration": 0, "status": 2, "worker_id": 2}'
2020-12-06 22:35:56,566 %number of tasks running=% 1 %tasks completed=%4
2020-12-06 22:35:56,567 %MESSAGE TO MASTER b'{"task_id": "2_M1", "duration": 0, "status": 2, "worker_id": 2}'
2020-12-06 22:35:56,892 %TASK RECEIVED%{"task_id": "5_M0", "duration": 2, "status": 1}
2020-12-06 22:35:57,093 %TASK RECEIVED%{"task_id": "5_M2", "duration": 1, "status": 1}
2020-12-06 22:35:57,117 %TASK RECEIVED%{"task_id": "5_M3", "duration": 1, "status": 1}
2020-12-06 22:35:57,576 %number of tasks running=% 2 %tasks completed=%4
2020-12-06 22:35:58,591 %TASK COMPLETED%{'task_id': '5_M2', 'duration': 0, 'status': 2}
2020-12-06 22:35:58,597 %TASK COMPLETED%{'task_id': '5_M3', 'duration': 0, 'status': 2}
2020-12-06 22:35:58,598 %MESSAGE TO MASTER b'{"task_id": "5_M2", "duration": 0, "status": 2, "worker_id": 2}'
2020-12-06 22:35:58,623 %number of tasks running=% 3 %tasks completed=%6
2020-12-06 22:35:58,624 %MESSAGE TO MASTER b'{"task_id": "5_M3", "duration": 0, "status": 2, "worker_id": 2}'
2020-12-06 22:35:59,355 %TASK RECEIVED%{"task_id": "6_M1", "duration": 3, "status": 1}
2020-12-06 22:35:59,378 %TASK RECEIVED%{"task_id": "7_M0", "duration": 2, "status": 1}
2020-12-06 22:35:59,564 %TASK RECEIVED%{"task_id": "8_M0", "duration": 2, "status": 1}
2020-12-06 22:35:59,635 %TASK COMPLETED%{'task_id': '4_M0', 'duration': 0, 'status': 2}
2020-12-06 22:35:59,641 %TASK COMPLETED%{'task_id': '3_R0', 'duration': 0, 'status': 2}
2020-12-06 22:35:59,642 %MESSAGE TO MASTER b'{"task_id": "4_M0", "duration": 0, "status": 2, "worker_id": 2}'
2020-12-06 22:35:59,648 %TASK COMPLETED%{'task_id': '5_M0', 'duration': 0, 'status': 2}
2020-12-06 22:35:59,649 %MESSAGE TO MASTER b'{"task_id": "3_R0", "duration": 0, "status": 2, "worker_id": 2}'
2020-12-06 22:35:59,649 %number of tasks running=% 0 %tasks completed=%9
2020-12-06 22:35:59,650 %MESSAGE TO MASTER b'{"task_id": "5_M0", "duration": 0, "status": 2, "worker_id": 2}'
2020-12-06 22:35:59,666 %TASK RECEIVED%{"task_id": "4_R0", "duration": 4, "status": 0}
2020-12-06 22:35:59,685 %TASK RECEIVED%{"task_id": "4_R1", "duration": 4, "status": 0}
2020-12-06 22:35:59,710 %TASK RECEIVED%{"task_id": "8_M2", "duration": 3, "status": 1}
2020-12-06 22:36:00,181 %TASK RECEIVED%{"task_id": "5_R1", "duration": 4, "status": 0}
2020-12-06 22:36:00,661 %number of tasks running=% 3 %tasks completed=%9
2020-12-06 22:36:01,675 %TASK COMPLETED%{'task_id': '7_M0', 'duration': 0, 'status': 2}
2020-12-06 22:36:01,681 %TASK COMPLETED%{'task_id': '8_M0', 'duration': 0, 'status': 2}
2020-12-06 22:36:01,681 %number of tasks running=% 5 %tasks completed=%11
2020-12-06 22:36:01,682 %MESSAGE TO MASTER b'{"task_id": "7_M0", "duration": 0, "status": 2, "worker_id": 2}'
2020-12-06 22:36:01,683 %MESSAGE TO MASTER b'{"task_id": "8_M0", "duration": 0, "status": 2, "worker_id": 2}'
2020-12-06 22:36:02,291 %TASK RECEIVED%{"task_id": "11_M1", "duration": 1, "status": 1}
2020-12-06 22:36:02,309 %TASK RECEIVED%{"task_id": "12_M0", "duration": 3, "status": 1}
2020-12-06 22:36:02,688 %TASK COMPLETED%{'task_id': '6_M1', 'duration': 0, 'status': 2}
2020-12-06 22:36:02,688 %number of tasks running=% 4 %tasks completed=%12
2020-12-06 22:36:02,689 %MESSAGE TO MASTER b'{"task_id": "6_M1", "duration": 0, "status": 2, "worker_id": 2}'
2020-12-06 22:36:03,294 %TASK RECEIVED%{"task_id": "12_M1", "duration": 1, "status": 1}
2020-12-06 22:36:03,699 %TASK COMPLETED%{'task_id': '8_M2', 'duration': 0, 'status': 2}
2020-12-06 22:36:03,712 %TASK COMPLETED%{'task_id': '11_M1', 'duration': 0, 'status': 2}
2020-12-06 22:36:03,712 %MESSAGE TO MASTER b'{"task_id": "8_M2", "duration": 0, "status": 2, "worker_id": 2}'
2020-12-06 22:36:03,724 %number of tasks running=% 4 %tasks completed=%14
2020-12-06 22:36:03,725 %MESSAGE TO MASTER b'{"task_id": "11_M1", "duration": 0, "status": 2, "worker_id": 2}'
2020-12-06 22:36:04,298 %TASK RECEIVED%{"task_id": "7_R1", "duration": 2, "status": 0}
2020-12-06 22:36:04,324 %TASK RECEIVED%{"task_id": "10_R0", "duration": 1, "status": 0}
2020-12-06 22:36:04,731 %TASK COMPLETED%{'task_id': '4_R0', 'duration': 0, 'status': 2}
2020-12-06 22:36:04,737 %TASK COMPLETED%{'task_id': '4_R1', 'duration': 0, 'status': 2}
2020-12-06 22:36:04,738 %MESSAGE TO MASTER b'{"task_id": "4_R0", "duration": 0, "status": 2, "worker_id": 2}'
2020-12-06 22:36:04,744 %TASK COMPLETED%{'task_id': '5_R1', 'duration': 0, 'status': 2}
2020-12-06 22:36:04,745 %MESSAGE TO MASTER b'{"task_id": "4_R1", "duration": 0, "status": 2, "worker_id": 2}'
2020-12-06 22:36:04,745 %TASK COMPLETED%{'task_id': '12_M1', 'duration': 0, 'status': 2}
2020-12-06 22:36:04,745 %MESSAGE TO MASTER b'{"task_id": "5_R1", "duration": 0, "status": 2, "worker_id": 2}'
2020-12-06 22:36:04,752 %number of tasks running=% 1 %tasks completed=%18
2020-12-06 22:36:04,752 %MESSAGE TO MASTER b'{"task_id": "12_M1", "duration": 0, "status": 2, "worker_id": 2}'
2020-12-06 22:36:05,300 %TASK RECEIVED%{"task_id": "10_R1", "duration": 3, "status": 0}
2020-12-06 22:36:05,324 %TASK RECEIVED%{"task_id": "6_R0", "duration": 4, "status": 0}
2020-12-06 22:36:05,343 %TASK RECEIVED%{"task_id": "6_R1", "duration": 4, "status": 0}
2020-12-06 22:36:05,361 %TASK RECEIVED%{"task_id": "8_R0", "duration": 1, "status": 0}
2020-12-06 22:36:05,762 %TASK COMPLETED%{'task_id': '12_M0', 'duration': 0, 'status': 2}
2020-12-06 22:36:05,768 %TASK COMPLETED%{'task_id': '10_R0', 'duration': 0, 'status': 2}
2020-12-06 22:36:05,769 %MESSAGE TO MASTER b'{"task_id": "12_M0", "duration": 0, "status": 2, "worker_id": 2}'
2020-12-06 22:36:05,775 %number of tasks running=% 1 %tasks completed=%20
2020-12-06 22:36:05,776 %MESSAGE TO MASTER b'{"task_id": "10_R0", "duration": 0, "status": 2, "worker_id": 2}'
2020-12-06 22:36:06,292 %TASK RECEIVED%{"task_id": "16_M1", "duration": 3, "status": 1}
2020-12-06 22:36:06,304 %TASK RECEIVED%{"task_id": "16_M2", "duration": 4, "status": 1}
2020-12-06 22:36:06,785 %TASK COMPLETED%{'task_id': '7_R1', 'duration': 0, 'status': 2}
2020-12-06 22:36:06,792 %TASK COMPLETED%{'task_id': '8_R0', 'duration': 0, 'status': 2}
2020-12-06 22:36:06,793 %MESSAGE TO MASTER b'{"task_id": "7_R1", "duration": 0, "status": 2, "worker_id": 2}'
2020-12-06 22:36:06,793 %number of tasks running=% 3 %tasks completed=%22
2020-12-06 22:36:06,793 %MESSAGE TO MASTER b'{"task_id": "8_R0", "duration": 0, "status": 2, "worker_id": 2}'
2020-12-06 22:36:07,308 %TASK RECEIVED%{"task_id": "17_M2", "duration": 1, "status": 1}
2020-12-06 22:36:07,320 %TASK RECEIVED%{"task_id": "18_M0", "duration": 3, "status": 1}
2020-12-06 22:36:07,804 %number of tasks running=% 5 %tasks completed=%22
2020-12-06 22:36:08,817 %TASK COMPLETED%{'task_id': '10_R1', 'duration': 0, 'status': 2}
2020-12-06 22:36:08,823 %TASK COMPLETED%{'task_id': '17_M2', 'duration': 0, 'status': 2}
2020-12-06 22:36:08,824 %MESSAGE TO MASTER b'{"task_id": "10_R1", "duration": 0, "status": 2, "worker_id": 2}'
2020-12-06 22:36:08,831 %number of tasks running=% 5 %tasks completed=%24
2020-12-06 22:36:08,831 %MESSAGE TO MASTER b'{"task_id": "17_M2", "duration": 0, "status": 2, "worker_id": 2}'
2020-12-06 22:36:09,320 %TASK RECEIVED%{"task_id": "12_R0", "duration": 1, "status": 0}
2020-12-06 22:36:09,326 %TASK RECEIVED%{"task_id": "13_R0", "duration": 4, "status": 0}
2020-12-06 22:36:09,841 %TASK COMPLETED%{'task_id': '6_R0', 'duration': 0, 'status': 2}
2020-12-06 22:36:09,858 %TASK COMPLETED%{'task_id': '6_R1', 'duration': 0, 'status': 2}
2020-12-06 22:36:09,859 %MESSAGE TO MASTER b'{"task_id": "6_R0", "duration": 0, "status": 2, "worker_id": 2}'
2020-12-06 22:36:09,859 %TASK COMPLETED%{'task_id': '16_M1', 'duration': 0, 'status': 2}
2020-12-06 22:36:09,859 %number of tasks running=% 2 %tasks completed=%27
2020-12-06 22:36:09,860 %MESSAGE TO MASTER b'{"task_id": "6_R1", "duration": 0, "status": 2, "worker_id": 2}'
2020-12-06 22:36:09,860 %MESSAGE TO MASTER b'{"task_id": "16_M1", "duration": 0, "status": 2, "worker_id": 2}'
2020-12-06 22:36:10,325 %TASK RECEIVED%{"task_id": "14_R0", "duration": 3, "status": 0}
2020-12-06 22:36:10,331 %TASK RECEIVED%{"task_id": "14_R1", "duration": 3, "status": 0}
2020-12-06 22:36:10,350 %TASK RECEIVED%{"task_id": "17_R0", "duration": 4, "status": 0}
2020-12-06 22:36:10,866 %TASK COMPLETED%{'task_id': '16_M2', 'duration': 0, 'status': 2}
2020-12-06 22:36:10,877 %TASK COMPLETED%{'task_id': '18_M0', 'duration': 0, 'status': 2}
2020-12-06 22:36:10,878 %MESSAGE TO MASTER b'{"task_id": "16_M2", "duration": 0, "status": 2, "worker_id": 2}'
2020-12-06 22:36:10,885 %TASK COMPLETED%{'task_id': '12_R0', 'duration': 0, 'status': 2}
2020-12-06 22:36:10,885 %number of tasks running=% 1 %tasks completed=%30
2020-12-06 22:36:10,885 %MESSAGE TO MASTER b'{"task_id": "18_M0", "duration": 0, "status": 2, "worker_id": 2}'
2020-12-06 22:36:10,886 %MESSAGE TO MASTER b'{"task_id": "12_R0", "duration": 0, "status": 2, "worker_id": 2}'
2020-12-06 22:36:11,541 %TASK RECEIVED%{"task_id": "15_R0", "duration": 4, "status": 0}
2020-12-06 22:36:11,541 %TASK RECEIVED%{"task_id": "16_R0", "duration": 3, "status": 0}
2020-12-06 22:36:11,559 %TASK RECEIVED%{"task_id": "16_R1", "duration": 3, "status": 0}
2020-12-06 22:36:11,896 %number of tasks running=% 4 %tasks completed=%30
2020-12-06 22:36:12,903 %number of tasks running=% 7 %tasks completed=%30
2020-12-06 22:36:13,914 %TASK COMPLETED%{'task_id': '13_R0', 'duration': 0, 'status': 2}
2020-12-06 22:36:13,927 %TASK COMPLETED%{'task_id': '14_R0', 'duration': 0, 'status': 2}
2020-12-06 22:36:13,928 %MESSAGE TO MASTER b'{"task_id": "13_R0", "duration": 0, "status": 2, "worker_id": 2}'
2020-12-06 22:36:13,945 %TASK COMPLETED%{'task_id': '14_R1', 'duration': 0, 'status': 2}
2020-12-06 22:36:13,946 %MESSAGE TO MASTER b'{"task_id": "14_R0", "duration": 0, "status": 2, "worker_id": 2}'
2020-12-06 22:36:13,946 %number of tasks running=% 4 %tasks completed=%33
2020-12-06 22:36:13,946 %MESSAGE TO MASTER b'{"task_id": "14_R1", "duration": 0, "status": 2, "worker_id": 2}'
2020-12-06 22:36:14,956 %TASK COMPLETED%{'task_id': '17_R0', 'duration': 0, 'status': 2}
2020-12-06 22:36:14,968 %TASK COMPLETED%{'task_id': '16_R0', 'duration': 0, 'status': 2}
2020-12-06 22:36:14,969 %MESSAGE TO MASTER b'{"task_id": "17_R0", "duration": 0, "status": 2, "worker_id": 2}'
2020-12-06 22:36:14,976 %TASK COMPLETED%{'task_id': '16_R1', 'duration': 0, 'status': 2}
2020-12-06 22:36:14,976 %MESSAGE TO MASTER b'{"task_id": "16_R0", "duration": 0, "status": 2, "worker_id": 2}'
2020-12-06 22:36:14,976 %number of tasks running=% 1 %tasks completed=%36
2020-12-06 22:36:14,977 %MESSAGE TO MASTER b'{"task_id": "16_R1", "duration": 0, "status": 2, "worker_id": 2}'
2020-12-06 22:36:15,985 %TASK COMPLETED%{'task_id': '15_R0', 'duration': 0, 'status': 2}
2020-12-06 22:36:15,997 %number of tasks running=% 0 %tasks completed=%37
2020-12-06 22:36:15,997 %MESSAGE TO MASTER b'{"task_id": "15_R0", "duration": 0, "status": 2, "worker_id": 2}'
2020-12-06 22:36:17,006 %number of tasks running=% 0 %tasks completed=%37
2020-12-06 22:36:18,019 %number of tasks running=% 0 %tasks completed=%37
2020-12-06 22:36:19,033 %number of tasks running=% 0 %tasks completed=%37
2020-12-06 22:36:20,049 %number of tasks running=% 0 %tasks completed=%37
