2020-12-07 00:23:31,795 %number of tasks running=% 0 %tasks completed=%0
2020-12-07 00:23:32,809 %number of tasks running=% 0 %tasks completed=%0
2020-12-07 00:23:33,824 %number of tasks running=% 0 %tasks completed=%0
2020-12-07 00:23:34,840 %number of tasks running=% 0 %tasks completed=%0
2020-12-07 00:23:35,241 %TASK RECEIVED%{"task_id": "3_M0", "duration": 1, "status": 1}
2020-12-07 00:23:35,854 %number of tasks running=% 0 %tasks completed=%0
2020-12-07 00:23:36,870 %TASK COMPLETED%{'task_id': '3_M0', 'duration': 0, 'status': 2}
2020-12-07 00:23:36,894 %number of tasks running=% 0 %tasks completed=%1
2020-12-07 00:23:36,895 %MESSAGE TO MASTER b'{"task_id": "3_M0", "duration": 0, "status": 2, "worker_id": 3}'
2020-12-07 00:23:37,311 %TASK RECEIVED%{"task_id": "1_R1", "duration": 2, "status": 0}
2020-12-07 00:23:37,904 %number of tasks running=% 0 %tasks completed=%1
2020-12-07 00:23:38,918 %number of tasks running=% 1 %tasks completed=%1
2020-12-07 00:23:39,935 %TASK COMPLETED%{'task_id': '1_R1', 'duration': 0, 'status': 2}
2020-12-07 00:23:39,941 %number of tasks running=% 0 %tasks completed=%2
2020-12-07 00:23:39,942 %MESSAGE TO MASTER b'{"task_id": "1_R1", "duration": 0, "status": 2, "worker_id": 3}'
2020-12-07 00:23:40,911 %TASK RECEIVED%{"task_id": "8_M0", "duration": 2, "status": 1}
2020-12-07 00:23:40,947 %number of tasks running=% 0 %tasks completed=%2
2020-12-07 00:23:40,948 %TASK RECEIVED%{"task_id": "8_M1", "duration": 3, "status": 1}
2020-12-07 00:23:41,225 %TASK RECEIVED%{"task_id": "4_R1", "duration": 4, "status": 0}
2020-12-07 00:23:41,986 %number of tasks running=% 2 %tasks completed=%2
2020-12-07 00:23:43,002 %TASK COMPLETED%{'task_id': '8_M0', 'duration': 0, 'status': 2}
2020-12-07 00:23:43,020 %number of tasks running=% 2 %tasks completed=%3
2020-12-07 00:23:43,020 %MESSAGE TO MASTER b'{"task_id": "8_M0", "duration": 0, "status": 2, "worker_id": 3}'
2020-12-07 00:23:43,542 %TASK RECEIVED%{"task_id": "5_R0", "duration": 2, "status": 0}
2020-12-07 00:23:44,029 %TASK COMPLETED%{'task_id': '8_M1', 'duration': 0, 'status': 2}
2020-12-07 00:23:44,058 %number of tasks running=% 1 %tasks completed=%4
2020-12-07 00:23:44,059 %MESSAGE TO MASTER b'{"task_id": "8_M1", "duration": 0, "status": 2, "worker_id": 3}'
2020-12-07 00:23:44,548 %TASK RECEIVED%{"task_id": "13_M0", "duration": 2, "status": 1}
2020-12-07 00:23:45,066 %number of tasks running=% 2 %tasks completed=%4
2020-12-07 00:23:46,083 %TASK COMPLETED%{'task_id': '4_R1', 'duration': 0, 'status': 2}
2020-12-07 00:23:46,084 %TASK COMPLETED%{'task_id': '5_R0', 'duration': 0, 'status': 2}
2020-12-07 00:23:46,084 %MESSAGE TO MASTER b'{"task_id": "4_R1", "duration": 0, "status": 2, "worker_id": 3}'
2020-12-07 00:23:46,085 %number of tasks running=% 1 %tasks completed=%6
2020-12-07 00:23:46,085 %MESSAGE TO MASTER b'{"task_id": "5_R0", "duration": 0, "status": 2, "worker_id": 3}'
2020-12-07 00:23:46,552 %TASK RECEIVED%{"task_id": "15_M0", "duration": 4, "status": 1}
2020-12-07 00:23:46,567 %TASK RECEIVED%{"task_id": "6_R1", "duration": 4, "status": 0}
2020-12-07 00:23:47,092 %TASK COMPLETED%{'task_id': '13_M0', 'duration': 0, 'status': 2}
2020-12-07 00:23:47,098 %number of tasks running=% 0 %tasks completed=%7
2020-12-07 00:23:47,099 %MESSAGE TO MASTER b'{"task_id": "13_M0", "duration": 0, "status": 2, "worker_id": 3}'
2020-12-07 00:23:47,573 %TASK RECEIVED%{"task_id": "16_M0", "duration": 2, "status": 1}
2020-12-07 00:23:48,109 %number of tasks running=% 2 %tasks completed=%7
2020-12-07 00:23:49,123 %number of tasks running=% 3 %tasks completed=%7
2020-12-07 00:23:50,137 %TASK COMPLETED%{'task_id': '16_M0', 'duration': 0, 'status': 2}
2020-12-07 00:23:50,144 %number of tasks running=% 2 %tasks completed=%8
2020-12-07 00:23:50,145 %MESSAGE TO MASTER b'{"task_id": "16_M0", "duration": 0, "status": 2, "worker_id": 3}'
2020-12-07 00:23:50,590 %TASK RECEIVED%{"task_id": "13_R0", "duration": 4, "status": 0}
2020-12-07 00:23:51,152 %TASK COMPLETED%{'task_id': '15_M0', 'duration': 0, 'status': 2}
2020-12-07 00:23:51,158 %TASK COMPLETED%{'task_id': '6_R1', 'duration': 0, 'status': 2}
2020-12-07 00:23:51,159 %MESSAGE TO MASTER b'{"task_id": "15_M0", "duration": 0, "status": 2, "worker_id": 3}'
2020-12-07 00:23:51,159 %number of tasks running=% 0 %tasks completed=%10
2020-12-07 00:23:51,159 %MESSAGE TO MASTER b'{"task_id": "6_R1", "duration": 0, "status": 2, "worker_id": 3}'
2020-12-07 00:23:51,589 %TASK RECEIVED%{"task_id": "11_R1", "duration": 3, "status": 0}
2020-12-07 00:23:52,165 %number of tasks running=% 1 %tasks completed=%10
2020-12-07 00:23:52,411 %TASK RECEIVED%{"task_id": "15_R1", "duration": 1, "status": 0}
2020-12-07 00:23:53,175 %number of tasks running=% 2 %tasks completed=%10
2020-12-07 00:23:54,188 %TASK COMPLETED%{'task_id': '15_R1', 'duration': 0, 'status': 2}
2020-12-07 00:23:54,206 %number of tasks running=% 2 %tasks completed=%11
2020-12-07 00:23:54,207 %MESSAGE TO MASTER b'{"task_id": "15_R1", "duration": 0, "status": 2, "worker_id": 3}'
2020-12-07 00:23:55,215 %TASK COMPLETED%{'task_id': '13_R0', 'duration': 0, 'status': 2}
2020-12-07 00:23:55,227 %TASK COMPLETED%{'task_id': '11_R1', 'duration': 0, 'status': 2}
2020-12-07 00:23:55,228 %MESSAGE TO MASTER b'{"task_id": "13_R0", "duration": 0, "status": 2, "worker_id": 3}'
2020-12-07 00:23:55,228 %number of tasks running=% 0 %tasks completed=%13
2020-12-07 00:23:55,229 %MESSAGE TO MASTER b'{"task_id": "11_R1", "duration": 0, "status": 2, "worker_id": 3}'
2020-12-07 00:23:56,236 %number of tasks running=% 0 %tasks completed=%13
2020-12-07 00:23:57,249 %number of tasks running=% 0 %tasks completed=%13
2020-12-07 00:23:58,264 %number of tasks running=% 0 %tasks completed=%13
2020-12-07 00:23:59,272 %number of tasks running=% 0 %tasks completed=%13
2020-12-07 00:24:00,285 %number of tasks running=% 0 %tasks completed=%13
2020-12-07 00:24:01,299 %number of tasks running=% 0 %tasks completed=%13
2020-12-07 00:24:02,314 %number of tasks running=% 0 %tasks completed=%13
2020-12-07 00:24:03,331 %number of tasks running=% 0 %tasks completed=%13
