2020-12-05 11:37:44,752 %MASTER RECEIVED JOB%{"job_id": "0", "map_tasks": [{"task_id": "0_M0", "duration": 3}, {"task_id": "0_M1", "duration": 4}], "reduce_tasks": [{"task_id": "0_R0", "duration": 1}]}
2020-12-05 11:37:44,812 %SENDING WORKER WITH ID 2 and slots 6 the task%{"task_id": "0_M0", "duration": 3, "status": 1}
2020-12-05 11:37:44,915 %SENDING WORKER WITH ID 2 and slots 5 the task%{"task_id": "0_M1", "duration": 4, "status": 1}
2020-12-05 11:37:45,556 %MASTER RECEIVED JOB%{"job_id": "1", "map_tasks": [{"task_id": "1_M0", "duration": 3}], "reduce_tasks": [{"task_id": "1_R0", "duration": 2}, {"task_id": "1_R1", "duration": 2}]}
2020-12-05 11:37:45,639 %SENDING WORKER WITH ID 1 and slots 4 the task%{"task_id": "1_M0", "duration": 3, "status": 1}
2020-12-05 11:37:46,790 %MASTER RECEIVED JOB%{"job_id": "2", "map_tasks": [{"task_id": "2_M0", "duration": 4}, {"task_id": "2_M1", "duration": 2}, {"task_id": "2_M2", "duration": 2}, {"task_id": "2_M3", "duration": 2}], "reduce_tasks": [{"task_id": "2_R0", "duration": 4}, {"task_id": "2_R1", "duration": 1}]}
2020-12-05 11:37:46,877 %SENDING WORKER WITH ID 2 and slots 4 the task%{"task_id": "2_M0", "duration": 4, "status": 1}
2020-12-05 11:37:46,979 %SENDING WORKER WITH ID 1 and slots 3 the task%{"task_id": "2_M1", "duration": 2, "status": 1}
2020-12-05 11:37:47,015 %WORKER SENT%{'task_id': '0_M0', 'duration': 0, 'status': 2, 'worker_id': 2}
2020-12-05 11:37:47,083 %SENDING WORKER WITH ID 2 and slots 4 the task%{"task_id": "2_M2", "duration": 2, "status": 1}
2020-12-05 11:37:47,144 %MASTER RECEIVED JOB%{"job_id": "3", "map_tasks": [{"task_id": "3_M0", "duration": 1}], "reduce_tasks": [{"task_id": "3_R0", "duration": 3}]}
2020-12-05 11:37:47,188 %SENDING WORKER WITH ID 2 and slots 3 the task%{"task_id": "2_M3", "duration": 2, "status": 1}
2020-12-05 11:37:47,188 %SENDING WORKER WITH ID 1 and slots 2 the task%{"task_id": "3_M0", "duration": 1, "status": 1}
2020-12-05 11:37:47,869 %MASTER RECEIVED JOB%{"job_id": "4", "map_tasks": [{"task_id": "4_M0", "duration": 4}], "reduce_tasks": [{"task_id": "4_R0", "duration": 4}, {"task_id": "4_R1", "duration": 4}]}
2020-12-05 11:37:47,911 %SENDING WORKER WITH ID 2 and slots 2 the task%{"task_id": "4_M0", "duration": 4, "status": 1}
2020-12-05 11:37:48,033 %WORKER SENT%{'task_id': '1_M0', 'duration': 0, 'status': 2, 'worker_id': 1}
2020-12-05 11:37:48,033 %WORKER SENT%{'task_id': '2_M1', 'duration': 0, 'status': 2, 'worker_id': 1}
2020-12-05 11:37:48,033 %WORKER SENT%{'task_id': '3_M0', 'duration': 0, 'status': 2, 'worker_id': 1}
2020-12-05 11:37:48,039 %WORKER SENT%{'task_id': '0_M1', 'duration': 0, 'status': 2, 'worker_id': 2}
2020-12-05 11:37:48,114 %SENDING WORKER WITH ID 1 and slots 4 the task%{"task_id": "0_R0", "duration": 1, "status": 0}
2020-12-05 11:37:48,115 %SENDING WORKER WITH ID 1 and slots 3 the task%{"task_id": "1_R0", "duration": 2, "status": 0}
2020-12-05 11:37:48,116 %SENDING WORKER WITH ID 1 and slots 2 the task%{"task_id": "1_R1", "duration": 2, "status": 0}
2020-12-05 11:37:48,116 %SENDING WORKER WITH ID 2 and slots 2 the task%{"task_id": "3_R0", "duration": 3, "status": 0}
2020-12-05 11:37:49,048 %WORKER SENT%{'task_id': '0_R0', 'duration': 0, 'status': 2, 'worker_id': 1}
2020-12-05 11:37:49,048 %JOB FINISHED WITH ID:%0% and reduce tasks 1
2020-12-05 11:37:49,059 %WORKER SENT%{'task_id': '2_M2', 'duration': 0, 'status': 2, 'worker_id': 2}
2020-12-05 11:37:49,060 %WORKER SENT%{'task_id': '2_M3', 'duration': 0, 'status': 2, 'worker_id': 2}
2020-12-05 11:37:50,081 %WORKER SENT%{'task_id': '2_M0', 'duration': 0, 'status': 2, 'worker_id': 2}
2020-12-05 11:37:50,092 %WORKER SENT%{'task_id': '1_R0', 'duration': 0, 'status': 2, 'worker_id': 1}
2020-12-05 11:37:50,099 %WORKER SENT%{'task_id': '1_R1', 'duration': 0, 'status': 2, 'worker_id': 1}
2020-12-05 11:37:50,099 %JOB FINISHED WITH ID:%1% and reduce tasks 2
2020-12-05 11:37:50,108 %MASTER RECEIVED JOB%{"job_id": "5", "map_tasks": [{"task_id": "5_M0", "duration": 2}, {"task_id": "5_M1", "duration": 3}, {"task_id": "5_M2", "duration": 1}, {"task_id": "5_M3", "duration": 1}], "reduce_tasks": [{"task_id": "5_R0", "duration": 2}, {"task_id": "5_R1", "duration": 4}]}
2020-12-05 11:37:50,154 %SENDING WORKER WITH ID 1 and slots 4 the task%{"task_id": "5_M0", "duration": 2, "status": 1}
2020-12-05 11:37:50,154 %SENDING WORKER WITH ID 2 and slots 4 the task%{"task_id": "2_R0", "duration": 4, "status": 0}
2020-12-05 11:37:50,155 %SENDING WORKER WITH ID 1 and slots 3 the task%{"task_id": "2_R1", "duration": 1, "status": 0}
2020-12-05 11:37:50,155 %SENDING WORKER WITH ID 2 and slots 3 the task%{"task_id": "5_M1", "duration": 3, "status": 1}
2020-12-05 11:37:50,156 %SENDING WORKER WITH ID 1 and slots 2 the task%{"task_id": "5_M2", "duration": 1, "status": 1}
2020-12-05 11:37:50,156 %SENDING WORKER WITH ID 2 and slots 2 the task%{"task_id": "5_M3", "duration": 1, "status": 1}
2020-12-05 11:37:51,096 %WORKER SENT%{'task_id': '4_M0', 'duration': 0, 'status': 2, 'worker_id': 2}
2020-12-05 11:37:51,103 %WORKER SENT%{'task_id': '3_R0', 'duration': 0, 'status': 2, 'worker_id': 2}
2020-12-05 11:37:51,103 %JOB FINISHED WITH ID:%3% and reduce tasks 1
2020-12-05 11:37:51,111 %WORKER SENT%{'task_id': '2_R1', 'duration': 0, 'status': 2, 'worker_id': 1}
2020-12-05 11:37:51,115 %WORKER SENT%{'task_id': '5_M3', 'duration': 0, 'status': 2, 'worker_id': 2}
2020-12-05 11:37:51,122 %WORKER SENT%{'task_id': '5_M2', 'duration': 0, 'status': 2, 'worker_id': 1}
2020-12-05 11:37:51,174 %SENDING WORKER WITH ID 2 and slots 4 the task%{"task_id": "4_R0", "duration": 4, "status": 0}
2020-12-05 11:37:51,175 %SENDING WORKER WITH ID 1 and slots 3 the task%{"task_id": "4_R1", "duration": 4, "status": 0}
2020-12-05 11:37:52,142 %WORKER SENT%{'task_id': '5_M0', 'duration': 0, 'status': 2, 'worker_id': 1}
2020-12-05 11:37:52,377 %MASTER RECEIVED JOB%{"job_id": "6", "map_tasks": [{"task_id": "6_M0", "duration": 4}, {"task_id": "6_M1", "duration": 3}], "reduce_tasks": [{"task_id": "6_R0", "duration": 4}, {"task_id": "6_R1", "duration": 4}]}
2020-12-05 11:37:52,403 %SENDING WORKER WITH ID 1 and slots 3 the task%{"task_id": "6_M0", "duration": 4, "status": 1}
2020-12-05 11:37:52,509 %SENDING WORKER WITH ID 2 and slots 3 the task%{"task_id": "6_M1", "duration": 3, "status": 1}
2020-12-05 11:37:52,514 %MASTER RECEIVED JOB%{"job_id": "7", "map_tasks": [{"task_id": "7_M0", "duration": 2}, {"task_id": "7_M1", "duration": 3}, {"task_id": "7_M2", "duration": 1}], "reduce_tasks": [{"task_id": "7_R0", "duration": 3}, {"task_id": "7_R1", "duration": 2}]}
2020-12-05 11:37:52,612 %SENDING WORKER WITH ID 1 and slots 2 the task%{"task_id": "7_M0", "duration": 2, "status": 1}
2020-12-05 11:37:52,715 %SENDING WORKER WITH ID 2 and slots 2 the task%{"task_id": "7_M1", "duration": 3, "status": 1}
2020-12-05 11:37:52,748 %MASTER RECEIVED JOB%{"job_id": "8", "map_tasks": [{"task_id": "8_M0", "duration": 2}, {"task_id": "8_M1", "duration": 3}, {"task_id": "8_M2", "duration": 3}], "reduce_tasks": [{"task_id": "8_R0", "duration": 1}]}
2020-12-05 11:37:52,804 %MASTER RECEIVED JOB%{"job_id": "9", "map_tasks": [{"task_id": "9_M0", "duration": 4}], "reduce_tasks": [{"task_id": "9_R0", "duration": 1}, {"task_id": "9_R1", "duration": 3}]}
2020-12-05 11:37:52,817 %SENDING WORKER WITH ID 3 and slots 2 the task%{"task_id": "7_M2", "duration": 1, "status": 1}
2020-12-05 11:37:52,818 %SENDING WORKER WITH ID 1 and slots 1 the task%{"task_id": "8_M0", "duration": 2, "status": 1}
2020-12-05 11:37:52,819 %SENDING WORKER WITH ID 2 and slots 1 the task%{"task_id": "9_M0", "duration": 4, "status": 1}
2020-12-05 11:37:52,819 %SENDING WORKER WITH ID 3 and slots 1 the task%{"task_id": "8_M1", "duration": 3, "status": 1}
2020-12-05 11:37:52,819 %SENDING WORKER WITH ID 1 and slots 0 the task%{"task_id": "8_M2", "duration": 3, "status": 1}
2020-12-05 11:37:53,149 %WORKER SENT%{'task_id': '5_M1', 'duration': 0, 'status': 2, 'worker_id': 2}
2020-12-05 11:37:53,165 %WORKER SENT%{'task_id': '7_M2', 'duration': 0, 'status': 2, 'worker_id': 3}
2020-12-05 11:37:53,231 %SENDING WORKER WITH ID 2 and slots 1 the task%{"task_id": "5_R0", "duration": 2, "status": 0}
2020-12-05 11:37:53,232 %SENDING WORKER WITH ID 3 and slots 1 the task%{"task_id": "5_R1", "duration": 4, "status": 0}
2020-12-05 11:37:53,389 %MASTER RECEIVED JOB%{"job_id": "10", "map_tasks": [{"task_id": "10_M0", "duration": 2}], "reduce_tasks": [{"task_id": "10_R0", "duration": 1}, {"task_id": "10_R1", "duration": 3}]}
2020-12-05 11:37:53,424 %MASTER RECEIVED JOB%{"job_id": "11", "map_tasks": [{"task_id": "11_M0", "duration": 1}, {"task_id": "11_M1", "duration": 1}, {"task_id": "11_M2", "duration": 1}, {"task_id": "11_M3", "duration": 4}], "reduce_tasks": [{"task_id": "11_R0", "duration": 3}, {"task_id": "11_R1", "duration": 3}]}
2020-12-05 11:37:53,436 %SENDING WORKER WITH ID 2 and slots 0 the task%{"task_id": "10_M0", "duration": 2, "status": 1}
2020-12-05 11:37:53,438 %SENDING WORKER WITH ID 3 and slots 0 the task%{"task_id": "11_M0", "duration": 1, "status": 1}
2020-12-05 11:37:54,045 %MASTER RECEIVED JOB%{"job_id": "12", "map_tasks": [{"task_id": "12_M0", "duration": 3}, {"task_id": "12_M1", "duration": 1}], "reduce_tasks": [{"task_id": "12_R0", "duration": 1}]}
2020-12-05 11:37:54,169 %WORKER SENT%{'task_id': '2_R0', 'duration': 0, 'status': 2, 'worker_id': 2}
2020-12-05 11:37:54,169 %JOB FINISHED WITH ID:%2% and reduce tasks 2
2020-12-05 11:37:54,181 %WORKER SENT%{'task_id': '11_M0', 'duration': 0, 'status': 2, 'worker_id': 3}
2020-12-05 11:37:54,191 %WORKER SENT%{'task_id': '7_M0', 'duration': 0, 'status': 2, 'worker_id': 1}
2020-12-05 11:37:54,203 %WORKER SENT%{'task_id': '8_M0', 'duration': 0, 'status': 2, 'worker_id': 1}
2020-12-05 11:37:54,440 %SENDING WORKER WITH ID 1 and slots 1 the task%{"task_id": "11_M1", "duration": 1, "status": 1}
2020-12-05 11:37:54,441 %SENDING WORKER WITH ID 1 and slots 0 the task%{"task_id": "11_M2", "duration": 1, "status": 1}
2020-12-05 11:37:54,441 %SENDING WORKER WITH ID 2 and slots 0 the task%{"task_id": "11_M3", "duration": 4, "status": 1}
2020-12-05 11:37:54,441 %SENDING WORKER WITH ID 3 and slots 0 the task%{"task_id": "12_M0", "duration": 3, "status": 1}
2020-12-05 11:37:55,099 %MASTER RECEIVED JOB%{"job_id": "13", "map_tasks": [{"task_id": "13_M0", "duration": 2}], "reduce_tasks": [{"task_id": "13_R0", "duration": 4}]}
2020-12-05 11:37:55,181 %WORKER SENT%{'task_id': '4_R0', 'duration': 0, 'status': 2, 'worker_id': 2}
2020-12-05 11:37:55,181 %WORKER SENT%{'task_id': '6_M1', 'duration': 0, 'status': 2, 'worker_id': 2}
2020-12-05 11:37:55,199 %WORKER SENT%{'task_id': '7_M1', 'duration': 0, 'status': 2, 'worker_id': 2}
2020-12-05 11:37:55,204 %WORKER SENT%{'task_id': '8_M1', 'duration': 0, 'status': 2, 'worker_id': 3}
2020-12-05 11:37:55,205 %WORKER SENT%{'task_id': '5_R0', 'duration': 0, 'status': 2, 'worker_id': 2}
2020-12-05 11:37:55,212 %WORKER SENT%{'task_id': '10_M0', 'duration': 0, 'status': 2, 'worker_id': 2}
2020-12-05 11:37:55,229 %WORKER SENT%{'task_id': '4_R1', 'duration': 0, 'status': 2, 'worker_id': 1}
2020-12-05 11:37:55,229 %JOB FINISHED WITH ID:%4% and reduce tasks 2
2020-12-05 11:37:55,236 %WORKER SENT%{'task_id': '8_M2', 'duration': 0, 'status': 2, 'worker_id': 1}
2020-12-05 11:37:55,239 %WORKER SENT%{'task_id': '11_M1', 'duration': 0, 'status': 2, 'worker_id': 1}
2020-12-05 11:37:55,242 %WORKER SENT%{'task_id': '11_M2', 'duration': 0, 'status': 2, 'worker_id': 1}
2020-12-05 11:37:55,432 %MASTER RECEIVED JOB%{"job_id": "14", "map_tasks": [{"task_id": "14_M0", "duration": 2}, {"task_id": "14_M1", "duration": 1}, {"task_id": "14_M2", "duration": 3}], "reduce_tasks": [{"task_id": "14_R0", "duration": 3}, {"task_id": "14_R1", "duration": 3}]}
2020-12-05 11:37:55,442 %SENDING WORKER WITH ID 2 and slots 4 the task%{"task_id": "12_M1", "duration": 1, "status": 1}
2020-12-05 11:37:55,443 %SENDING WORKER WITH ID 1 and slots 3 the task%{"task_id": "13_M0", "duration": 2, "status": 1}
2020-12-05 11:37:55,444 %SENDING WORKER WITH ID 2 and slots 3 the task%{"task_id": "14_M0", "duration": 2, "status": 1}
2020-12-05 11:37:55,445 %SENDING WORKER WITH ID 1 and slots 2 the task%{"task_id": "7_R0", "duration": 3, "status": 0}
2020-12-05 11:37:55,446 %SENDING WORKER WITH ID 2 and slots 2 the task%{"task_id": "7_R1", "duration": 2, "status": 0}
2020-12-05 11:37:55,446 %SENDING WORKER WITH ID 1 and slots 1 the task%{"task_id": "8_R0", "duration": 1, "status": 0}
2020-12-05 11:37:55,447 %SENDING WORKER WITH ID 2 and slots 1 the task%{"task_id": "10_R0", "duration": 1, "status": 0}
2020-12-05 11:37:55,447 %SENDING WORKER WITH ID 1 and slots 0 the task%{"task_id": "10_R1", "duration": 3, "status": 0}
2020-12-05 11:37:55,448 %SENDING WORKER WITH ID 2 and slots 0 the task%{"task_id": "14_M1", "duration": 1, "status": 1}
2020-12-05 11:37:55,449 %SENDING WORKER WITH ID 3 and slots 0 the task%{"task_id": "14_M2", "duration": 3, "status": 1}
2020-12-05 11:37:56,226 %WORKER SENT%{'task_id': '9_M0', 'duration': 0, 'status': 2, 'worker_id': 2}
2020-12-05 11:37:56,227 %WORKER SENT%{'task_id': '12_M1', 'duration': 0, 'status': 2, 'worker_id': 2}
2020-12-05 11:37:56,234 %WORKER SENT%{'task_id': '10_R0', 'duration': 0, 'status': 2, 'worker_id': 2}
2020-12-05 11:37:56,240 %WORKER SENT%{'task_id': '14_M1', 'duration': 0, 'status': 2, 'worker_id': 2}
2020-12-05 11:37:56,247 %WORKER SENT%{'task_id': '6_M0', 'duration': 0, 'status': 2, 'worker_id': 1}
2020-12-05 11:37:56,260 %WORKER SENT%{'task_id': '8_R0', 'duration': 0, 'status': 2, 'worker_id': 1}
2020-12-05 11:37:56,260 %JOB FINISHED WITH ID:%8% and reduce tasks 1
2020-12-05 11:37:56,566 %MASTER RECEIVED JOB%{"job_id": "15", "map_tasks": [{"task_id": "15_M0", "duration": 4}, {"task_id": "15_M1", "duration": 4}], "reduce_tasks": [{"task_id": "15_R0", "duration": 4}, {"task_id": "15_R1", "duration": 1}]}
2020-12-05 11:37:56,660 %SENDING WORKER WITH ID 2 and slots 3 the task%{"task_id": "15_M0", "duration": 4, "status": 1}
2020-12-05 11:37:56,660 %SENDING WORKER WITH ID 2 and slots 2 the task%{"task_id": "6_R0", "duration": 4, "status": 0}
2020-12-05 11:37:56,661 %SENDING WORKER WITH ID 1 and slots 1 the task%{"task_id": "6_R1", "duration": 4, "status": 0}
2020-12-05 11:37:56,661 %SENDING WORKER WITH ID 2 and slots 1 the task%{"task_id": "9_R0", "duration": 1, "status": 0}
2020-12-05 11:37:56,662 %SENDING WORKER WITH ID 1 and slots 0 the task%{"task_id": "9_R1", "duration": 3, "status": 0}
2020-12-05 11:37:56,662 %SENDING WORKER WITH ID 2 and slots 0 the task%{"task_id": "15_M1", "duration": 4, "status": 1}
2020-12-05 11:37:57,239 %WORKER SENT%{'task_id': '5_R1', 'duration': 0, 'status': 2, 'worker_id': 3}
2020-12-05 11:37:57,239 %JOB FINISHED WITH ID:%5% and reduce tasks 2
2020-12-05 11:37:57,240 %WORKER SENT%{'task_id': '12_M0', 'duration': 0, 'status': 2, 'worker_id': 3}
2020-12-05 11:37:57,250 %WORKER SENT%{'task_id': '14_M0', 'duration': 0, 'status': 2, 'worker_id': 2}
2020-12-05 11:37:57,256 %WORKER SENT%{'task_id': '7_R1', 'duration': 0, 'status': 2, 'worker_id': 2}
2020-12-05 11:37:57,257 %WORKER SENT%{'task_id': '9_R0', 'duration': 0, 'status': 2, 'worker_id': 2}
2020-12-05 11:37:57,280 %WORKER SENT%{'task_id': '13_M0', 'duration': 0, 'status': 2, 'worker_id': 1}
2020-12-05 11:37:57,473 %MASTER RECEIVED JOB%{"job_id": "16", "map_tasks": [{"task_id": "16_M0", "duration": 2}, {"task_id": "16_M1", "duration": 3}, {"task_id": "16_M2", "duration": 4}], "reduce_tasks": [{"task_id": "16_R0", "duration": 3}, {"task_id": "16_R1", "duration": 3}]}
2020-12-05 11:37:57,499 %MASTER RECEIVED JOB%{"job_id": "17", "map_tasks": [{"task_id": "17_M0", "duration": 4}, {"task_id": "17_M1", "duration": 3}, {"task_id": "17_M2", "duration": 1}], "reduce_tasks": [{"task_id": "17_R0", "duration": 4}]}
2020-12-05 11:37:57,870 %SENDING WORKER WITH ID 2 and slots 2 the task%{"task_id": "16_M0", "duration": 2, "status": 1}
2020-12-05 11:37:57,871 %SENDING WORKER WITH ID 2 and slots 1 the task%{"task_id": "17_M0", "duration": 4, "status": 1}
2020-12-05 11:37:57,871 %SENDING WORKER WITH ID 3 and slots 1 the task%{"task_id": "12_R0", "duration": 1, "status": 0}
2020-12-05 11:37:57,872 %SENDING WORKER WITH ID 1 and slots 0 the task%{"task_id": "13_R0", "duration": 4, "status": 0}
2020-12-05 11:37:57,872 %SENDING WORKER WITH ID 2 and slots 0 the task%{"task_id": "16_M1", "duration": 3, "status": 1}
2020-12-05 11:37:57,873 %SENDING WORKER WITH ID 3 and slots 0 the task%{"task_id": "17_M1", "duration": 3, "status": 1}
2020-12-05 11:37:58,255 %WORKER SENT%{'task_id': '14_M2', 'duration': 0, 'status': 2, 'worker_id': 3}
2020-12-05 11:37:58,261 %WORKER SENT%{'task_id': '12_R0', 'duration': 0, 'status': 2, 'worker_id': 3}
2020-12-05 11:37:58,261 %JOB FINISHED WITH ID:%12% and reduce tasks 1
2020-12-05 11:37:58,267 %WORKER SENT%{'task_id': '11_M3', 'duration': 0, 'status': 2, 'worker_id': 2}
2020-12-05 11:37:58,290 %WORKER SENT%{'task_id': '7_R0', 'duration': 0, 'status': 2, 'worker_id': 1}
2020-12-05 11:37:58,291 %JOB FINISHED WITH ID:%7% and reduce tasks 2
2020-12-05 11:37:58,297 %WORKER SENT%{'task_id': '10_R1', 'duration': 0, 'status': 2, 'worker_id': 1}
2020-12-05 11:37:58,297 %JOB FINISHED WITH ID:%10% and reduce tasks 2
2020-12-05 11:37:58,322 %MASTER RECEIVED JOB%{"job_id": "18", "map_tasks": [{"task_id": "18_M0", "duration": 3}, {"task_id": "18_M1", "duration": 4}], "reduce_tasks": [{"task_id": "18_R0", "duration": 3}]}
2020-12-05 11:37:58,628 %MASTER RECEIVED JOB%{"job_id": "19", "map_tasks": [{"task_id": "19_M0", "duration": 4}, {"task_id": "19_M1", "duration": 1}, {"task_id": "19_M2", "duration": 1}], "reduce_tasks": [{"task_id": "19_R0", "duration": 1}, {"task_id": "19_R1", "duration": 3}]}
2020-12-05 11:37:58,875 %SENDING WORKER WITH ID 1 and slots 1 the task%{"task_id": "16_M2", "duration": 4, "status": 1}
2020-12-05 11:37:58,876 %SENDING WORKER WITH ID 3 and slots 1 the task%{"task_id": "17_M2", "duration": 1, "status": 1}
2020-12-05 11:37:58,876 %SENDING WORKER WITH ID 1 and slots 0 the task%{"task_id": "18_M0", "duration": 3, "status": 1}
2020-12-05 11:37:58,877 %SENDING WORKER WITH ID 2 and slots 0 the task%{"task_id": "19_M0", "duration": 4, "status": 1}
2020-12-05 11:37:58,877 %SENDING WORKER WITH ID 3 and slots 0 the task%{"task_id": "11_R0", "duration": 3, "status": 0}
2020-12-05 11:37:59,274 %WORKER SENT%{'task_id': '17_M2', 'duration': 0, 'status': 2, 'worker_id': 3}
2020-12-05 11:37:59,298 %WORKER SENT%{'task_id': '16_M0', 'duration': 0, 'status': 2, 'worker_id': 2}
2020-12-05 11:37:59,316 %WORKER SENT%{'task_id': '9_R1', 'duration': 0, 'status': 2, 'worker_id': 1}
2020-12-05 11:37:59,316 %JOB FINISHED WITH ID:%9% and reduce tasks 2
2020-12-05 11:37:59,883 %SENDING WORKER WITH ID 1 and slots 0 the task%{"task_id": "11_R1", "duration": 3, "status": 0}
2020-12-05 11:37:59,884 %SENDING WORKER WITH ID 2 and slots 0 the task%{"task_id": "14_R0", "duration": 3, "status": 0}
2020-12-05 11:37:59,884 %SENDING WORKER WITH ID 3 and slots 0 the task%{"task_id": "14_R1", "duration": 3, "status": 0}
2020-12-05 11:38:00,286 %WORKER SENT%{'task_id': '17_M1', 'duration': 0, 'status': 2, 'worker_id': 3}
2020-12-05 11:38:00,330 %WORKER SENT%{'task_id': '15_M0', 'duration': 0, 'status': 2, 'worker_id': 2}
2020-12-05 11:38:00,335 %WORKER SENT%{'task_id': '6_R1', 'duration': 0, 'status': 2, 'worker_id': 1}
2020-12-05 11:38:00,343 %WORKER SENT%{'task_id': '6_R0', 'duration': 0, 'status': 2, 'worker_id': 2}
2020-12-05 11:38:00,343 %JOB FINISHED WITH ID:%6% and reduce tasks 2
2020-12-05 11:38:00,344 %WORKER SENT%{'task_id': '15_M1', 'duration': 0, 'status': 2, 'worker_id': 2}
2020-12-05 11:38:00,357 %WORKER SENT%{'task_id': '16_M1', 'duration': 0, 'status': 2, 'worker_id': 2}
2020-12-05 11:38:00,890 %SENDING WORKER WITH ID 2 and slots 3 the task%{"task_id": "18_M1", "duration": 4, "status": 1}
2020-12-05 11:38:00,891 %SENDING WORKER WITH ID 2 and slots 2 the task%{"task_id": "19_M1", "duration": 1, "status": 1}
2020-12-05 11:38:00,891 %SENDING WORKER WITH ID 2 and slots 1 the task%{"task_id": "19_M2", "duration": 1, "status": 1}
2020-12-05 11:38:00,892 %SENDING WORKER WITH ID 1 and slots 0 the task%{"task_id": "15_R0", "duration": 4, "status": 0}
2020-12-05 11:38:00,893 %SENDING WORKER WITH ID 2 and slots 0 the task%{"task_id": "15_R1", "duration": 1, "status": 0}
2020-12-05 11:38:01,303 %WORKER SENT%{'task_id': '11_R0', 'duration': 0, 'status': 2, 'worker_id': 3}
2020-12-05 11:38:01,358 %WORKER SENT%{'task_id': '13_R0', 'duration': 0, 'status': 2, 'worker_id': 1}
2020-12-05 11:38:01,358 %JOB FINISHED WITH ID:%13% and reduce tasks 1
2020-12-05 11:38:01,365 %WORKER SENT%{'task_id': '18_M0', 'duration': 0, 'status': 2, 'worker_id': 1}
2020-12-05 11:38:01,370 %WORKER SENT%{'task_id': '17_M0', 'duration': 0, 'status': 2, 'worker_id': 2}
2020-12-05 11:38:01,370 %WORKER SENT%{'task_id': '19_M1', 'duration': 0, 'status': 2, 'worker_id': 2}
2020-12-05 11:38:01,384 %WORKER SENT%{'task_id': '19_M2', 'duration': 0, 'status': 2, 'worker_id': 2}
2020-12-05 11:38:01,391 %WORKER SENT%{'task_id': '15_R1', 'duration': 0, 'status': 2, 'worker_id': 2}
2020-12-05 11:38:01,401 %SENDING WORKER WITH ID 2 and slots 3 the task%{"task_id": "17_R0", "duration": 4, "status": 0}
2020-12-05 11:38:02,328 %WORKER SENT%{'task_id': '14_R1', 'duration': 0, 'status': 2, 'worker_id': 3}
2020-12-05 11:38:02,376 %WORKER SENT%{'task_id': '16_M2', 'duration': 0, 'status': 2, 'worker_id': 1}
2020-12-05 11:38:02,388 %WORKER SENT%{'task_id': '11_R1', 'duration': 0, 'status': 2, 'worker_id': 1}
2020-12-05 11:38:02,388 %JOB FINISHED WITH ID:%11% and reduce tasks 2
2020-12-05 11:38:02,411 %WORKER SENT%{'task_id': '19_M0', 'duration': 0, 'status': 2, 'worker_id': 2}
2020-12-05 11:38:02,412 %WORKER SENT%{'task_id': '14_R0', 'duration': 0, 'status': 2, 'worker_id': 2}
2020-12-05 11:38:02,412 %JOB FINISHED WITH ID:%14% and reduce tasks 2
2020-12-05 11:38:02,430 %SENDING WORKER WITH ID 2 and slots 4 the task%{"task_id": "16_R0", "duration": 3, "status": 0}
2020-12-05 11:38:02,431 %SENDING WORKER WITH ID 1 and slots 3 the task%{"task_id": "16_R1", "duration": 3, "status": 0}
2020-12-05 11:38:02,432 %SENDING WORKER WITH ID 2 and slots 3 the task%{"task_id": "19_R0", "duration": 1, "status": 0}
2020-12-05 11:38:02,433 %SENDING WORKER WITH ID 1 and slots 2 the task%{"task_id": "19_R1", "duration": 3, "status": 0}
2020-12-05 11:38:03,422 %WORKER SENT%{'task_id': '19_R0', 'duration': 0, 'status': 2, 'worker_id': 2}
2020-12-05 11:38:04,406 %WORKER SENT%{'task_id': '15_R0', 'duration': 0, 'status': 2, 'worker_id': 1}
2020-12-05 11:38:04,407 %JOB FINISHED WITH ID:%15% and reduce tasks 2
2020-12-05 11:38:04,429 %WORKER SENT%{'task_id': '18_M1', 'duration': 0, 'status': 2, 'worker_id': 2}
2020-12-05 11:38:04,483 %SENDING WORKER WITH ID 2 and slots 4 the task%{"task_id": "18_R0", "duration": 3, "status": 0}
2020-12-05 11:38:05,417 %WORKER SENT%{'task_id': '16_R1', 'duration': 0, 'status': 2, 'worker_id': 1}
2020-12-05 11:38:05,430 %WORKER SENT%{'task_id': '19_R1', 'duration': 0, 'status': 2, 'worker_id': 1}
2020-12-05 11:38:05,430 %JOB FINISHED WITH ID:%19% and reduce tasks 2
2020-12-05 11:38:05,443 %WORKER SENT%{'task_id': '17_R0', 'duration': 0, 'status': 2, 'worker_id': 2}
2020-12-05 11:38:05,443 %JOB FINISHED WITH ID:%17% and reduce tasks 1
2020-12-05 11:38:05,449 %WORKER SENT%{'task_id': '16_R0', 'duration': 0, 'status': 2, 'worker_id': 2}
2020-12-05 11:38:05,449 %JOB FINISHED WITH ID:%16% and reduce tasks 2
2020-12-05 11:38:07,465 %WORKER SENT%{'task_id': '18_R0', 'duration': 0, 'status': 2, 'worker_id': 2}
2020-12-05 11:38:07,465 %JOB FINISHED WITH ID:%18% and reduce tasks 1
