2020-12-05 11:12:04,080 %MASTER RECEIVED JOB%{"job_id": "0", "map_tasks": [{"task_id": "0_M0", "duration": 3}, {"task_id": "0_M1", "duration": 4}], "reduce_tasks": [{"task_id": "0_R0", "duration": 1}]}
2020-12-05 11:12:04,117 %SENDING WORKER WITH ID 1 and slots 4 the task%{"task_id": "0_M0", "duration": 3, "status": 1}
2020-12-05 11:12:04,218 %SENDING WORKER WITH ID 1 and slots 3 the task%{"task_id": "0_M1", "duration": 4, "status": 1}
2020-12-05 11:12:04,875 %MASTER RECEIVED JOB%{"job_id": "1", "map_tasks": [{"task_id": "1_M0", "duration": 3}], "reduce_tasks": [{"task_id": "1_R0", "duration": 2}, {"task_id": "1_R1", "duration": 2}]}
2020-12-05 11:12:04,932 %SENDING WORKER WITH ID 1 and slots 2 the task%{"task_id": "1_M0", "duration": 3, "status": 1}
2020-12-05 11:12:06,116 %MASTER RECEIVED JOB%{"job_id": "2", "map_tasks": [{"task_id": "2_M0", "duration": 4}, {"task_id": "2_M1", "duration": 2}, {"task_id": "2_M2", "duration": 2}, {"task_id": "2_M3", "duration": 2}], "reduce_tasks": [{"task_id": "2_R0", "duration": 4}, {"task_id": "2_R1", "duration": 1}]}
2020-12-05 11:12:06,158 %SENDING WORKER WITH ID 1 and slots 1 the task%{"task_id": "2_M0", "duration": 4, "status": 1}
2020-12-05 11:12:06,263 %SENDING WORKER WITH ID 1 and slots 0 the task%{"task_id": "2_M1", "duration": 2, "status": 1}
2020-12-05 11:12:06,367 %SENDING WORKER WITH ID 2 and slots 6 the task%{"task_id": "2_M2", "duration": 2, "status": 1}
2020-12-05 11:12:06,471 %SENDING WORKER WITH ID 2 and slots 5 the task%{"task_id": "2_M3", "duration": 2, "status": 1}
2020-12-05 11:12:06,471 %MASTER RECEIVED JOB%{"job_id": "3", "map_tasks": [{"task_id": "3_M0", "duration": 1}], "reduce_tasks": [{"task_id": "3_R0", "duration": 3}]}
2020-12-05 11:12:06,573 %SENDING WORKER WITH ID 2 and slots 4 the task%{"task_id": "3_M0", "duration": 1, "status": 1}
2020-12-05 11:12:07,193 %MASTER RECEIVED JOB%{"job_id": "4", "map_tasks": [{"task_id": "4_M0", "duration": 4}], "reduce_tasks": [{"task_id": "4_R0", "duration": 4}, {"task_id": "4_R1", "duration": 4}]}
2020-12-05 11:12:07,287 %SENDING WORKER WITH ID 2 and slots 3 the task%{"task_id": "4_M0", "duration": 4, "status": 1}
2020-12-05 11:12:07,577 %WORKER SENT%{'task_id': '0_M0', 'duration': 0, 'status': 2, 'worker_id': 1}
2020-12-05 11:12:08,330 %WORKER SENT%{'task_id': '3_M0', 'duration': 0, 'status': 2, 'worker_id': 2}
2020-12-05 11:12:08,421 %SENDING WORKER WITH ID 1 and slots 0 the task%{"task_id": "3_R0", "duration": 3, "status": 0}
2020-12-05 11:12:08,604 %WORKER SENT%{'task_id': '0_M1', 'duration': 0, 'status': 2, 'worker_id': 1}
2020-12-05 11:12:08,605 %WORKER SENT%{'task_id': '1_M0', 'duration': 0, 'status': 2, 'worker_id': 1}
2020-12-05 11:12:08,605 %WORKER SENT%{'task_id': '2_M1', 'duration': 0, 'status': 2, 'worker_id': 1}
2020-12-05 11:12:08,624 %SENDING WORKER WITH ID 1 and slots 2 the task%{"task_id": "0_R0", "duration": 1, "status": 0}
2020-12-05 11:12:08,625 %SENDING WORKER WITH ID 2 and slots 3 the task%{"task_id": "1_R0", "duration": 2, "status": 0}
2020-12-05 11:12:08,625 %SENDING WORKER WITH ID 3 and slots 2 the task%{"task_id": "1_R1", "duration": 2, "status": 0}
2020-12-05 11:12:09,347 %WORKER SENT%{'task_id': '2_M2', 'duration': 0, 'status': 2, 'worker_id': 2}
2020-12-05 11:12:09,359 %WORKER SENT%{'task_id': '2_M3', 'duration': 0, 'status': 2, 'worker_id': 2}
2020-12-05 11:12:09,440 %MASTER RECEIVED JOB%{"job_id": "5", "map_tasks": [{"task_id": "5_M0", "duration": 2}, {"task_id": "5_M1", "duration": 3}, {"task_id": "5_M2", "duration": 1}, {"task_id": "5_M3", "duration": 1}], "reduce_tasks": [{"task_id": "5_R0", "duration": 2}, {"task_id": "5_R1", "duration": 4}]}
2020-12-05 11:12:09,444 %SENDING WORKER WITH ID 1 and slots 1 the task%{"task_id": "5_M0", "duration": 2, "status": 1}
2020-12-05 11:12:09,545 %SENDING WORKER WITH ID 1 and slots 0 the task%{"task_id": "5_M1", "duration": 3, "status": 1}
2020-12-05 11:12:09,648 %SENDING WORKER WITH ID 2 and slots 4 the task%{"task_id": "5_M2", "duration": 1, "status": 1}
2020-12-05 11:12:09,751 %SENDING WORKER WITH ID 2 and slots 3 the task%{"task_id": "5_M3", "duration": 1, "status": 1}
2020-12-05 11:12:10,643 %WORKER SENT%{'task_id': '2_M0', 'duration': 0, 'status': 2, 'worker_id': 1}
2020-12-05 11:12:10,651 %WORKER SENT%{'task_id': '0_R0', 'duration': 0, 'status': 2, 'worker_id': 1}
2020-12-05 11:12:10,651 %JOB FINISHED WITH ID:%0% and reduce tasks 1
2020-12-05 11:12:10,671 %SENDING WORKER WITH ID 1 and slots 1 the task%{"task_id": "2_R0", "duration": 4, "status": 0}
2020-12-05 11:12:10,672 %SENDING WORKER WITH ID 2 and slots 2 the task%{"task_id": "2_R1", "duration": 1, "status": 0}
2020-12-05 11:12:11,386 %WORKER SENT%{'task_id': '1_R0', 'duration': 0, 'status': 2, 'worker_id': 2}
2020-12-05 11:12:11,386 %WORKER SENT%{'task_id': '5_M2', 'duration': 0, 'status': 2, 'worker_id': 2}
2020-12-05 11:12:11,391 %WORKER SENT%{'task_id': '1_R1', 'duration': 0, 'status': 2, 'worker_id': 3}
2020-12-05 11:12:11,391 %JOB FINISHED WITH ID:%1% and reduce tasks 2
2020-12-05 11:12:11,392 %WORKER SENT%{'task_id': '5_M3', 'duration': 0, 'status': 2, 'worker_id': 2}
2020-12-05 11:12:11,661 %WORKER SENT%{'task_id': '3_R0', 'duration': 0, 'status': 2, 'worker_id': 1}
2020-12-05 11:12:11,661 %JOB FINISHED WITH ID:%3% and reduce tasks 1
2020-12-05 11:12:11,680 %WORKER SENT%{'task_id': '5_M0', 'duration': 0, 'status': 2, 'worker_id': 1}
2020-12-05 11:12:11,714 %MASTER RECEIVED JOB%{"job_id": "6", "map_tasks": [{"task_id": "6_M0", "duration": 4}, {"task_id": "6_M1", "duration": 3}], "reduce_tasks": [{"task_id": "6_R0", "duration": 4}, {"task_id": "6_R1", "duration": 4}]}
2020-12-05 11:12:11,795 %SENDING WORKER WITH ID 1 and slots 2 the task%{"task_id": "6_M0", "duration": 4, "status": 1}
2020-12-05 11:12:11,850 %MASTER RECEIVED JOB%{"job_id": "7", "map_tasks": [{"task_id": "7_M0", "duration": 2}, {"task_id": "7_M1", "duration": 3}, {"task_id": "7_M2", "duration": 1}], "reduce_tasks": [{"task_id": "7_R0", "duration": 3}, {"task_id": "7_R1", "duration": 2}]}
2020-12-05 11:12:11,899 %SENDING WORKER WITH ID 1 and slots 1 the task%{"task_id": "6_M1", "duration": 3, "status": 1}
2020-12-05 11:12:11,899 %SENDING WORKER WITH ID 2 and slots 4 the task%{"task_id": "7_M0", "duration": 2, "status": 1}
2020-12-05 11:12:12,002 %SENDING WORKER WITH ID 1 and slots 0 the task%{"task_id": "7_M1", "duration": 3, "status": 1}
2020-12-05 11:12:12,093 %MASTER RECEIVED JOB%{"job_id": "8", "map_tasks": [{"task_id": "8_M0", "duration": 2}, {"task_id": "8_M1", "duration": 3}, {"task_id": "8_M2", "duration": 3}], "reduce_tasks": [{"task_id": "8_R0", "duration": 1}]}
2020-12-05 11:12:12,108 %SENDING WORKER WITH ID 2 and slots 3 the task%{"task_id": "7_M2", "duration": 1, "status": 1}
2020-12-05 11:12:12,109 %SENDING WORKER WITH ID 3 and slots 2 the task%{"task_id": "8_M0", "duration": 2, "status": 1}
2020-12-05 11:12:12,149 %MASTER RECEIVED JOB%{"job_id": "9", "map_tasks": [{"task_id": "9_M0", "duration": 4}], "reduce_tasks": [{"task_id": "9_R0", "duration": 1}, {"task_id": "9_R1", "duration": 3}]}
2020-12-05 11:12:12,211 %SENDING WORKER WITH ID 2 and slots 2 the task%{"task_id": "8_M1", "duration": 3, "status": 1}
2020-12-05 11:12:12,213 %SENDING WORKER WITH ID 3 and slots 1 the task%{"task_id": "9_M0", "duration": 4, "status": 1}
2020-12-05 11:12:12,318 %SENDING WORKER WITH ID 2 and slots 1 the task%{"task_id": "8_M2", "duration": 3, "status": 1}
2020-12-05 11:12:12,406 %WORKER SENT%{'task_id': '4_M0', 'duration': 0, 'status': 2, 'worker_id': 2}
2020-12-05 11:12:12,407 %WORKER SENT%{'task_id': '2_R1', 'duration': 0, 'status': 2, 'worker_id': 2}
2020-12-05 11:12:12,420 %SENDING WORKER WITH ID 2 and slots 2 the task%{"task_id": "4_R0", "duration": 4, "status": 0}
2020-12-05 11:12:12,420 %SENDING WORKER WITH ID 3 and slots 0 the task%{"task_id": "4_R1", "duration": 4, "status": 0}
2020-12-05 11:12:12,710 %WORKER SENT%{'task_id': '5_M1', 'duration': 0, 'status': 2, 'worker_id': 1}
2020-12-05 11:12:12,731 %SENDING WORKER WITH ID 1 and slots 0 the task%{"task_id": "5_R0", "duration": 2, "status": 0}
2020-12-05 11:12:12,732 %SENDING WORKER WITH ID 2 and slots 1 the task%{"task_id": "5_R1", "duration": 4, "status": 0}
2020-12-05 11:12:12,732 %MASTER RECEIVED JOB%{"job_id": "10", "map_tasks": [{"task_id": "10_M0", "duration": 2}], "reduce_tasks": [{"task_id": "10_R0", "duration": 1}, {"task_id": "10_R1", "duration": 3}]}
2020-12-05 11:12:12,766 %MASTER RECEIVED JOB%{"job_id": "11", "map_tasks": [{"task_id": "11_M0", "duration": 1}, {"task_id": "11_M1", "duration": 1}, {"task_id": "11_M2", "duration": 1}, {"task_id": "11_M3", "duration": 4}], "reduce_tasks": [{"task_id": "11_R0", "duration": 3}, {"task_id": "11_R1", "duration": 3}]}
2020-12-05 11:12:12,836 %SENDING WORKER WITH ID 2 and slots 0 the task%{"task_id": "10_M0", "duration": 2, "status": 1}
2020-12-05 11:12:13,379 %MASTER RECEIVED JOB%{"job_id": "12", "map_tasks": [{"task_id": "12_M0", "duration": 3}, {"task_id": "12_M1", "duration": 1}], "reduce_tasks": [{"task_id": "12_R0", "duration": 1}]}
2020-12-05 11:12:13,443 %WORKER SENT%{'task_id': '7_M2', 'duration': 0, 'status': 2, 'worker_id': 2}
2020-12-05 11:12:13,841 %SENDING WORKER WITH ID 2 and slots 0 the task%{"task_id": "11_M0", "duration": 1, "status": 1}
2020-12-05 11:12:14,433 %WORKER SENT%{'task_id': '8_M0', 'duration': 0, 'status': 2, 'worker_id': 3}
2020-12-05 11:12:14,439 %MASTER RECEIVED JOB%{"job_id": "13", "map_tasks": [{"task_id": "13_M0", "duration": 2}], "reduce_tasks": [{"task_id": "13_R0", "duration": 4}]}
2020-12-05 11:12:14,456 %WORKER SENT%{'task_id': '7_M0', 'duration': 0, 'status': 2, 'worker_id': 2}
2020-12-05 11:12:14,771 %MASTER RECEIVED JOB%{"job_id": "14", "map_tasks": [{"task_id": "14_M0", "duration": 2}, {"task_id": "14_M1", "duration": 1}, {"task_id": "14_M2", "duration": 3}], "reduce_tasks": [{"task_id": "14_R0", "duration": 3}, {"task_id": "14_R1", "duration": 3}]}
2020-12-05 11:12:14,847 %SENDING WORKER WITH ID 2 and slots 0 the task%{"task_id": "11_M1", "duration": 1, "status": 1}
2020-12-05 11:12:14,847 %SENDING WORKER WITH ID 3 and slots 0 the task%{"task_id": "11_M2", "duration": 1, "status": 1}
2020-12-05 11:12:15,468 %WORKER SENT%{'task_id': '8_M1', 'duration': 0, 'status': 2, 'worker_id': 2}
2020-12-05 11:12:15,469 %WORKER SENT%{'task_id': '8_M2', 'duration': 0, 'status': 2, 'worker_id': 2}
2020-12-05 11:12:15,476 %WORKER SENT%{'task_id': '10_M0', 'duration': 0, 'status': 2, 'worker_id': 2}
2020-12-05 11:12:15,476 %WORKER SENT%{'task_id': '11_M0', 'duration': 0, 'status': 2, 'worker_id': 2}
2020-12-05 11:12:15,774 %WORKER SENT%{'task_id': '2_R0', 'duration': 0, 'status': 2, 'worker_id': 1}
2020-12-05 11:12:15,775 %JOB FINISHED WITH ID:%2% and reduce tasks 2
2020-12-05 11:12:15,775 %WORKER SENT%{'task_id': '6_M1', 'duration': 0, 'status': 2, 'worker_id': 1}
2020-12-05 11:12:15,775 %WORKER SENT%{'task_id': '7_M1', 'duration': 0, 'status': 2, 'worker_id': 1}
2020-12-05 11:12:15,781 %WORKER SENT%{'task_id': '5_R0', 'duration': 0, 'status': 2, 'worker_id': 1}
2020-12-05 11:12:15,851 %SENDING WORKER WITH ID 1 and slots 3 the task%{"task_id": "12_M0", "duration": 3, "status": 1}
2020-12-05 11:12:15,851 %SENDING WORKER WITH ID 2 and slots 3 the task%{"task_id": "11_M3", "duration": 4, "status": 1}
2020-12-05 11:12:15,852 %SENDING WORKER WITH ID 1 and slots 2 the task%{"task_id": "12_M1", "duration": 1, "status": 1}
2020-12-05 11:12:15,852 %SENDING WORKER WITH ID 2 and slots 2 the task%{"task_id": "13_M0", "duration": 2, "status": 1}
2020-12-05 11:12:15,853 %SENDING WORKER WITH ID 1 and slots 1 the task%{"task_id": "14_M0", "duration": 2, "status": 1}
2020-12-05 11:12:15,853 %SENDING WORKER WITH ID 2 and slots 1 the task%{"task_id": "14_M1", "duration": 1, "status": 1}
2020-12-05 11:12:15,854 %SENDING WORKER WITH ID 1 and slots 0 the task%{"task_id": "14_M2", "duration": 3, "status": 1}
2020-12-05 11:12:15,854 %SENDING WORKER WITH ID 2 and slots 0 the task%{"task_id": "7_R0", "duration": 3, "status": 0}
2020-12-05 11:12:15,911 %MASTER RECEIVED JOB%{"job_id": "15", "map_tasks": [{"task_id": "15_M0", "duration": 4}, {"task_id": "15_M1", "duration": 4}], "reduce_tasks": [{"task_id": "15_R0", "duration": 4}, {"task_id": "15_R1", "duration": 1}]}
2020-12-05 11:12:16,466 %WORKER SENT%{'task_id': '9_M0', 'duration': 0, 'status': 2, 'worker_id': 3}
2020-12-05 11:12:16,479 %WORKER SENT%{'task_id': '11_M2', 'duration': 0, 'status': 2, 'worker_id': 3}
2020-12-05 11:12:16,503 %WORKER SENT%{'task_id': '11_M1', 'duration': 0, 'status': 2, 'worker_id': 2}
2020-12-05 11:12:16,804 %WORKER SENT%{'task_id': '6_M0', 'duration': 0, 'status': 2, 'worker_id': 1}
2020-12-05 11:12:16,816 %MASTER RECEIVED JOB%{"job_id": "16", "map_tasks": [{"task_id": "16_M0", "duration": 2}, {"task_id": "16_M1", "duration": 3}, {"task_id": "16_M2", "duration": 4}], "reduce_tasks": [{"task_id": "16_R0", "duration": 3}, {"task_id": "16_R1", "duration": 3}]}
2020-12-05 11:12:16,841 %MASTER RECEIVED JOB%{"job_id": "17", "map_tasks": [{"task_id": "17_M0", "duration": 4}, {"task_id": "17_M1", "duration": 3}, {"task_id": "17_M2", "duration": 1}], "reduce_tasks": [{"task_id": "17_R0", "duration": 4}]}
2020-12-05 11:12:16,858 %SENDING WORKER WITH ID 1 and slots 0 the task%{"task_id": "7_R1", "duration": 2, "status": 0}
2020-12-05 11:12:16,859 %SENDING WORKER WITH ID 2 and slots 0 the task%{"task_id": "8_R0", "duration": 1, "status": 0}
2020-12-05 11:12:16,859 %SENDING WORKER WITH ID 3 and slots 1 the task%{"task_id": "10_R0", "duration": 1, "status": 0}
2020-12-05 11:12:16,860 %SENDING WORKER WITH ID 3 and slots 0 the task%{"task_id": "10_R1", "duration": 3, "status": 0}
2020-12-05 11:12:17,497 %WORKER SENT%{'task_id': '4_R1', 'duration': 0, 'status': 2, 'worker_id': 3}
2020-12-05 11:12:17,516 %WORKER SENT%{'task_id': '4_R0', 'duration': 0, 'status': 2, 'worker_id': 2}
2020-12-05 11:12:17,516 %JOB FINISHED WITH ID:%4% and reduce tasks 2
2020-12-05 11:12:17,523 %WORKER SENT%{'task_id': '5_R1', 'duration': 0, 'status': 2, 'worker_id': 2}
2020-12-05 11:12:17,523 %JOB FINISHED WITH ID:%5% and reduce tasks 2
2020-12-05 11:12:17,530 %WORKER SENT%{'task_id': '14_M1', 'duration': 0, 'status': 2, 'worker_id': 2}
2020-12-05 11:12:17,661 %MASTER RECEIVED JOB%{"job_id": "18", "map_tasks": [{"task_id": "18_M0", "duration": 3}, {"task_id": "18_M1", "duration": 4}], "reduce_tasks": [{"task_id": "18_R0", "duration": 3}]}
2020-12-05 11:12:17,825 %WORKER SENT%{'task_id': '12_M1', 'duration': 0, 'status': 2, 'worker_id': 1}
2020-12-05 11:12:17,862 %SENDING WORKER WITH ID 1 and slots 0 the task%{"task_id": "15_M0", "duration": 4, "status": 1}
2020-12-05 11:12:17,863 %SENDING WORKER WITH ID 2 and slots 2 the task%{"task_id": "16_M0", "duration": 2, "status": 1}
2020-12-05 11:12:17,863 %SENDING WORKER WITH ID 3 and slots 0 the task%{"task_id": "17_M0", "duration": 4, "status": 1}
2020-12-05 11:12:17,864 %SENDING WORKER WITH ID 2 and slots 1 the task%{"task_id": "6_R0", "duration": 4, "status": 0}
2020-12-05 11:12:17,864 %SENDING WORKER WITH ID 2 and slots 0 the task%{"task_id": "6_R1", "duration": 4, "status": 0}
2020-12-05 11:12:17,967 %MASTER RECEIVED JOB%{"job_id": "19", "map_tasks": [{"task_id": "19_M0", "duration": 4}, {"task_id": "19_M1", "duration": 1}, {"task_id": "19_M2", "duration": 1}], "reduce_tasks": [{"task_id": "19_R0", "duration": 1}, {"task_id": "19_R1", "duration": 3}]}
2020-12-05 11:12:18,507 %MASTER RECEIVED JOB%{"job_id": "20", "map_tasks": [{"task_id": "20_M0", "duration": 3}, {"task_id": "20_M1", "duration": 3}, {"task_id": "20_M2", "duration": 2}], "reduce_tasks": [{"task_id": "20_R0", "duration": 3}, {"task_id": "20_R1", "duration": 2}]}
2020-12-05 11:12:18,510 %WORKER SENT%{'task_id': '10_R0', 'duration': 0, 'status': 2, 'worker_id': 3}
2020-12-05 11:12:18,553 %WORKER SENT%{'task_id': '13_M0', 'duration': 0, 'status': 2, 'worker_id': 2}
2020-12-05 11:12:18,553 %WORKER SENT%{'task_id': '8_R0', 'duration': 0, 'status': 2, 'worker_id': 2}
2020-12-05 11:12:18,554 %JOB FINISHED WITH ID:%8% and reduce tasks 1
2020-12-05 11:12:18,843 %WORKER SENT%{'task_id': '14_M0', 'duration': 0, 'status': 2, 'worker_id': 1}
2020-12-05 11:12:18,848 %MASTER RECEIVED JOB%{"job_id": "21", "map_tasks": [{"task_id": "21_M0", "duration": 3}, {"task_id": "21_M1", "duration": 3}, {"task_id": "21_M2", "duration": 4}], "reduce_tasks": [{"task_id": "21_R0", "duration": 1}, {"task_id": "21_R1", "duration": 1}]}
2020-12-05 11:12:18,867 %SENDING WORKER WITH ID 1 and slots 0 the task%{"task_id": "9_R0", "duration": 1, "status": 0}
2020-12-05 11:12:18,868 %SENDING WORKER WITH ID 2 and slots 1 the task%{"task_id": "9_R1", "duration": 3, "status": 0}
2020-12-05 11:12:18,869 %SENDING WORKER WITH ID 3 and slots 0 the task%{"task_id": "15_M1", "duration": 4, "status": 1}
2020-12-05 11:12:18,869 %SENDING WORKER WITH ID 2 and slots 0 the task%{"task_id": "16_M1", "duration": 3, "status": 1}
2020-12-05 11:12:19,577 %WORKER SENT%{'task_id': '7_R0', 'duration': 0, 'status': 2, 'worker_id': 2}
2020-12-05 11:12:19,857 %WORKER SENT%{'task_id': '12_M0', 'duration': 0, 'status': 2, 'worker_id': 1}
2020-12-05 11:12:19,857 %WORKER SENT%{'task_id': '14_M2', 'duration': 0, 'status': 2, 'worker_id': 1}
2020-12-05 11:12:19,858 %WORKER SENT%{'task_id': '7_R1', 'duration': 0, 'status': 2, 'worker_id': 1}
2020-12-05 11:12:19,858 %JOB FINISHED WITH ID:%7% and reduce tasks 2
2020-12-05 11:12:19,871 %SENDING WORKER WITH ID 1 and slots 2 the task%{"task_id": "17_M1", "duration": 3, "status": 1}
2020-12-05 11:12:19,871 %SENDING WORKER WITH ID 2 and slots 0 the task%{"task_id": "16_M2", "duration": 4, "status": 1}
2020-12-05 11:12:19,872 %SENDING WORKER WITH ID 1 and slots 1 the task%{"task_id": "17_M2", "duration": 1, "status": 1}
2020-12-05 11:12:19,872 %SENDING WORKER WITH ID 1 and slots 0 the task%{"task_id": "18_M0", "duration": 3, "status": 1}
2020-12-05 11:12:20,034 %MASTER RECEIVED JOB%{"job_id": "22", "map_tasks": [{"task_id": "22_M0", "duration": 2}, {"task_id": "22_M1", "duration": 3}], "reduce_tasks": [{"task_id": "22_R0", "duration": 2}, {"task_id": "22_R1", "duration": 3}]}
2020-12-05 11:12:20,542 %WORKER SENT%{'task_id': '10_R1', 'duration': 0, 'status': 2, 'worker_id': 3}
2020-12-05 11:12:20,542 %JOB FINISHED WITH ID:%10% and reduce tasks 2
2020-12-05 11:12:20,601 %WORKER SENT%{'task_id': '11_M3', 'duration': 0, 'status': 2, 'worker_id': 2}
2020-12-05 11:12:20,613 %WORKER SENT%{'task_id': '16_M0', 'duration': 0, 'status': 2, 'worker_id': 2}
2020-12-05 11:12:20,618 %MASTER RECEIVED JOB%{"job_id": "23", "map_tasks": [{"task_id": "23_M0", "duration": 1}, {"task_id": "23_M1", "duration": 1}], "reduce_tasks": [{"task_id": "23_R0", "duration": 3}, {"task_id": "23_R1", "duration": 3}]}
2020-12-05 11:12:20,801 %MASTER RECEIVED JOB%{"job_id": "24", "map_tasks": [{"task_id": "24_M0", "duration": 2}, {"task_id": "24_M1", "duration": 1}], "reduce_tasks": [{"task_id": "24_R0", "duration": 3}, {"task_id": "24_R1", "duration": 2}]}
2020-12-05 11:12:20,871 %WORKER SENT%{'task_id': '9_R0', 'duration': 0, 'status': 2, 'worker_id': 1}
2020-12-05 11:12:20,878 %SENDING WORKER WITH ID 1 and slots 0 the task%{"task_id": "18_M1", "duration": 4, "status": 1}
2020-12-05 11:12:20,879 %SENDING WORKER WITH ID 2 and slots 1 the task%{"task_id": "19_M0", "duration": 4, "status": 1}
2020-12-05 11:12:20,879 %SENDING WORKER WITH ID 3 and slots 0 the task%{"task_id": "20_M0", "duration": 3, "status": 1}
2020-12-05 11:12:20,880 %SENDING WORKER WITH ID 2 and slots 0 the task%{"task_id": "21_M0", "duration": 3, "status": 1}
2020-12-05 11:12:21,596 %MASTER RECEIVED JOB%{"job_id": "25", "map_tasks": [{"task_id": "25_M0", "duration": 2}, {"task_id": "25_M1", "duration": 1}, {"task_id": "25_M2", "duration": 1}, {"task_id": "25_M3", "duration": 2}], "reduce_tasks": [{"task_id": "25_R0", "duration": 3}, {"task_id": "25_R1", "duration": 2}]}
2020-12-05 11:12:21,888 %WORKER SENT%{'task_id': '17_M2', 'duration': 0, 'status': 2, 'worker_id': 1}
2020-12-05 11:12:22,573 %WORKER SENT%{'task_id': '17_M0', 'duration': 0, 'status': 2, 'worker_id': 3}
2020-12-05 11:12:22,636 %WORKER SENT%{'task_id': '6_R0', 'duration': 0, 'status': 2, 'worker_id': 2}
2020-12-05 11:12:22,643 %WORKER SENT%{'task_id': '6_R1', 'duration': 0, 'status': 2, 'worker_id': 2}
2020-12-05 11:12:22,643 %JOB FINISHED WITH ID:%6% and reduce tasks 2
2020-12-05 11:12:22,650 %WORKER SENT%{'task_id': '9_R1', 'duration': 0, 'status': 2, 'worker_id': 2}
2020-12-05 11:12:22,650 %JOB FINISHED WITH ID:%9% and reduce tasks 2
2020-12-05 11:12:22,650 %WORKER SENT%{'task_id': '16_M1', 'duration': 0, 'status': 2, 'worker_id': 2}
2020-12-05 11:12:22,887 %SENDING WORKER WITH ID 1 and slots 0 the task%{"task_id": "13_R0", "duration": 4, "status": 0}
2020-12-05 11:12:22,887 %SENDING WORKER WITH ID 2 and slots 3 the task%{"task_id": "19_M1", "duration": 1, "status": 1}
2020-12-05 11:12:22,888 %SENDING WORKER WITH ID 3 and slots 0 the task%{"task_id": "20_M1", "duration": 3, "status": 1}
2020-12-05 11:12:22,888 %SENDING WORKER WITH ID 2 and slots 2 the task%{"task_id": "21_M1", "duration": 3, "status": 1}
2020-12-05 11:12:22,889 %SENDING WORKER WITH ID 2 and slots 1 the task%{"task_id": "19_M2", "duration": 1, "status": 1}
2020-12-05 11:12:22,889 %SENDING WORKER WITH ID 2 and slots 0 the task%{"task_id": "20_M2", "duration": 2, "status": 1}
2020-12-05 11:12:22,893 %WORKER SENT%{'task_id': '15_M0', 'duration': 0, 'status': 2, 'worker_id': 1}
2020-12-05 11:12:23,120 %MASTER RECEIVED JOB%{"job_id": "26", "map_tasks": [{"task_id": "26_M0", "duration": 1}, {"task_id": "26_M1", "duration": 3}, {"task_id": "26_M2", "duration": 2}], "reduce_tasks": [{"task_id": "26_R0", "duration": 4}, {"task_id": "26_R1", "duration": 3}]}
2020-12-05 11:12:23,492 %MASTER RECEIVED JOB%{"job_id": "27", "map_tasks": [{"task_id": "27_M0", "duration": 3}, {"task_id": "27_M1", "duration": 4}, {"task_id": "27_M2", "duration": 3}], "reduce_tasks": [{"task_id": "27_R0", "duration": 4}, {"task_id": "27_R1", "duration": 4}]}
2020-12-05 11:12:23,599 %WORKER SENT%{'task_id': '15_M1', 'duration': 0, 'status': 2, 'worker_id': 3}
2020-12-05 11:12:23,747 %MASTER RECEIVED JOB%{"job_id": "28", "map_tasks": [{"task_id": "28_M0", "duration": 2}], "reduce_tasks": [{"task_id": "28_R0", "duration": 2}, {"task_id": "28_R1", "duration": 1}]}
2020-12-05 11:12:23,890 %SENDING WORKER WITH ID 1 and slots 0 the task%{"task_id": "21_M2", "duration": 4, "status": 1}
2020-12-05 11:12:23,891 %SENDING WORKER WITH ID 3 and slots 0 the task%{"task_id": "12_R0", "duration": 1, "status": 0}
2020-12-05 11:12:23,921 %WORKER SENT%{'task_id': '17_M1', 'duration': 0, 'status': 2, 'worker_id': 1}
2020-12-05 11:12:23,928 %WORKER SENT%{'task_id': '18_M0', 'duration': 0, 'status': 2, 'worker_id': 1}
2020-12-05 11:12:24,241 %MASTER RECEIVED JOB%{"job_id": "29", "map_tasks": [{"task_id": "29_M0", "duration": 2}, {"task_id": "29_M1", "duration": 1}, {"task_id": "29_M2", "duration": 4}, {"task_id": "29_M3", "duration": 3}], "reduce_tasks": [{"task_id": "29_R0", "duration": 3}, {"task_id": "29_R1", "duration": 2}]}
2020-12-05 11:12:24,638 %WORKER SENT%{'task_id': '20_M0', 'duration': 0, 'status': 2, 'worker_id': 3}
2020-12-05 11:12:24,672 %WORKER SENT%{'task_id': '16_M2', 'duration': 0, 'status': 2, 'worker_id': 2}
2020-12-05 11:12:24,672 %WORKER SENT%{'task_id': '21_M0', 'duration': 0, 'status': 2, 'worker_id': 2}
2020-12-05 11:12:24,679 %WORKER SENT%{'task_id': '19_M1', 'duration': 0, 'status': 2, 'worker_id': 2}
2020-12-05 11:12:24,686 %WORKER SENT%{'task_id': '19_M2', 'duration': 0, 'status': 2, 'worker_id': 2}
2020-12-05 11:12:24,893 %SENDING WORKER WITH ID 1 and slots 1 the task%{"task_id": "14_R0", "duration": 3, "status": 0}
2020-12-05 11:12:24,894 %SENDING WORKER WITH ID 2 and slots 3 the task%{"task_id": "14_R1", "duration": 3, "status": 0}
2020-12-05 11:12:24,894 %SENDING WORKER WITH ID 3 and slots 0 the task%{"task_id": "22_M0", "duration": 2, "status": 1}
2020-12-05 11:12:24,895 %SENDING WORKER WITH ID 1 and slots 0 the task%{"task_id": "23_M0", "duration": 1, "status": 1}
2020-12-05 11:12:24,895 %SENDING WORKER WITH ID 2 and slots 2 the task%{"task_id": "24_M0", "duration": 2, "status": 1}
2020-12-05 11:12:24,896 %SENDING WORKER WITH ID 2 and slots 1 the task%{"task_id": "11_R0", "duration": 3, "status": 0}
2020-12-05 11:12:24,896 %SENDING WORKER WITH ID 2 and slots 0 the task%{"task_id": "11_R1", "duration": 3, "status": 0}
2020-12-05 11:12:25,654 %WORKER SENT%{'task_id': '12_R0', 'duration': 0, 'status': 2, 'worker_id': 3}
2020-12-05 11:12:25,654 %JOB FINISHED WITH ID:%12% and reduce tasks 1
2020-12-05 11:12:25,694 %WORKER SENT%{'task_id': '19_M0', 'duration': 0, 'status': 2, 'worker_id': 2}
2020-12-05 11:12:25,695 %WORKER SENT%{'task_id': '20_M2', 'duration': 0, 'status': 2, 'worker_id': 2}
2020-12-05 11:12:25,900 %SENDING WORKER WITH ID 2 and slots 1 the task%{"task_id": "22_M1", "duration": 3, "status": 1}
2020-12-05 11:12:25,900 %SENDING WORKER WITH ID 3 and slots 0 the task%{"task_id": "23_M1", "duration": 1, "status": 1}
2020-12-05 11:12:25,901 %SENDING WORKER WITH ID 2 and slots 0 the task%{"task_id": "24_M1", "duration": 1, "status": 1}
2020-12-05 11:12:25,940 %WORKER SENT%{'task_id': '18_M1', 'duration': 0, 'status': 2, 'worker_id': 1}
2020-12-05 11:12:26,669 %WORKER SENT%{'task_id': '20_M1', 'duration': 0, 'status': 2, 'worker_id': 3}
2020-12-05 11:12:26,706 %WORKER SENT%{'task_id': '21_M1', 'duration': 0, 'status': 2, 'worker_id': 2}
2020-12-05 11:12:26,906 %SENDING WORKER WITH ID 1 and slots 0 the task%{"task_id": "25_M0", "duration": 2, "status": 1}
2020-12-05 11:12:26,906 %SENDING WORKER WITH ID 2 and slots 0 the task%{"task_id": "25_M1", "duration": 1, "status": 1}
2020-12-05 11:12:26,907 %SENDING WORKER WITH ID 3 and slots 0 the task%{"task_id": "25_M2", "duration": 1, "status": 1}
2020-12-05 11:12:26,948 %WORKER SENT%{'task_id': '13_R0', 'duration': 0, 'status': 2, 'worker_id': 1}
2020-12-05 11:12:26,948 %JOB FINISHED WITH ID:%13% and reduce tasks 1
2020-12-05 11:12:26,962 %WORKER SENT%{'task_id': '23_M0', 'duration': 0, 'status': 2, 'worker_id': 1}
2020-12-05 11:12:26,999 %MASTER RECEIVED JOB%{"job_id": "30", "map_tasks": [{"task_id": "30_M0", "duration": 1}], "reduce_tasks": [{"task_id": "30_R0", "duration": 2}, {"task_id": "30_R1", "duration": 1}]}
2020-12-05 11:12:27,684 %WORKER SENT%{'task_id': '22_M0', 'duration': 0, 'status': 2, 'worker_id': 3}
2020-12-05 11:12:27,684 %WORKER SENT%{'task_id': '23_M1', 'duration': 0, 'status': 2, 'worker_id': 3}
2020-12-05 11:12:27,722 %WORKER SENT%{'task_id': '24_M0', 'duration': 0, 'status': 2, 'worker_id': 2}
2020-12-05 11:12:27,723 %WORKER SENT%{'task_id': '24_M1', 'duration': 0, 'status': 2, 'worker_id': 2}
2020-12-05 11:12:27,911 %SENDING WORKER WITH ID 1 and slots 1 the task%{"task_id": "25_M3", "duration": 2, "status": 1}
2020-12-05 11:12:27,912 %SENDING WORKER WITH ID 2 and slots 1 the task%{"task_id": "26_M0", "duration": 1, "status": 1}
2020-12-05 11:12:27,912 %SENDING WORKER WITH ID 3 and slots 1 the task%{"task_id": "27_M0", "duration": 3, "status": 1}
2020-12-05 11:12:27,913 %SENDING WORKER WITH ID 1 and slots 0 the task%{"task_id": "28_M0", "duration": 2, "status": 1}
2020-12-05 11:12:27,914 %SENDING WORKER WITH ID 2 and slots 0 the task%{"task_id": "15_R0", "duration": 4, "status": 0}
2020-12-05 11:12:27,914 %SENDING WORKER WITH ID 3 and slots 0 the task%{"task_id": "15_R1", "duration": 1, "status": 0}
2020-12-05 11:12:27,985 %WORKER SENT%{'task_id': '21_M2', 'duration': 0, 'status': 2, 'worker_id': 1}
2020-12-05 11:12:27,992 %WORKER SENT%{'task_id': '14_R0', 'duration': 0, 'status': 2, 'worker_id': 1}
2020-12-05 11:12:28,696 %WORKER SENT%{'task_id': '25_M2', 'duration': 0, 'status': 2, 'worker_id': 3}
2020-12-05 11:12:28,735 %WORKER SENT%{'task_id': '14_R1', 'duration': 0, 'status': 2, 'worker_id': 2}
2020-12-05 11:12:28,735 %JOB FINISHED WITH ID:%14% and reduce tasks 2
2020-12-05 11:12:28,742 %WORKER SENT%{'task_id': '11_R0', 'duration': 0, 'status': 2, 'worker_id': 2}
2020-12-05 11:12:28,742 %WORKER SENT%{'task_id': '11_R1', 'duration': 0, 'status': 2, 'worker_id': 2}
2020-12-05 11:12:28,742 %JOB FINISHED WITH ID:%11% and reduce tasks 2
2020-12-05 11:12:28,743 %WORKER SENT%{'task_id': '25_M1', 'duration': 0, 'status': 2, 'worker_id': 2}
2020-12-05 11:12:28,920 %SENDING WORKER WITH ID 1 and slots 1 the task%{"task_id": "26_M1", "duration": 3, "status": 1}
2020-12-05 11:12:28,920 %SENDING WORKER WITH ID 2 and slots 3 the task%{"task_id": "27_M1", "duration": 4, "status": 1}
2020-12-05 11:12:28,921 %SENDING WORKER WITH ID 3 and slots 0 the task%{"task_id": "26_M2", "duration": 2, "status": 1}
2020-12-05 11:12:28,922 %SENDING WORKER WITH ID 1 and slots 0 the task%{"task_id": "27_M2", "duration": 3, "status": 1}
2020-12-05 11:12:28,922 %SENDING WORKER WITH ID 2 and slots 2 the task%{"task_id": "29_M0", "duration": 2, "status": 1}
2020-12-05 11:12:28,923 %SENDING WORKER WITH ID 2 and slots 1 the task%{"task_id": "16_R0", "duration": 3, "status": 0}
2020-12-05 11:12:28,923 %SENDING WORKER WITH ID 2 and slots 0 the task%{"task_id": "16_R1", "duration": 3, "status": 0}
2020-12-05 11:12:29,006 %WORKER SENT%{'task_id': '25_M0', 'duration': 0, 'status': 2, 'worker_id': 1}
2020-12-05 11:12:29,707 %WORKER SENT%{'task_id': '15_R1', 'duration': 0, 'status': 2, 'worker_id': 3}
2020-12-05 11:12:29,772 %WORKER SENT%{'task_id': '22_M1', 'duration': 0, 'status': 2, 'worker_id': 2}
2020-12-05 11:12:29,790 %WORKER SENT%{'task_id': '26_M0', 'duration': 0, 'status': 2, 'worker_id': 2}
2020-12-05 11:12:29,926 %SENDING WORKER WITH ID 1 and slots 0 the task%{"task_id": "17_R0", "duration": 4, "status": 0}
2020-12-05 11:12:29,926 %SENDING WORKER WITH ID 2 and slots 1 the task%{"task_id": "29_M1", "duration": 1, "status": 1}
2020-12-05 11:12:29,927 %SENDING WORKER WITH ID 3 and slots 0 the task%{"task_id": "29_M2", "duration": 4, "status": 1}
2020-12-05 11:12:29,928 %SENDING WORKER WITH ID 2 and slots 0 the task%{"task_id": "29_M3", "duration": 3, "status": 1}
2020-12-05 11:12:30,022 %WORKER SENT%{'task_id': '25_M3', 'duration': 0, 'status': 2, 'worker_id': 1}
2020-12-05 11:12:30,035 %WORKER SENT%{'task_id': '28_M0', 'duration': 0, 'status': 2, 'worker_id': 1}
2020-12-05 11:12:30,730 %MASTER RECEIVED JOB%{"job_id": "31", "map_tasks": [{"task_id": "31_M0", "duration": 4}], "reduce_tasks": [{"task_id": "31_R0", "duration": 1}]}
2020-12-05 11:12:30,929 %SENDING WORKER WITH ID 1 and slots 1 the task%{"task_id": "19_R0", "duration": 1, "status": 0}
2020-12-05 11:12:30,930 %SENDING WORKER WITH ID 1 and slots 0 the task%{"task_id": "19_R1", "duration": 3, "status": 0}
2020-12-05 11:12:31,736 %WORKER SENT%{'task_id': '27_M0', 'duration': 0, 'status': 2, 'worker_id': 3}
2020-12-05 11:12:31,749 %WORKER SENT%{'task_id': '26_M2', 'duration': 0, 'status': 2, 'worker_id': 3}
2020-12-05 11:12:31,809 %WORKER SENT%{'task_id': '29_M0', 'duration': 0, 'status': 2, 'worker_id': 2}
2020-12-05 11:12:31,810 %WORKER SENT%{'task_id': '29_M1', 'duration': 0, 'status': 2, 'worker_id': 2}
2020-12-05 11:12:31,848 %MASTER RECEIVED JOB%{"job_id": "32", "map_tasks": [{"task_id": "32_M0", "duration": 1}], "reduce_tasks": [{"task_id": "32_R0", "duration": 2}, {"task_id": "32_R1", "duration": 3}]}
2020-12-05 11:12:31,932 %SENDING WORKER WITH ID 2 and slots 1 the task%{"task_id": "18_R0", "duration": 3, "status": 0}
2020-12-05 11:12:31,933 %SENDING WORKER WITH ID 3 and slots 1 the task%{"task_id": "20_R0", "duration": 3, "status": 0}
2020-12-05 11:12:31,934 %SENDING WORKER WITH ID 2 and slots 0 the task%{"task_id": "20_R1", "duration": 2, "status": 0}
2020-12-05 11:12:31,934 %SENDING WORKER WITH ID 3 and slots 0 the task%{"task_id": "30_M0", "duration": 1, "status": 1}
2020-12-05 11:12:32,063 %WORKER SENT%{'task_id': '26_M1', 'duration': 0, 'status': 2, 'worker_id': 1}
2020-12-05 11:12:32,075 %WORKER SENT%{'task_id': '27_M2', 'duration': 0, 'status': 2, 'worker_id': 1}
2020-12-05 11:12:32,087 %WORKER SENT%{'task_id': '19_R0', 'duration': 0, 'status': 2, 'worker_id': 1}
2020-12-05 11:12:32,829 %WORKER SENT%{'task_id': '15_R0', 'duration': 0, 'status': 2, 'worker_id': 2}
2020-12-05 11:12:32,829 %JOB FINISHED WITH ID:%15% and reduce tasks 2
2020-12-05 11:12:32,830 %WORKER SENT%{'task_id': '16_R0', 'duration': 0, 'status': 2, 'worker_id': 2}
2020-12-05 11:12:32,831 %WORKER SENT%{'task_id': '16_R1', 'duration': 0, 'status': 2, 'worker_id': 2}
2020-12-05 11:12:32,831 %JOB FINISHED WITH ID:%16% and reduce tasks 2
2020-12-05 11:12:32,936 %SENDING WORKER WITH ID 1 and slots 2 the task%{"task_id": "23_R0", "duration": 3, "status": 0}
2020-12-05 11:12:32,937 %SENDING WORKER WITH ID 2 and slots 2 the task%{"task_id": "23_R1", "duration": 3, "status": 0}
2020-12-05 11:12:32,937 %SENDING WORKER WITH ID 1 and slots 1 the task%{"task_id": "24_R0", "duration": 3, "status": 0}
2020-12-05 11:12:32,938 %SENDING WORKER WITH ID 2 and slots 1 the task%{"task_id": "24_R1", "duration": 2, "status": 0}
2020-12-05 11:12:32,938 %SENDING WORKER WITH ID 1 and slots 0 the task%{"task_id": "21_R0", "duration": 1, "status": 0}
2020-12-05 11:12:32,939 %SENDING WORKER WITH ID 2 and slots 0 the task%{"task_id": "21_R1", "duration": 1, "status": 0}
2020-12-05 11:12:33,779 %WORKER SENT%{'task_id': '30_M0', 'duration': 0, 'status': 2, 'worker_id': 3}
2020-12-05 11:12:33,845 %WORKER SENT%{'task_id': '27_M1', 'duration': 0, 'status': 2, 'worker_id': 2}
2020-12-05 11:12:33,846 %WORKER SENT%{'task_id': '29_M3', 'duration': 0, 'status': 2, 'worker_id': 2}
2020-12-05 11:12:33,945 %SENDING WORKER WITH ID 2 and slots 1 the task%{"task_id": "22_R0", "duration": 2, "status": 0}
2020-12-05 11:12:33,945 %SENDING WORKER WITH ID 3 and slots 0 the task%{"task_id": "22_R1", "duration": 3, "status": 0}
2020-12-05 11:12:33,946 %SENDING WORKER WITH ID 2 and slots 0 the task%{"task_id": "31_M0", "duration": 4, "status": 1}
2020-12-05 11:12:34,123 %WORKER SENT%{'task_id': '17_R0', 'duration': 0, 'status': 2, 'worker_id': 1}
2020-12-05 11:12:34,123 %JOB FINISHED WITH ID:%17% and reduce tasks 1
2020-12-05 11:12:34,124 %WORKER SENT%{'task_id': '19_R1', 'duration': 0, 'status': 2, 'worker_id': 1}
2020-12-05 11:12:34,124 %JOB FINISHED WITH ID:%19% and reduce tasks 2
2020-12-05 11:12:34,124 %WORKER SENT%{'task_id': '21_R0', 'duration': 0, 'status': 2, 'worker_id': 1}
2020-12-05 11:12:34,181 %MASTER RECEIVED JOB%{"job_id": "33", "map_tasks": [{"task_id": "33_M0", "duration": 4}, {"task_id": "33_M1", "duration": 1}], "reduce_tasks": [{"task_id": "33_R0", "duration": 1}]}
2020-12-05 11:12:34,795 %WORKER SENT%{'task_id': '29_M2', 'duration': 0, 'status': 2, 'worker_id': 3}
2020-12-05 11:12:34,874 %WORKER SENT%{'task_id': '20_R1', 'duration': 0, 'status': 2, 'worker_id': 2}
2020-12-05 11:12:34,875 %WORKER SENT%{'task_id': '21_R1', 'duration': 0, 'status': 2, 'worker_id': 2}
2020-12-05 11:12:34,875 %JOB FINISHED WITH ID:%21% and reduce tasks 2
2020-12-05 11:12:34,949 %SENDING WORKER WITH ID 1 and slots 2 the task%{"task_id": "25_R0", "duration": 3, "status": 0}
2020-12-05 11:12:34,950 %SENDING WORKER WITH ID 2 and slots 1 the task%{"task_id": "25_R1", "duration": 2, "status": 0}
2020-12-05 11:12:34,951 %SENDING WORKER WITH ID 3 and slots 0 the task%{"task_id": "28_R0", "duration": 2, "status": 0}
2020-12-05 11:12:34,951 %SENDING WORKER WITH ID 1 and slots 1 the task%{"task_id": "28_R1", "duration": 1, "status": 0}
2020-12-05 11:12:34,952 %SENDING WORKER WITH ID 2 and slots 0 the task%{"task_id": "32_M0", "duration": 1, "status": 1}
2020-12-05 11:12:34,952 %SENDING WORKER WITH ID 1 and slots 0 the task%{"task_id": "26_R0", "duration": 4, "status": 0}
2020-12-05 11:12:35,808 %WORKER SENT%{'task_id': '20_R0', 'duration': 0, 'status': 2, 'worker_id': 3}
2020-12-05 11:12:35,808 %JOB FINISHED WITH ID:%20% and reduce tasks 2
2020-12-05 11:12:35,893 %WORKER SENT%{'task_id': '18_R0', 'duration': 0, 'status': 2, 'worker_id': 2}
2020-12-05 11:12:35,893 %JOB FINISHED WITH ID:%18% and reduce tasks 1
2020-12-05 11:12:35,893 %WORKER SENT%{'task_id': '24_R1', 'duration': 0, 'status': 2, 'worker_id': 2}
2020-12-05 11:12:35,957 %SENDING WORKER WITH ID 2 and slots 1 the task%{"task_id": "26_R1", "duration": 3, "status": 0}
2020-12-05 11:12:35,957 %SENDING WORKER WITH ID 3 and slots 0 the task%{"task_id": "27_R0", "duration": 4, "status": 0}
2020-12-05 11:12:35,958 %SENDING WORKER WITH ID 2 and slots 0 the task%{"task_id": "27_R1", "duration": 4, "status": 0}
2020-12-05 11:12:36,061 %MASTER RECEIVED JOB%{"job_id": "34", "map_tasks": [{"task_id": "34_M0", "duration": 3}, {"task_id": "34_M1", "duration": 4}, {"task_id": "34_M2", "duration": 1}], "reduce_tasks": [{"task_id": "34_R0", "duration": 3}]}
2020-12-05 11:12:36,154 %WORKER SENT%{'task_id': '23_R0', 'duration': 0, 'status': 2, 'worker_id': 1}
2020-12-05 11:12:36,161 %WORKER SENT%{'task_id': '24_R0', 'duration': 0, 'status': 2, 'worker_id': 1}
2020-12-05 11:12:36,162 %JOB FINISHED WITH ID:%24% and reduce tasks 2
2020-12-05 11:12:36,168 %WORKER SENT%{'task_id': '28_R1', 'duration': 0, 'status': 2, 'worker_id': 1}
2020-12-05 11:12:36,547 %MASTER RECEIVED JOB%{"job_id": "35", "map_tasks": [{"task_id": "35_M0", "duration": 1}, {"task_id": "35_M1", "duration": 1}], "reduce_tasks": [{"task_id": "35_R0", "duration": 2}]}
2020-12-05 11:12:36,653 %MASTER RECEIVED JOB%{"job_id": "36", "map_tasks": [{"task_id": "36_M0", "duration": 2}, {"task_id": "36_M1", "duration": 1}], "reduce_tasks": [{"task_id": "36_R0", "duration": 4}, {"task_id": "36_R1", "duration": 4}]}
2020-12-05 11:12:36,904 %WORKER SENT%{'task_id': '23_R1', 'duration': 0, 'status': 2, 'worker_id': 2}
2020-12-05 11:12:36,904 %JOB FINISHED WITH ID:%23% and reduce tasks 2
2020-12-05 11:12:36,910 %WORKER SENT%{'task_id': '22_R0', 'duration': 0, 'status': 2, 'worker_id': 2}
2020-12-05 11:12:36,911 %WORKER SENT%{'task_id': '32_M0', 'duration': 0, 'status': 2, 'worker_id': 2}
2020-12-05 11:12:36,960 %SENDING WORKER WITH ID 1 and slots 2 the task%{"task_id": "30_R0", "duration": 2, "status": 0}
2020-12-05 11:12:36,961 %SENDING WORKER WITH ID 2 and slots 2 the task%{"task_id": "30_R1", "duration": 1, "status": 0}
2020-12-05 11:12:36,962 %SENDING WORKER WITH ID 1 and slots 1 the task%{"task_id": "33_M0", "duration": 4, "status": 1}
2020-12-05 11:12:36,962 %SENDING WORKER WITH ID 2 and slots 1 the task%{"task_id": "29_R0", "duration": 3, "status": 0}
2020-12-05 11:12:36,963 %SENDING WORKER WITH ID 1 and slots 0 the task%{"task_id": "29_R1", "duration": 2, "status": 0}
2020-12-05 11:12:36,963 %SENDING WORKER WITH ID 2 and slots 0 the task%{"task_id": "33_M1", "duration": 1, "status": 1}
2020-12-05 11:12:37,721 %MASTER RECEIVED JOB%{"job_id": "37", "map_tasks": [{"task_id": "37_M0", "duration": 2}], "reduce_tasks": [{"task_id": "37_R0", "duration": 3}, {"task_id": "37_R1", "duration": 4}]}
2020-12-05 11:12:37,846 %WORKER SENT%{'task_id': '22_R1', 'duration': 0, 'status': 2, 'worker_id': 3}
2020-12-05 11:12:37,846 %JOB FINISHED WITH ID:%22% and reduce tasks 2
2020-12-05 11:12:37,853 %WORKER SENT%{'task_id': '28_R0', 'duration': 0, 'status': 2, 'worker_id': 3}
2020-12-05 11:12:37,853 %JOB FINISHED WITH ID:%28% and reduce tasks 2
2020-12-05 11:12:37,946 %WORKER SENT%{'task_id': '25_R1', 'duration': 0, 'status': 2, 'worker_id': 2}
2020-12-05 11:12:37,967 %SENDING WORKER WITH ID 2 and slots 0 the task%{"task_id": "34_M0", "duration": 3, "status": 1}
2020-12-05 11:12:37,968 %SENDING WORKER WITH ID 3 and slots 1 the task%{"task_id": "35_M0", "duration": 1, "status": 1}
2020-12-05 11:12:37,968 %SENDING WORKER WITH ID 3 and slots 0 the task%{"task_id": "36_M0", "duration": 2, "status": 1}
2020-12-05 11:12:38,205 %WORKER SENT%{'task_id': '25_R0', 'duration': 0, 'status': 2, 'worker_id': 1}
2020-12-05 11:12:38,205 %JOB FINISHED WITH ID:%25% and reduce tasks 2
2020-12-05 11:12:38,540 %MASTER RECEIVED JOB%{"job_id": "38", "map_tasks": [{"task_id": "38_M0", "duration": 3}], "reduce_tasks": [{"task_id": "38_R0", "duration": 1}, {"task_id": "38_R1", "duration": 1}]}
2020-12-05 11:12:38,953 %WORKER SENT%{'task_id': '31_M0', 'duration': 0, 'status': 2, 'worker_id': 2}
2020-12-05 11:12:38,960 %WORKER SENT%{'task_id': '30_R1', 'duration': 0, 'status': 2, 'worker_id': 2}
2020-12-05 11:12:38,972 %SENDING WORKER WITH ID 1 and slots 0 the task%{"task_id": "32_R0", "duration": 2, "status": 0}
2020-12-05 11:12:38,973 %SENDING WORKER WITH ID 2 and slots 1 the task%{"task_id": "32_R1", "duration": 3, "status": 0}
2020-12-05 11:12:38,973 %SENDING WORKER WITH ID 2 and slots 0 the task%{"task_id": "34_M1", "duration": 4, "status": 1}
2020-12-05 11:12:38,991 %MASTER RECEIVED JOB%{"job_id": "39", "map_tasks": [{"task_id": "39_M0", "duration": 1}, {"task_id": "39_M1", "duration": 1}], "reduce_tasks": [{"task_id": "39_R0", "duration": 1}]}
2020-12-05 11:12:38,998 %WORKER SENT%{'task_id': '33_M1', 'duration': 0, 'status': 2, 'worker_id': 2}
2020-12-05 11:12:39,218 %WORKER SENT%{'task_id': '26_R0', 'duration': 0, 'status': 2, 'worker_id': 1}
2020-12-05 11:12:39,219 %WORKER SENT%{'task_id': '30_R0', 'duration': 0, 'status': 2, 'worker_id': 1}
2020-12-05 11:12:39,219 %JOB FINISHED WITH ID:%30% and reduce tasks 2
2020-12-05 11:12:39,219 %WORKER SENT%{'task_id': '29_R1', 'duration': 0, 'status': 2, 'worker_id': 1}
2020-12-05 11:12:39,885 %WORKER SENT%{'task_id': '35_M0', 'duration': 0, 'status': 2, 'worker_id': 3}
2020-12-05 11:12:39,975 %SENDING WORKER WITH ID 1 and slots 2 the task%{"task_id": "35_M1", "duration": 1, "status": 1}
2020-12-05 11:12:39,975 %SENDING WORKER WITH ID 2 and slots 0 the task%{"task_id": "36_M1", "duration": 1, "status": 1}
2020-12-05 11:12:39,976 %SENDING WORKER WITH ID 3 and slots 0 the task%{"task_id": "34_M2", "duration": 1, "status": 1}
2020-12-05 11:12:39,977 %SENDING WORKER WITH ID 1 and slots 1 the task%{"task_id": "37_M0", "duration": 2, "status": 1}
2020-12-05 11:12:39,977 %SENDING WORKER WITH ID 1 and slots 0 the task%{"task_id": "38_M0", "duration": 3, "status": 1}
2020-12-05 11:12:40,010 %WORKER SENT%{'task_id': '26_R1', 'duration': 0, 'status': 2, 'worker_id': 2}
2020-12-05 11:12:40,010 %JOB FINISHED WITH ID:%26% and reduce tasks 2
2020-12-05 11:12:40,898 %WORKER SENT%{'task_id': '27_R0', 'duration': 0, 'status': 2, 'worker_id': 3}
2020-12-05 11:12:40,910 %WORKER SENT%{'task_id': '36_M0', 'duration': 0, 'status': 2, 'worker_id': 3}
2020-12-05 11:12:40,981 %SENDING WORKER WITH ID 2 and slots 0 the task%{"task_id": "31_R0", "duration": 1, "status": 0}
2020-12-05 11:12:40,982 %SENDING WORKER WITH ID 3 and slots 1 the task%{"task_id": "39_M0", "duration": 1, "status": 1}
2020-12-05 11:12:40,983 %SENDING WORKER WITH ID 3 and slots 0 the task%{"task_id": "39_M1", "duration": 1, "status": 1}
2020-12-05 11:12:41,017 %WORKER SENT%{'task_id': '27_R1', 'duration': 0, 'status': 2, 'worker_id': 2}
2020-12-05 11:12:41,017 %JOB FINISHED WITH ID:%27% and reduce tasks 2
2020-12-05 11:12:41,018 %WORKER SENT%{'task_id': '29_R0', 'duration': 0, 'status': 2, 'worker_id': 2}
2020-12-05 11:12:41,018 %JOB FINISHED WITH ID:%29% and reduce tasks 2
2020-12-05 11:12:41,037 %WORKER SENT%{'task_id': '36_M1', 'duration': 0, 'status': 2, 'worker_id': 2}
2020-12-05 11:12:41,086 %SENDING WORKER WITH ID 2 and slots 2 the task%{"task_id": "36_R0", "duration": 4, "status": 0}
2020-12-05 11:12:41,087 %SENDING WORKER WITH ID 2 and slots 1 the task%{"task_id": "36_R1", "duration": 4, "status": 0}
2020-12-05 11:12:41,250 %WORKER SENT%{'task_id': '33_M0', 'duration': 0, 'status': 2, 'worker_id': 1}
2020-12-05 11:12:41,257 %WORKER SENT%{'task_id': '32_R0', 'duration': 0, 'status': 2, 'worker_id': 1}
2020-12-05 11:12:41,257 %WORKER SENT%{'task_id': '35_M1', 'duration': 0, 'status': 2, 'worker_id': 1}
2020-12-05 11:12:41,288 %SENDING WORKER WITH ID 1 and slots 2 the task%{"task_id": "33_R0", "duration": 1, "status": 0}
2020-12-05 11:12:41,289 %SENDING WORKER WITH ID 2 and slots 0 the task%{"task_id": "35_R0", "duration": 2, "status": 0}
2020-12-05 11:12:41,952 %WORKER SENT%{'task_id': '34_M2', 'duration': 0, 'status': 2, 'worker_id': 3}
2020-12-05 11:12:42,056 %WORKER SENT%{'task_id': '34_M0', 'duration': 0, 'status': 2, 'worker_id': 2}
2020-12-05 11:12:42,057 %WORKER SENT%{'task_id': '32_R1', 'duration': 0, 'status': 2, 'worker_id': 2}
2020-12-05 11:12:42,057 %JOB FINISHED WITH ID:%32% and reduce tasks 2
2020-12-05 11:12:42,057 %WORKER SENT%{'task_id': '31_R0', 'duration': 0, 'status': 2, 'worker_id': 2}
2020-12-05 11:12:42,057 %JOB FINISHED WITH ID:%31% and reduce tasks 1
2020-12-05 11:12:42,273 %WORKER SENT%{'task_id': '37_M0', 'duration': 0, 'status': 2, 'worker_id': 1}
2020-12-05 11:12:42,310 %SENDING WORKER WITH ID 1 and slots 2 the task%{"task_id": "37_R0", "duration": 3, "status": 0}
2020-12-05 11:12:42,311 %SENDING WORKER WITH ID 2 and slots 2 the task%{"task_id": "37_R1", "duration": 4, "status": 0}
2020-12-05 11:12:42,976 %WORKER SENT%{'task_id': '39_M0', 'duration': 0, 'status': 2, 'worker_id': 3}
2020-12-05 11:12:42,976 %WORKER SENT%{'task_id': '39_M1', 'duration': 0, 'status': 2, 'worker_id': 3}
2020-12-05 11:12:43,018 %SENDING WORKER WITH ID 1 and slots 1 the task%{"task_id": "39_R0", "duration": 1, "status": 0}
2020-12-05 11:12:43,324 %WORKER SENT%{'task_id': '38_M0', 'duration': 0, 'status': 2, 'worker_id': 1}
2020-12-05 11:12:43,325 %WORKER SENT%{'task_id': '33_R0', 'duration': 0, 'status': 2, 'worker_id': 1}
2020-12-05 11:12:43,325 %JOB FINISHED WITH ID:%33% and reduce tasks 1
2020-12-05 11:12:43,326 %SENDING WORKER WITH ID 1 and slots 2 the task%{"task_id": "38_R0", "duration": 1, "status": 0}
2020-12-05 11:12:43,327 %SENDING WORKER WITH ID 2 and slots 1 the task%{"task_id": "38_R1", "duration": 1, "status": 0}
