2020-12-05 11:40:08,556 %MASTER RECEIVED JOB%{"job_id": "0", "map_tasks": [{"task_id": "0_M0", "duration": 3}, {"task_id": "0_M1", "duration": 4}], "reduce_tasks": [{"task_id": "0_R0", "duration": 1}]}
2020-12-05 11:40:08,622 %SENDING WORKER WITH ID 3 and slots 2 the task%{"task_id": "0_M0", "duration": 3, "status": 1}
2020-12-05 11:40:08,728 %SENDING WORKER WITH ID 2 and slots 6 the task%{"task_id": "0_M1", "duration": 4, "status": 1}
2020-12-05 11:40:09,366 %MASTER RECEIVED JOB%{"job_id": "1", "map_tasks": [{"task_id": "1_M0", "duration": 3}], "reduce_tasks": [{"task_id": "1_R0", "duration": 2}, {"task_id": "1_R1", "duration": 2}]}
2020-12-05 11:40:09,446 %SENDING WORKER WITH ID 1 and slots 4 the task%{"task_id": "1_M0", "duration": 3, "status": 1}
2020-12-05 11:40:10,603 %MASTER RECEIVED JOB%{"job_id": "2", "map_tasks": [{"task_id": "2_M0", "duration": 4}, {"task_id": "2_M1", "duration": 2}, {"task_id": "2_M2", "duration": 2}, {"task_id": "2_M3", "duration": 2}], "reduce_tasks": [{"task_id": "2_R0", "duration": 4}, {"task_id": "2_R1", "duration": 1}]}
2020-12-05 11:40:10,678 %SENDING WORKER WITH ID 2 and slots 5 the task%{"task_id": "2_M0", "duration": 4, "status": 1}
2020-12-05 11:40:10,784 %SENDING WORKER WITH ID 3 and slots 1 the task%{"task_id": "2_M1", "duration": 2, "status": 1}
2020-12-05 11:40:10,889 %SENDING WORKER WITH ID 3 and slots 0 the task%{"task_id": "2_M2", "duration": 2, "status": 1}
2020-12-05 11:40:10,949 %MASTER RECEIVED JOB%{"job_id": "3", "map_tasks": [{"task_id": "3_M0", "duration": 1}], "reduce_tasks": [{"task_id": "3_R0", "duration": 3}]}
2020-12-05 11:40:10,993 %SENDING WORKER WITH ID 2 and slots 4 the task%{"task_id": "2_M3", "duration": 2, "status": 1}
2020-12-05 11:40:10,995 %SENDING WORKER WITH ID 2 and slots 3 the task%{"task_id": "3_M0", "duration": 1, "status": 1}
2020-12-05 11:40:11,016 %WORKER SENT%{'task_id': '0_M0', 'duration': 0, 'status': 2, 'worker_id': 3}
2020-12-05 11:40:11,190 %WORKER SENT%{'task_id': '3_M0', 'duration': 0, 'status': 2, 'worker_id': 2}
2020-12-05 11:40:11,202 %SENDING WORKER WITH ID 3 and slots 0 the task%{"task_id": "3_R0", "duration": 3, "status": 0}
2020-12-05 11:40:11,674 %MASTER RECEIVED JOB%{"job_id": "4", "map_tasks": [{"task_id": "4_M0", "duration": 4}], "reduce_tasks": [{"task_id": "4_R0", "duration": 4}, {"task_id": "4_R1", "duration": 4}]}
2020-12-05 11:40:11,720 %SENDING WORKER WITH ID 2 and slots 3 the task%{"task_id": "4_M0", "duration": 4, "status": 1}
2020-12-05 11:40:12,037 %WORKER SENT%{'task_id': '2_M1', 'duration': 0, 'status': 2, 'worker_id': 3}
2020-12-05 11:40:12,038 %WORKER SENT%{'task_id': '2_M2', 'duration': 0, 'status': 2, 'worker_id': 3}
2020-12-05 11:40:12,205 %WORKER SENT%{'task_id': '0_M1', 'duration': 0, 'status': 2, 'worker_id': 2}
2020-12-05 11:40:12,206 %WORKER SENT%{'task_id': '2_M3', 'duration': 0, 'status': 2, 'worker_id': 2}
2020-12-05 11:40:12,230 %SENDING WORKER WITH ID 3 and slots 1 the task%{"task_id": "0_R0", "duration": 1, "status": 0}
2020-12-05 11:40:12,462 %WORKER SENT%{'task_id': '1_M0', 'duration': 0, 'status': 2, 'worker_id': 1}
2020-12-05 11:40:12,533 %SENDING WORKER WITH ID 1 and slots 4 the task%{"task_id": "1_R0", "duration": 2, "status": 0}
2020-12-05 11:40:12,533 %SENDING WORKER WITH ID 2 and slots 4 the task%{"task_id": "1_R1", "duration": 2, "status": 0}
2020-12-05 11:40:13,066 %WORKER SENT%{'task_id': '0_R0', 'duration': 0, 'status': 2, 'worker_id': 3}
2020-12-05 11:40:13,067 %JOB FINISHED WITH ID:%0% and reduce tasks 1
2020-12-05 11:40:13,912 %MASTER RECEIVED JOB%{"job_id": "5", "map_tasks": [{"task_id": "5_M0", "duration": 2}, {"task_id": "5_M1", "duration": 3}, {"task_id": "5_M2", "duration": 1}, {"task_id": "5_M3", "duration": 1}], "reduce_tasks": [{"task_id": "5_R0", "duration": 2}, {"task_id": "5_R1", "duration": 4}]}
2020-12-05 11:40:13,973 %SENDING WORKER WITH ID 1 and slots 3 the task%{"task_id": "5_M0", "duration": 2, "status": 1}
2020-12-05 11:40:14,078 %SENDING WORKER WITH ID 2 and slots 3 the task%{"task_id": "5_M1", "duration": 3, "status": 1}
2020-12-05 11:40:14,082 %WORKER SENT%{'task_id': '3_R0', 'duration': 0, 'status': 2, 'worker_id': 3}
2020-12-05 11:40:14,082 %JOB FINISHED WITH ID:%3% and reduce tasks 1
2020-12-05 11:40:14,184 %SENDING WORKER WITH ID 1 and slots 2 the task%{"task_id": "5_M2", "duration": 1, "status": 1}
2020-12-05 11:40:14,241 %WORKER SENT%{'task_id': '2_M0', 'duration': 0, 'status': 2, 'worker_id': 2}
2020-12-05 11:40:14,241 %WORKER SENT%{'task_id': '1_R1', 'duration': 0, 'status': 2, 'worker_id': 2}
2020-12-05 11:40:14,286 %SENDING WORKER WITH ID 1 and slots 1 the task%{"task_id": "5_M3", "duration": 1, "status": 1}
2020-12-05 11:40:14,286 %SENDING WORKER WITH ID 1 and slots 0 the task%{"task_id": "2_R0", "duration": 4, "status": 0}
2020-12-05 11:40:14,287 %SENDING WORKER WITH ID 2 and slots 4 the task%{"task_id": "2_R1", "duration": 1, "status": 0}
2020-12-05 11:40:14,498 %WORKER SENT%{'task_id': '1_R0', 'duration': 0, 'status': 2, 'worker_id': 1}
2020-12-05 11:40:14,498 %JOB FINISHED WITH ID:%1% and reduce tasks 2
2020-12-05 11:40:14,499 %WORKER SENT%{'task_id': '5_M2', 'duration': 0, 'status': 2, 'worker_id': 1}
2020-12-05 11:40:14,500 %WORKER SENT%{'task_id': '5_M3', 'duration': 0, 'status': 2, 'worker_id': 1}
2020-12-05 11:40:15,263 %WORKER SENT%{'task_id': '4_M0', 'duration': 0, 'status': 2, 'worker_id': 2}
2020-12-05 11:40:15,263 %WORKER SENT%{'task_id': '2_R1', 'duration': 0, 'status': 2, 'worker_id': 2}
2020-12-05 11:40:15,310 %SENDING WORKER WITH ID 3 and slots 2 the task%{"task_id": "4_R0", "duration": 4, "status": 0}
2020-12-05 11:40:15,311 %SENDING WORKER WITH ID 3 and slots 1 the task%{"task_id": "4_R1", "duration": 4, "status": 0}
2020-12-05 11:40:15,523 %WORKER SENT%{'task_id': '5_M0', 'duration': 0, 'status': 2, 'worker_id': 1}
2020-12-05 11:40:16,189 %MASTER RECEIVED JOB%{"job_id": "6", "map_tasks": [{"task_id": "6_M0", "duration": 4}, {"task_id": "6_M1", "duration": 3}], "reduce_tasks": [{"task_id": "6_R0", "duration": 4}, {"task_id": "6_R1", "duration": 4}]}
2020-12-05 11:40:16,235 %SENDING WORKER WITH ID 2 and slots 5 the task%{"task_id": "6_M0", "duration": 4, "status": 1}
2020-12-05 11:40:16,281 %WORKER SENT%{'task_id': '5_M1', 'duration': 0, 'status': 2, 'worker_id': 2}
2020-12-05 11:40:16,327 %MASTER RECEIVED JOB%{"job_id": "7", "map_tasks": [{"task_id": "7_M0", "duration": 2}, {"task_id": "7_M1", "duration": 3}, {"task_id": "7_M2", "duration": 1}], "reduce_tasks": [{"task_id": "7_R0", "duration": 3}, {"task_id": "7_R1", "duration": 2}]}
2020-12-05 11:40:16,340 %SENDING WORKER WITH ID 2 and slots 5 the task%{"task_id": "6_M1", "duration": 3, "status": 1}
2020-12-05 11:40:16,341 %SENDING WORKER WITH ID 2 and slots 4 the task%{"task_id": "7_M0", "duration": 2, "status": 1}
2020-12-05 11:40:16,342 %SENDING WORKER WITH ID 3 and slots 0 the task%{"task_id": "5_R0", "duration": 2, "status": 0}
2020-12-05 11:40:16,342 %SENDING WORKER WITH ID 1 and slots 3 the task%{"task_id": "5_R1", "duration": 4, "status": 0}
2020-12-05 11:40:16,343 %SENDING WORKER WITH ID 2 and slots 3 the task%{"task_id": "7_M1", "duration": 3, "status": 1}
2020-12-05 11:40:16,343 %SENDING WORKER WITH ID 2 and slots 2 the task%{"task_id": "7_M2", "duration": 1, "status": 1}
2020-12-05 11:40:16,569 %MASTER RECEIVED JOB%{"job_id": "8", "map_tasks": [{"task_id": "8_M0", "duration": 2}, {"task_id": "8_M1", "duration": 3}, {"task_id": "8_M2", "duration": 3}], "reduce_tasks": [{"task_id": "8_R0", "duration": 1}]}
2020-12-05 11:40:16,626 %MASTER RECEIVED JOB%{"job_id": "9", "map_tasks": [{"task_id": "9_M0", "duration": 4}], "reduce_tasks": [{"task_id": "9_R0", "duration": 1}, {"task_id": "9_R1", "duration": 3}]}
2020-12-05 11:40:16,649 %SENDING WORKER WITH ID 1 and slots 2 the task%{"task_id": "8_M0", "duration": 2, "status": 1}
2020-12-05 11:40:16,649 %SENDING WORKER WITH ID 2 and slots 1 the task%{"task_id": "9_M0", "duration": 4, "status": 1}
2020-12-05 11:40:16,650 %SENDING WORKER WITH ID 1 and slots 1 the task%{"task_id": "8_M1", "duration": 3, "status": 1}
2020-12-05 11:40:16,650 %SENDING WORKER WITH ID 1 and slots 0 the task%{"task_id": "8_M2", "duration": 3, "status": 1}
2020-12-05 11:40:17,217 %MASTER RECEIVED JOB%{"job_id": "10", "map_tasks": [{"task_id": "10_M0", "duration": 2}], "reduce_tasks": [{"task_id": "10_R0", "duration": 1}, {"task_id": "10_R1", "duration": 3}]}
2020-12-05 11:40:17,251 %MASTER RECEIVED JOB%{"job_id": "11", "map_tasks": [{"task_id": "11_M0", "duration": 1}, {"task_id": "11_M1", "duration": 1}, {"task_id": "11_M2", "duration": 1}, {"task_id": "11_M3", "duration": 4}], "reduce_tasks": [{"task_id": "11_R0", "duration": 3}, {"task_id": "11_R1", "duration": 3}]}
2020-12-05 11:40:17,276 %SENDING WORKER WITH ID 2 and slots 0 the task%{"task_id": "10_M0", "duration": 2, "status": 1}
2020-12-05 11:40:17,301 %WORKER SENT%{'task_id': '7_M2', 'duration': 0, 'status': 2, 'worker_id': 2}
2020-12-05 11:40:17,553 %WORKER SENT%{'task_id': '2_R0', 'duration': 0, 'status': 2, 'worker_id': 1}
2020-12-05 11:40:17,553 %JOB FINISHED WITH ID:%2% and reduce tasks 2
2020-12-05 11:40:17,872 %MASTER RECEIVED JOB%{"job_id": "12", "map_tasks": [{"task_id": "12_M0", "duration": 3}, {"task_id": "12_M1", "duration": 1}], "reduce_tasks": [{"task_id": "12_R0", "duration": 1}]}
2020-12-05 11:40:18,147 %WORKER SENT%{'task_id': '5_R0', 'duration': 0, 'status': 2, 'worker_id': 3}
2020-12-05 11:40:18,281 %SENDING WORKER WITH ID 2 and slots 0 the task%{"task_id": "11_M0", "duration": 1, "status": 1}
2020-12-05 11:40:18,282 %SENDING WORKER WITH ID 1 and slots 0 the task%{"task_id": "11_M1", "duration": 1, "status": 1}
2020-12-05 11:40:18,283 %SENDING WORKER WITH ID 3 and slots 0 the task%{"task_id": "11_M2", "duration": 1, "status": 1}
2020-12-05 11:40:18,317 %WORKER SENT%{'task_id': '7_M0', 'duration': 0, 'status': 2, 'worker_id': 2}
2020-12-05 11:40:18,324 %WORKER SENT%{'task_id': '11_M0', 'duration': 0, 'status': 2, 'worker_id': 2}
2020-12-05 11:40:18,582 %WORKER SENT%{'task_id': '8_M0', 'duration': 0, 'status': 2, 'worker_id': 1}
2020-12-05 11:40:18,583 %WORKER SENT%{'task_id': '11_M1', 'duration': 0, 'status': 2, 'worker_id': 1}
2020-12-05 11:40:18,931 %MASTER RECEIVED JOB%{"job_id": "13", "map_tasks": [{"task_id": "13_M0", "duration": 2}], "reduce_tasks": [{"task_id": "13_R0", "duration": 4}]}
2020-12-05 11:40:19,176 %WORKER SENT%{'task_id': '4_R0', 'duration': 0, 'status': 2, 'worker_id': 3}
2020-12-05 11:40:19,176 %WORKER SENT%{'task_id': '4_R1', 'duration': 0, 'status': 2, 'worker_id': 3}
2020-12-05 11:40:19,177 %JOB FINISHED WITH ID:%4% and reduce tasks 2
2020-12-05 11:40:19,196 %WORKER SENT%{'task_id': '11_M2', 'duration': 0, 'status': 2, 'worker_id': 3}
2020-12-05 11:40:19,266 %MASTER RECEIVED JOB%{"job_id": "14", "map_tasks": [{"task_id": "14_M0", "duration": 2}, {"task_id": "14_M1", "duration": 1}, {"task_id": "14_M2", "duration": 3}], "reduce_tasks": [{"task_id": "14_R0", "duration": 3}, {"task_id": "14_R1", "duration": 3}]}
2020-12-05 11:40:19,287 %SENDING WORKER WITH ID 3 and slots 2 the task%{"task_id": "12_M0", "duration": 3, "status": 1}
2020-12-05 11:40:19,287 %SENDING WORKER WITH ID 2 and slots 1 the task%{"task_id": "11_M3", "duration": 4, "status": 1}
2020-12-05 11:40:19,288 %SENDING WORKER WITH ID 2 and slots 0 the task%{"task_id": "12_M1", "duration": 1, "status": 1}
2020-12-05 11:40:19,288 %SENDING WORKER WITH ID 1 and slots 1 the task%{"task_id": "13_M0", "duration": 2, "status": 1}
2020-12-05 11:40:19,289 %SENDING WORKER WITH ID 1 and slots 0 the task%{"task_id": "14_M0", "duration": 2, "status": 1}
2020-12-05 11:40:19,289 %SENDING WORKER WITH ID 3 and slots 1 the task%{"task_id": "14_M1", "duration": 1, "status": 1}
2020-12-05 11:40:19,290 %SENDING WORKER WITH ID 3 and slots 0 the task%{"task_id": "14_M2", "duration": 3, "status": 1}
2020-12-05 11:40:19,342 %WORKER SENT%{'task_id': '6_M0', 'duration': 0, 'status': 2, 'worker_id': 2}
2020-12-05 11:40:19,343 %WORKER SENT%{'task_id': '6_M1', 'duration': 0, 'status': 2, 'worker_id': 2}
2020-12-05 11:40:19,368 %WORKER SENT%{'task_id': '7_M1', 'duration': 0, 'status': 2, 'worker_id': 2}
2020-12-05 11:40:19,369 %WORKER SENT%{'task_id': '10_M0', 'duration': 0, 'status': 2, 'worker_id': 2}
2020-12-05 11:40:19,376 %WORKER SENT%{'task_id': '12_M1', 'duration': 0, 'status': 2, 'worker_id': 2}
2020-12-05 11:40:19,396 %SENDING WORKER WITH ID 2 and slots 4 the task%{"task_id": "6_R0", "duration": 4, "status": 0}
2020-12-05 11:40:19,396 %SENDING WORKER WITH ID 2 and slots 3 the task%{"task_id": "6_R1", "duration": 4, "status": 0}
2020-12-05 11:40:19,397 %SENDING WORKER WITH ID 2 and slots 2 the task%{"task_id": "7_R0", "duration": 3, "status": 0}
2020-12-05 11:40:19,397 %SENDING WORKER WITH ID 2 and slots 1 the task%{"task_id": "7_R1", "duration": 2, "status": 0}
2020-12-05 11:40:19,398 %SENDING WORKER WITH ID 2 and slots 0 the task%{"task_id": "10_R0", "duration": 1, "status": 0}
2020-12-05 11:40:19,598 %WORKER SENT%{'task_id': '5_R1', 'duration': 0, 'status': 2, 'worker_id': 1}
2020-12-05 11:40:19,598 %JOB FINISHED WITH ID:%5% and reduce tasks 2
2020-12-05 11:40:19,610 %WORKER SENT%{'task_id': '8_M1', 'duration': 0, 'status': 2, 'worker_id': 1}
2020-12-05 11:40:19,629 %WORKER SENT%{'task_id': '8_M2', 'duration': 0, 'status': 2, 'worker_id': 1}
2020-12-05 11:40:20,222 %WORKER SENT%{'task_id': '14_M1', 'duration': 0, 'status': 2, 'worker_id': 3}
2020-12-05 11:40:20,384 %WORKER SENT%{'task_id': '9_M0', 'duration': 0, 'status': 2, 'worker_id': 2}
2020-12-05 11:40:20,390 %WORKER SENT%{'task_id': '10_R0', 'duration': 0, 'status': 2, 'worker_id': 2}
2020-12-05 11:40:20,401 %SENDING WORKER WITH ID 3 and slots 0 the task%{"task_id": "10_R1", "duration": 3, "status": 0}
2020-12-05 11:40:20,401 %MASTER RECEIVED JOB%{"job_id": "15", "map_tasks": [{"task_id": "15_M0", "duration": 4}, {"task_id": "15_M1", "duration": 4}], "reduce_tasks": [{"task_id": "15_R0", "duration": 4}, {"task_id": "15_R1", "duration": 1}]}
2020-12-05 11:40:20,401 %SENDING WORKER WITH ID 2 and slots 1 the task%{"task_id": "8_R0", "duration": 1, "status": 0}
2020-12-05 11:40:20,402 %SENDING WORKER WITH ID 2 and slots 0 the task%{"task_id": "9_R0", "duration": 1, "status": 0}
2020-12-05 11:40:20,402 %SENDING WORKER WITH ID 1 and slots 2 the task%{"task_id": "9_R1", "duration": 3, "status": 0}
2020-12-05 11:40:20,403 %SENDING WORKER WITH ID 1 and slots 1 the task%{"task_id": "15_M0", "duration": 4, "status": 1}
2020-12-05 11:40:20,403 %SENDING WORKER WITH ID 1 and slots 0 the task%{"task_id": "15_M1", "duration": 4, "status": 1}
2020-12-05 11:40:20,639 %WORKER SENT%{'task_id': '13_M0', 'duration': 0, 'status': 2, 'worker_id': 1}
2020-12-05 11:40:20,639 %WORKER SENT%{'task_id': '14_M0', 'duration': 0, 'status': 2, 'worker_id': 1}
2020-12-05 11:40:21,306 %MASTER RECEIVED JOB%{"job_id": "16", "map_tasks": [{"task_id": "16_M0", "duration": 2}, {"task_id": "16_M1", "duration": 3}, {"task_id": "16_M2", "duration": 4}], "reduce_tasks": [{"task_id": "16_R0", "duration": 3}, {"task_id": "16_R1", "duration": 3}]}
2020-12-05 11:40:21,341 %MASTER RECEIVED JOB%{"job_id": "17", "map_tasks": [{"task_id": "17_M0", "duration": 4}, {"task_id": "17_M1", "duration": 3}, {"task_id": "17_M2", "duration": 1}], "reduce_tasks": [{"task_id": "17_R0", "duration": 4}]}
2020-12-05 11:40:21,418 %WORKER SENT%{'task_id': '7_R1', 'duration': 0, 'status': 2, 'worker_id': 2}
2020-12-05 11:40:21,455 %WORKER SENT%{'task_id': '8_R0', 'duration': 0, 'status': 2, 'worker_id': 2}
2020-12-05 11:40:21,455 %JOB FINISHED WITH ID:%8% and reduce tasks 1
2020-12-05 11:40:21,462 %WORKER SENT%{'task_id': '9_R0', 'duration': 0, 'status': 2, 'worker_id': 2}
2020-12-05 11:40:21,612 %SENDING WORKER WITH ID 2 and slots 2 the task%{"task_id": "16_M0", "duration": 2, "status": 1}
2020-12-05 11:40:21,613 %SENDING WORKER WITH ID 2 and slots 1 the task%{"task_id": "17_M0", "duration": 4, "status": 1}
2020-12-05 11:40:21,613 %SENDING WORKER WITH ID 1 and slots 1 the task%{"task_id": "13_R0", "duration": 4, "status": 0}
2020-12-05 11:40:21,614 %SENDING WORKER WITH ID 1 and slots 0 the task%{"task_id": "16_M1", "duration": 3, "status": 1}
2020-12-05 11:40:21,614 %SENDING WORKER WITH ID 2 and slots 0 the task%{"task_id": "17_M1", "duration": 3, "status": 1}
2020-12-05 11:40:22,169 %MASTER RECEIVED JOB%{"job_id": "18", "map_tasks": [{"task_id": "18_M0", "duration": 3}, {"task_id": "18_M1", "duration": 4}], "reduce_tasks": [{"task_id": "18_R0", "duration": 3}]}
2020-12-05 11:40:22,251 %WORKER SENT%{'task_id': '12_M0', 'duration': 0, 'status': 2, 'worker_id': 3}
2020-12-05 11:40:22,252 %WORKER SENT%{'task_id': '14_M2', 'duration': 0, 'status': 2, 'worker_id': 3}
2020-12-05 11:40:22,470 %MASTER RECEIVED JOB%{"job_id": "19", "map_tasks": [{"task_id": "19_M0", "duration": 4}, {"task_id": "19_M1", "duration": 1}, {"task_id": "19_M2", "duration": 1}], "reduce_tasks": [{"task_id": "19_R0", "duration": 1}, {"task_id": "19_R1", "duration": 3}]}
2020-12-05 11:40:22,513 %WORKER SENT%{'task_id': '11_M3', 'duration': 0, 'status': 2, 'worker_id': 2}
2020-12-05 11:40:22,526 %WORKER SENT%{'task_id': '7_R0', 'duration': 0, 'status': 2, 'worker_id': 2}
2020-12-05 11:40:22,526 %JOB FINISHED WITH ID:%7% and reduce tasks 2
2020-12-05 11:40:22,617 %SENDING WORKER WITH ID 2 and slots 1 the task%{"task_id": "16_M2", "duration": 4, "status": 1}
2020-12-05 11:40:22,617 %SENDING WORKER WITH ID 3 and slots 1 the task%{"task_id": "17_M2", "duration": 1, "status": 1}
2020-12-05 11:40:22,618 %SENDING WORKER WITH ID 3 and slots 0 the task%{"task_id": "18_M0", "duration": 3, "status": 1}
2020-12-05 11:40:22,618 %SENDING WORKER WITH ID 2 and slots 0 the task%{"task_id": "19_M0", "duration": 4, "status": 1}
2020-12-05 11:40:22,677 %WORKER SENT%{'task_id': '9_R1', 'duration': 0, 'status': 2, 'worker_id': 1}
2020-12-05 11:40:22,677 %JOB FINISHED WITH ID:%9% and reduce tasks 2
2020-12-05 11:40:23,258 %WORKER SENT%{'task_id': '10_R1', 'duration': 0, 'status': 2, 'worker_id': 3}
2020-12-05 11:40:23,258 %JOB FINISHED WITH ID:%10% and reduce tasks 2
2020-12-05 11:40:23,277 %WORKER SENT%{'task_id': '17_M2', 'duration': 0, 'status': 2, 'worker_id': 3}
2020-12-05 11:40:23,543 %WORKER SENT%{'task_id': '6_R0', 'duration': 0, 'status': 2, 'worker_id': 2}
2020-12-05 11:40:23,546 %WORKER SENT%{'task_id': '6_R1', 'duration': 0, 'status': 2, 'worker_id': 2}
2020-12-05 11:40:23,546 %JOB FINISHED WITH ID:%6% and reduce tasks 2
2020-12-05 11:40:23,554 %WORKER SENT%{'task_id': '16_M0', 'duration': 0, 'status': 2, 'worker_id': 2}
2020-12-05 11:40:23,622 %SENDING WORKER WITH ID 1 and slots 0 the task%{"task_id": "11_R0", "duration": 3, "status": 0}
2020-12-05 11:40:23,622 %SENDING WORKER WITH ID 2 and slots 2 the task%{"task_id": "11_R1", "duration": 3, "status": 0}
2020-12-05 11:40:23,623 %SENDING WORKER WITH ID 2 and slots 1 the task%{"task_id": "12_R0", "duration": 1, "status": 0}
2020-12-05 11:40:23,623 %SENDING WORKER WITH ID 2 and slots 0 the task%{"task_id": "14_R0", "duration": 3, "status": 0}
2020-12-05 11:40:23,624 %SENDING WORKER WITH ID 3 and slots 1 the task%{"task_id": "14_R1", "duration": 3, "status": 0}
2020-12-05 11:40:23,624 %SENDING WORKER WITH ID 3 and slots 0 the task%{"task_id": "18_M1", "duration": 4, "status": 1}
2020-12-05 11:40:23,684 %WORKER SENT%{'task_id': '15_M0', 'duration': 0, 'status': 2, 'worker_id': 1}
2020-12-05 11:40:23,691 %WORKER SENT%{'task_id': '15_M1', 'duration': 0, 'status': 2, 'worker_id': 1}
2020-12-05 11:40:23,704 %WORKER SENT%{'task_id': '16_M1', 'duration': 0, 'status': 2, 'worker_id': 1}
2020-12-05 11:40:24,578 %WORKER SENT%{'task_id': '17_M1', 'duration': 0, 'status': 2, 'worker_id': 2}
2020-12-05 11:40:24,585 %WORKER SENT%{'task_id': '12_R0', 'duration': 0, 'status': 2, 'worker_id': 2}
2020-12-05 11:40:24,585 %JOB FINISHED WITH ID:%12% and reduce tasks 1
2020-12-05 11:40:24,629 %SENDING WORKER WITH ID 1 and slots 2 the task%{"task_id": "19_M1", "duration": 1, "status": 1}
2020-12-05 11:40:24,630 %SENDING WORKER WITH ID 1 and slots 1 the task%{"task_id": "19_M2", "duration": 1, "status": 1}
2020-12-05 11:40:24,630 %SENDING WORKER WITH ID 1 and slots 0 the task%{"task_id": "15_R0", "duration": 4, "status": 0}
2020-12-05 11:40:24,631 %SENDING WORKER WITH ID 2 and slots 1 the task%{"task_id": "15_R1", "duration": 1, "status": 0}
2020-12-05 11:40:24,711 %WORKER SENT%{'task_id': '13_R0', 'duration': 0, 'status': 2, 'worker_id': 1}
2020-12-05 11:40:24,712 %JOB FINISHED WITH ID:%13% and reduce tasks 1
2020-12-05 11:40:24,725 %WORKER SENT%{'task_id': '19_M1', 'duration': 0, 'status': 2, 'worker_id': 1}
2020-12-05 11:40:24,731 %WORKER SENT%{'task_id': '19_M2', 'duration': 0, 'status': 2, 'worker_id': 1}
2020-12-05 11:40:25,306 %WORKER SENT%{'task_id': '18_M0', 'duration': 0, 'status': 2, 'worker_id': 3}
2020-12-05 11:40:25,601 %WORKER SENT%{'task_id': '17_M0', 'duration': 0, 'status': 2, 'worker_id': 2}
2020-12-05 11:40:25,607 %WORKER SENT%{'task_id': '15_R1', 'duration': 0, 'status': 2, 'worker_id': 2}
2020-12-05 11:40:25,658 %SENDING WORKER WITH ID 2 and slots 2 the task%{"task_id": "17_R0", "duration": 4, "status": 0}
2020-12-05 11:40:25,749 %WORKER SENT%{'task_id': '11_R0', 'duration': 0, 'status': 2, 'worker_id': 1}
2020-12-05 11:40:26,320 %WORKER SENT%{'task_id': '14_R1', 'duration': 0, 'status': 2, 'worker_id': 3}
2020-12-05 11:40:26,623 %WORKER SENT%{'task_id': '16_M2', 'duration': 0, 'status': 2, 'worker_id': 2}
2020-12-05 11:40:26,624 %WORKER SENT%{'task_id': '19_M0', 'duration': 0, 'status': 2, 'worker_id': 2}
2020-12-05 11:40:26,626 %WORKER SENT%{'task_id': '11_R1', 'duration': 0, 'status': 2, 'worker_id': 2}
2020-12-05 11:40:26,626 %JOB FINISHED WITH ID:%11% and reduce tasks 2
2020-12-05 11:40:26,627 %WORKER SENT%{'task_id': '14_R0', 'duration': 0, 'status': 2, 'worker_id': 2}
2020-12-05 11:40:26,627 %JOB FINISHED WITH ID:%14% and reduce tasks 2
2020-12-05 11:40:26,692 %SENDING WORKER WITH ID 3 and slots 1 the task%{"task_id": "16_R0", "duration": 3, "status": 0}
2020-12-05 11:40:26,692 %SENDING WORKER WITH ID 2 and slots 5 the task%{"task_id": "16_R1", "duration": 3, "status": 0}
2020-12-05 11:40:26,693 %SENDING WORKER WITH ID 3 and slots 0 the task%{"task_id": "19_R0", "duration": 1, "status": 0}
2020-12-05 11:40:26,693 %SENDING WORKER WITH ID 1 and slots 3 the task%{"task_id": "19_R1", "duration": 3, "status": 0}
2020-12-05 11:40:27,332 %WORKER SENT%{'task_id': '18_M1', 'duration': 0, 'status': 2, 'worker_id': 3}
2020-12-05 11:40:27,338 %WORKER SENT%{'task_id': '19_R0', 'duration': 0, 'status': 2, 'worker_id': 3}
2020-12-05 11:40:27,425 %SENDING WORKER WITH ID 3 and slots 1 the task%{"task_id": "18_R0", "duration": 3, "status": 0}
2020-12-05 11:40:27,784 %WORKER SENT%{'task_id': '15_R0', 'duration': 0, 'status': 2, 'worker_id': 1}
2020-12-05 11:40:27,785 %JOB FINISHED WITH ID:%15% and reduce tasks 2
2020-12-05 11:40:28,807 %WORKER SENT%{'task_id': '19_R1', 'duration': 0, 'status': 2, 'worker_id': 1}
2020-12-05 11:40:28,807 %JOB FINISHED WITH ID:%19% and reduce tasks 2
2020-12-05 11:40:29,371 %WORKER SENT%{'task_id': '16_R0', 'duration': 0, 'status': 2, 'worker_id': 3}
2020-12-05 11:40:29,661 %WORKER SENT%{'task_id': '17_R0', 'duration': 0, 'status': 2, 'worker_id': 2}
2020-12-05 11:40:29,662 %JOB FINISHED WITH ID:%17% and reduce tasks 1
2020-12-05 11:40:29,691 %WORKER SENT%{'task_id': '16_R1', 'duration': 0, 'status': 2, 'worker_id': 2}
2020-12-05 11:40:29,691 %JOB FINISHED WITH ID:%16% and reduce tasks 2
2020-12-05 11:40:30,410 %WORKER SENT%{'task_id': '18_R0', 'duration': 0, 'status': 2, 'worker_id': 3}
2020-12-05 11:40:30,410 %JOB FINISHED WITH ID:%18% and reduce tasks 1
